info: ::1 - - [16/Jun/2023:00:50:47 +0000] "GET /api/v1/users/?emailId=pawanbiker21@gmail.com HTTP/1.1" 200 879 "-" "PostmanRuntime/7.32.2"

info: ::1 - - [16/Jun/2023:00:51:02 +0000] "GET /api/v1/users/pawanbiker21@gmail.com HTTP/1.1" 500 144 "-" "PostmanRuntime/7.32.2"

info: ::1 - - [16/Jun/2023:00:51:44 +0000] "GET /api/v1/users/_emailId=pawanbiker21@gmail.com HTTP/1.1" 500 153 "-" "PostmanRuntime/7.32.2"

info: ::1 - - [16/Jun/2023:00:52:40 +0000] "GET /api/v1/users/?emailId=pawanbiker21@gmail.com HTTP/1.1" 200 879 "-" "PostmanRuntime/7.32.2"

info: ::1 - - [16/Jun/2023:01:02:58 +0000] "GET /api/v1/users/search/?emailId=pawanbiker21@gmail.com HTTP/1.1" 500 128 "-" "PostmanRuntime/7.32.2"

info: ::1 - - [16/Jun/2023:01:04:54 +0000] "GET /api/v1/users/search/?emailId=pawanbiker21@gmail.com HTTP/1.1" 500 128 "-" "PostmanRuntime/7.32.2"

info: ::1 - - [16/Jun/2023:01:05:03 +0000] "GET /api/v1/users/search/pawanbiker21@gmail.com HTTP/1.1" 404 47 "-" "PostmanRuntime/7.32.2"

info: ::1 - - [16/Jun/2023:01:05:05 +0000] "GET /api/v1/users/search/pawanbiker21@gmail.com HTTP/1.1" 404 47 "-" "PostmanRuntime/7.32.2"

info: ::1 - - [16/Jun/2023:01:11:16 +0000] "GET /api/v1/users/search/pawanbiker21@gmail.com HTTP/1.1" 404 47 "-" "PostmanRuntime/7.32.2"

info: ::1 - - [16/Jun/2023:01:12:07 +0000] "GET /api/v1/users/search/?emailId=pawanbiker21@gmail.com HTTP/1.1" 500 128 "-" "PostmanRuntime/7.32.2"

info: ::1 - - [16/Jun/2023:01:19:17 +0000] "GET /api/v1/users/search/?emailId=pawanbiker21@gmail.com HTTP/1.1" 500 128 "-" "PostmanRuntime/7.32.2"

info: ::1 - - [16/Jun/2023:01:19:27 +0000] "GET /api/v1/users/search/pawanbiker21@gmail.com HTTP/1.1" 404 47 "-" "PostmanRuntime/7.32.2"

info: ::1 - - [16/Jun/2023:01:19:39 +0000] "GET /api/v1/users/pawanbiker21@gmail.com HTTP/1.1" 500 144 "-" "PostmanRuntime/7.32.2"

info: ::1 - - [16/Jun/2023:01:19:58 +0000] "GET /api/v1/users/pawanbiker21@gmail.com HTTP/1.1" 500 144 "-" "PostmanRuntime/7.32.2"

info: ::1 - - [16/Jun/2023:03:01:16 +0000] "GET /api/v1/users/?emailId=mongodb://127.0.0.1:27017/myapp HTTP/1.1" 200 879 "-" "PostmanRuntime/7.32.2"

info: ::1 - - [16/Jun/2023:03:01:48 +0000] "GET /api/v1/users/?emailId=pawanbiker21@gmail.com HTTP/1.1" 200 879 "-" "PostmanRuntime/7.32.2"

info: ::1 - - [16/Jun/2023:03:31:36 +0000] "GET /api/v1/users/?emailId= HTTP/1.1" 404 47 "-" "PostmanRuntime/7.32.2"

info: ::1 - - [16/Jun/2023:03:31:41 +0000] "POST /api/v1/users/?emailId= HTTP/1.1" 201 237 "-" "PostmanRuntime/7.32.2"

info: ::1 - - [16/Jun/2023:03:32:37 +0000] "POST /api/v1/users/login HTTP/1.1" 400 63 "-" "PostmanRuntime/7.32.2"

info: ::1 - - [16/Jun/2023:03:34:43 +0000] "POST /api/v1/users/login HTTP/1.1" 202 279 "-" "PostmanRuntime/7.32.2"

info: ::1 - - [16/Jun/2023:03:36:50 +0000] "POST /api/v1/users/login HTTP/1.1" 202 279 "-" "PostmanRuntime/7.32.2"

info: ::1 - - [16/Jun/2023:03:44:12 +0000] "POST /api/v1/users/login HTTP/1.1" 202 279 "-" "PostmanRuntime/7.32.2"

info: ::1 - - [16/Jun/2023:07:57:09 +0000] "POST /api/v1/users/login HTTP/1.1" 400 49 "-" "PostmanRuntime/7.32.2"

info: ::1 - - [16/Jun/2023:11:01:13 +0000] "POST /api/v1/users/login HTTP/1.1" 400 49 "-" "PostmanRuntime/7.32.2"

info: ::1 - - [16/Jun/2023:11:27:08 +0000] "POST /api/v1/users/logname HTTP/1.1" 202 284 "-" "PostmanRuntime/7.32.2"

info: ::1 - - [16/Jun/2023:11:27:23 +0000] "POST /api/v1/users/logname HTTP/1.1" 400 49 "-" "PostmanRuntime/7.32.2"

info: ::1 - - [16/Jun/2023:11:27:40 +0000] "POST /api/v1/users/logname HTTP/1.1" 400 51 "-" "PostmanRuntime/7.32.2"

info: ::1 - - [16/Jun/2023:11:27:54 +0000] "POST /api/v1/users/logname HTTP/1.1" 400 49 "-" "PostmanRuntime/7.32.2"

info: ::1 - - [16/Jun/2023:11:28:03 +0000] "POST /api/v1/users/logname HTTP/1.1" 202 284 "-" "PostmanRuntime/7.32.2"

