info: ::1 - - [26/Jun/2023:03:08:02 +0000] "POST /api/v1/users/ HTTP/1.1" 201 328 "-" "PostmanRuntime/7.32.3"

info: ::1 - - [26/Jun/2023:03:08:20 +0000] "POST /api/v1/users/login HTTP/1.1" 202 279 "-" "PostmanRuntime/7.32.3"

info: ::1 - - [26/Jun/2023:03:10:00 +0000] "POST /api/v1/notes HTTP/1.1" 201 294 "-" "PostmanRuntime/7.32.3"

info: ::1 - - [26/Jun/2023:03:10:45 +0000] "POST /api/v1/notes HTTP/1.1" 201 292 "-" "PostmanRuntime/7.32.3"

info: ::1 - - [26/Jun/2023:03:10:52 +0000] "POST /api/v1/notes HTTP/1.1" 201 292 "-" "PostmanRuntime/7.32.3"

info: ::1 - - [26/Jun/2023:03:12:46 +0000] "GET /api/v1/notes HTTP/1.1" 200 771 "-" "PostmanRuntime/7.32.3"

info: ::1 - - [26/Jun/2023:03:14:41 +0000] "PUT /api/v1/notes/archive/649901b5a6196f2dea333635 HTTP/1.1" 400 60 "-" "PostmanRuntime/7.32.3"

info: ::1 - - [26/Jun/2023:03:15:39 +0000] "PUT /api/v1/notes/archive/649901b5a6196f2dea333635 HTTP/1.1" 400 60 "-" "PostmanRuntime/7.32.3"

info: ::1 - - [26/Jun/2023:03:16:23 +0000] "PUT /api/v1/notes/archive/649901b5a6196f2dea333635 HTTP/1.1" 400 93 "-" "PostmanRuntime/7.32.3"

info: ::1 - - [26/Jun/2023:03:18:27 +0000] "PUT /api/v1/notes/archive/649901b5a6196f2dea333635 HTTP/1.1" 400 93 "-" "PostmanRuntime/7.32.3"

info: ::1 - - [26/Jun/2023:03:18:32 +0000] "PUT /api/v1/notes/archive/649901b5a6196f2dea333635 HTTP/1.1" 400 93 "-" "PostmanRuntime/7.32.3"

info: ::1 - - [26/Jun/2023:03:25:52 +0000] "PUT /api/v1/notes/archive/649901b5a6196f2dea333635 HTTP/1.1" 400 93 "-" "PostmanRuntime/7.32.3"

info: ::1 - - [26/Jun/2023:03:28:42 +0000] "PUT /api/v1/notes/archive/649901b5a6196f2dea333635 HTTP/1.1" 400 93 "-" "PostmanRuntime/7.32.3"

info: ::1 - - [26/Jun/2023:03:30:42 +0000] "PUT /api/v1/notes/archive/649901b5a6196f2dea333635 HTTP/1.1" 400 93 "-" "PostmanRuntime/7.32.3"

info: ::1 - - [26/Jun/2023:03:33:06 +0000] "PUT /api/v1/notes/archive/649901b5a6196f2dea333635 HTTP/1.1" 400 93 "-" "PostmanRuntime/7.32.3"

info: ::1 - - [26/Jun/2023:03:33:25 +0000] "PUT /api/v1/notes/archive/649901b5a6196f2dea333635 HTTP/1.1" 400 93 "-" "PostmanRuntime/7.32.3"

info: ::1 - - [26/Jun/2023:03:38:14 +0000] "PUT /api/v1/notes/archive/649901b5a6196f2dea333635 HTTP/1.1" 400 93 "-" "PostmanRuntime/7.32.3"

info: ::1 - - [26/Jun/2023:09:12:38 +0000] "POST /api/v1/users/ HTTP/1.1" 201 332 "-" "PostmanRuntime/7.32.3"

info: ::1 - - [26/Jun/2023:09:13:00 +0000] "POST /api/v1/users/login HTTP/1.1" 202 286 "-" "PostmanRuntime/7.32.3"

info: ::1 - - [26/Jun/2023:09:15:05 +0000] "POST /api/v1/users/forgetpass HTTP/1.1" 200 588 "-" "PostmanRuntime/7.32.3"

info: ::1 - - [26/Jun/2023:09:26:21 +0000] "POST /api/v1/users/forgetpass HTTP/1.1" 200 588 "-" "PostmanRuntime/7.32.3"

info: ::1 - - [26/Jun/2023:09:34:33 +0000] "POST /api/v1/users/forgetpass HTTP/1.1" 200 583 "-" "PostmanRuntime/7.32.3"

info: ::1 - - [26/Jun/2023:09:37:42 +0000] "POST /api/v1/users/forgetpass HTTP/1.1" 200 585 "-" "PostmanRuntime/7.32.3"

info: ::1 - - [26/Jun/2023:09:38:39 +0000] "POST /api/v1/users/forgetpass HTTP/1.1" 200 587 "-" "PostmanRuntime/7.32.3"

info: ::1 - - [26/Jun/2023:09:44:46 +0000] "POST /api/v1/users/forgetpass HTTP/1.1" 200 588 "-" "PostmanRuntime/7.32.3"

info: ::1 - - [26/Jun/2023:09:58:14 +0000] "POST /api/v1/users/forgetpass HTTP/1.1" 200 295 "-" "PostmanRuntime/7.32.3"

info: ::1 - - [26/Jun/2023:10:00:29 +0000] "POST /api/v1/users/forgetpass HTTP/1.1" 200 295 "-" "PostmanRuntime/7.32.3"

info: ::1 - - [26/Jun/2023:14:23:13 +0000] "POST /api/v1/users/ HTTP/1.1" 201 333 "-" "PostmanRuntime/7.32.3"

info: ::1 - - [26/Jun/2023:15:05:04 +0000] "POST /api/v1/users/login HTTP/1.1" 202 289 "-" "PostmanRuntime/7.32.3"

info: ::1 - - [26/Jun/2023:15:05:27 +0000] "POST /api/v1/users/forgetpass HTTP/1.1" 200 298 "-" "PostmanRuntime/7.32.3"

