info: ::1 - - [22/Jun/2023:02:21:50 +0000] "POST /api/v1/users/login HTTP/1.1" 500 48 "-" "PostmanRuntime/7.32.3"

info: ::1 - - [22/Jun/2023:02:23:00 +0000] "POST /api/v1/users/l HTTP/1.1" 404 47 "-" "PostmanRuntime/7.32.3"

info: ::1 - - [22/Jun/2023:02:23:09 +0000] "POST /api/v1/users/ HTTP/1.1" 201 324 "-" "PostmanRuntime/7.32.3"

info: ::1 - - [22/Jun/2023:02:23:50 +0000] "POST /api/v1/users/login HTTP/1.1" 400 56 "-" "PostmanRuntime/7.32.3"

info: ::1 - - [22/Jun/2023:02:24:55 +0000] "POST /api/v1/users/login HTTP/1.1" 202 277 "-" "PostmanRuntime/7.32.3"

info: ::1 - - [22/Jun/2023:02:34:05 +0000] "POST /api/v1/notes/ HTTP/1.1" 404 47 "-" "PostmanRuntime/7.32.3"

info: ::1 - - [22/Jun/2023:02:35:17 +0000] "POST /api/v1/notes/createnote HTTP/1.1" 404 47 "-" "PostmanRuntime/7.32.3"

info: ::1 - - [22/Jun/2023:02:48:05 +0000] "POST /api/v1/notes/createnote HTTP/1.1" 201 288 "-" "PostmanRuntime/7.32.3"

info: ::1 - - [22/Jun/2023:03:05:58 +0000] "POST /api/v1/users HTTP/1.1" 201 328 "-" "PostmanRuntime/7.32.3"

info: ::1 - - [22/Jun/2023:03:06:30 +0000] "POST /api/v1/users/login HTTP/1.1" 202 279 "-" "PostmanRuntime/7.32.3"

info: ::1 - - [22/Jun/2023:03:07:29 +0000] "POST /api/v1/users/login HTTP/1.1" 400 48 "-" "PostmanRuntime/7.32.3"

info: ::1 - - [22/Jun/2023:03:07:48 +0000] "POST /api/v1/notes/ HTTP/1.1" 201 288 "-" "PostmanRuntime/7.32.3"

info: ::1 - - [22/Jun/2023:03:08:26 +0000] "POST /api/v1/notes/ HTTP/1.1" 201 286 "-" "PostmanRuntime/7.32.3"

info: ::1 - - [22/Jun/2023:03:26:34 +0000] "GET /api/v1/notes/getallnotes HTTP/1.1" 200 524 "-" "PostmanRuntime/7.32.3"

info: ::1 - - [22/Jun/2023:03:57:12 +0000] "PUT /api/v1/notes/update/?_id=6493bb049188511927cf48e7 HTTP/1.1" 500 140 "-" "PostmanRuntime/7.32.3"

info: ::1 - - [22/Jun/2023:03:57:31 +0000] "PUT /api/v1/notes/update/?id=6493bb049188511927cf48e7 HTTP/1.1" 500 140 "-" "PostmanRuntime/7.32.3"

info: ::1 - - [22/Jun/2023:03:58:16 +0000] "PUT /api/v1/notes/update/6493bb049188511927cf48e7 HTTP/1.1" 404 47 "-" "PostmanRuntime/7.32.3"

info: ::1 - - [22/Jun/2023:03:59:46 +0000] "PUT /api/v1/notes/update/?id=6493bb049188511927cf48e7 HTTP/1.1" 500 140 "-" "PostmanRuntime/7.32.3"

info: ::1 - - [22/Jun/2023:04:00:02 +0000] "PUT /api/v1/notes/update/?_id=6493bb049188511927cf48e7 HTTP/1.1" 500 140 "-" "PostmanRuntime/7.32.3"

info: ::1 - - [22/Jun/2023:04:20:37 +0000] "PUT /api/v1/notes/update/6493bb049188511927cf48e7 HTTP/1.1" 404 47 "-" "PostmanRuntime/7.32.3"

info: ::1 - - [22/Jun/2023:04:21:59 +0000] "PUT /api/v1/notes/6493bb049188511927cf48e7 HTTP/1.1" 202 288 "-" "PostmanRuntime/7.32.3"

info: ::1 - - [22/Jun/2023:06:49:16 +0000] "POST /api/v1/users/login HTTP/1.1" 400 48 "-" "PostmanRuntime/7.32.3"

info: ::1 - - [22/Jun/2023:06:49:29 +0000] "POST /api/v1/users/ HTTP/1.1" 201 329 "-" "PostmanRuntime/7.32.3"

info: ::1 - - [22/Jun/2023:06:49:54 +0000] "POST /api/v1/users/login HTTP/1.1" 202 283 "-" "PostmanRuntime/7.32.3"

info: ::1 - - [22/Jun/2023:06:50:56 +0000] "POST /api/v1/users/login HTTP/1.1" 400 48 "-" "PostmanRuntime/7.32.3"

info: ::1 - - [22/Jun/2023:06:51:11 +0000] "POST /api/v1/notes HTTP/1.1" 201 255 "-" "PostmanRuntime/7.32.3"

info: ::1 - - [22/Jun/2023:06:51:46 +0000] "POST /api/v1/notes HTTP/1.1" 201 251 "-" "PostmanRuntime/7.32.3"

info: ::1 - - [22/Jun/2023:06:52:05 +0000] "POST /api/v1/notes HTTP/1.1" 201 249 "-" "PostmanRuntime/7.32.3"

info: ::1 - - [22/Jun/2023:06:52:33 +0000] "POST /api/v1/notes HTTP/1.1" 201 251 "-" "PostmanRuntime/7.32.3"

info: ::1 - - [22/Jun/2023:06:53:42 +0000] "PUT /api/v1/notes/6493efb1b963ce26638978b1 HTTP/1.1" 202 251 "-" "PostmanRuntime/7.32.3"

info: ::1 - - [22/Jun/2023:07:00:57 +0000] "GET /api/v1/notes/6493efb1b963ce26638978b1 HTTP/1.1" 200 251 "-" "PostmanRuntime/7.32.3"

info: ::1 - - [22/Jun/2023:07:01:08 +0000] "GET /api/v1/notes/6493efb1b963ce26638978b HTTP/1.1" 400 146 "-" "PostmanRuntime/7.32.3"

info: ::1 - - [22/Jun/2023:07:01:23 +0000] "GET /api/v1/notes/6493efb1b963ce26638978b1 HTTP/1.1" 200 251 "-" "PostmanRuntime/7.32.3"

info: ::1 - - [22/Jun/2023:07:07:11 +0000] "DELETE /api/v1/notes/6493efb1b963ce26638978b1 HTTP/1.1" 200 60 "-" "PostmanRuntime/7.32.3"

info: ::1 - - [22/Jun/2023:08:04:15 +0000] "POST /api/v1/users/ HTTP/1.1" 201 335 "-" "PostmanRuntime/7.32.3"

info: ::1 - - [22/Jun/2023:08:04:31 +0000] "POST /api/v1/users/login HTTP/1.1" 202 285 "-" "PostmanRuntime/7.32.3"

info: ::1 - - [22/Jun/2023:08:06:07 +0000] "GET /api/v1/notes/ HTTP/1.1" 200 648 "-" "PostmanRuntime/7.32.3"

info: ::1 - - [22/Jun/2023:08:10:21 +0000] "PUT /api/v1/notes/archive/6493ef95b963ce26638978af HTTP/1.1" 404 47 "-" "PostmanRuntime/7.32.3"

info: ::1 - - [22/Jun/2023:08:10:44 +0000] "PUT /api/v1/notes/archive/6493ef95b963ce26638978af HTTP/1.1" 404 47 "-" "PostmanRuntime/7.32.3"

info: ::1 - - [22/Jun/2023:08:11:01 +0000] "PUT /api/v1/notes/archive/6493ef95b963ce26638978af HTTP/1.1" 400 110 "-" "PostmanRuntime/7.32.3"

info: ::1 - - [22/Jun/2023:08:12:45 +0000] "PUT /api/v1/notes/archive/6493ef95b963ce26638978af HTTP/1.1" 400 111 "-" "PostmanRuntime/7.32.3"

