info: ::1 - - [23/Jun/2023:01:45:06 +0000] "POST /api/v1/users/ HTTP/1.1" 201 330 "-" "PostmanRuntime/7.32.3"

info: ::1 - - [23/Jun/2023:01:45:22 +0000] "POST /api/v1/users/login HTTP/1.1" 202 281 "-" "PostmanRuntime/7.32.3"

info: ::1 - - [23/Jun/2023:01:47:51 +0000] "POST /api/v1/notes HTTP/1.1" 201 258 "-" "PostmanRuntime/7.32.3"

info: ::1 - - [23/Jun/2023:01:49:06 +0000] "POST /api/v1/notes/archive/6494f9c7b7e44a1b9c8f459d HTTP/1.1" 404 47 "-" "PostmanRuntime/7.32.3"

info: ::1 - - [23/Jun/2023:01:49:15 +0000] "PUT /api/v1/notes/archive/6494f9c7b7e44a1b9c8f459d HTTP/1.1" 200 258 "-" "PostmanRuntime/7.32.3"

info: ::1 - - [23/Jun/2023:01:49:20 +0000] "PUT /api/v1/notes/archive/6494f9c7b7e44a1b9c8f459d HTTP/1.1" 200 259 "-" "PostmanRuntime/7.32.3"

info: ::1 - - [23/Jun/2023:01:49:21 +0000] "PUT /api/v1/notes/archive/6494f9c7b7e44a1b9c8f459d HTTP/1.1" 200 258 "-" "PostmanRuntime/7.32.3"

info: ::1 - - [23/Jun/2023:01:53:17 +0000] "PUT /api/v1/notes/trash/6494f9c7b7e44a1b9c8f459d HTTP/1.1" 200 257 "-" "PostmanRuntime/7.32.3"

info: ::1 - - [23/Jun/2023:01:53:19 +0000] "PUT /api/v1/notes/trash/6494f9c7b7e44a1b9c8f459d HTTP/1.1" 200 257 "-" "PostmanRuntime/7.32.3"

info: ::1 - - [23/Jun/2023:01:53:59 +0000] "PUT /api/v1/notes/trash/6494f9c7b7e44a1b9c8f459d HTTP/1.1" 200 256 "-" "PostmanRuntime/7.32.3"

info: ::1 - - [23/Jun/2023:02:04:33 +0000] "PUT /api/v1/notes/trash/6494f9c7b7e44a1b9c8f459d HTTP/1.1" 200 257 "-" "PostmanRuntime/7.32.3"

info: ::1 - - [23/Jun/2023:02:04:35 +0000] "PUT /api/v1/notes/trash/6494f9c7b7e44a1b9c8f459d HTTP/1.1" 200 256 "-" "PostmanRuntime/7.32.3"

info: ::1 - - [23/Jun/2023:03:18:01 +0000] "PUT /api/v1/notes/trash/6494f9c7b7e44a1b9c8f459d HTTP/1.1" 200 257 "-" "PostmanRuntime/7.32.3"

info: ::1 - - [23/Jun/2023:03:18:03 +0000] "PUT /api/v1/notes/trash/6494f9c7b7e44a1b9c8f459d HTTP/1.1" 200 256 "-" "PostmanRuntime/7.32.3"

info: ::1 - - [23/Jun/2023:04:05:41 +0000] "GET /api/v1/notes/ HTTP/1.1" 200 1045 "-" "PostmanRuntime/7.32.3"

info: ::1 - - [23/Jun/2023:04:12:58 +0000] "POST /api/v1/notes/ HTTP/1.1" 201 294 "-" "PostmanRuntime/7.32.3"

info: ::1 - - [23/Jun/2023:04:16:50 +0000] "GET /api/v1/notes/ HTTP/1.1" 200 301 "-" "PostmanRuntime/7.32.3"

info: ::1 - - [23/Jun/2023:11:00:14 +0000] "POST /api/v1/users/login HTTP/1.1" 400 48 "-" "PostmanRuntime/7.32.3"

info: ::1 - - [23/Jun/2023:11:00:35 +0000] "POST /api/v1/users/ HTTP/1.1" 201 328 "-" "PostmanRuntime/7.32.3"

info: ::1 - - [23/Jun/2023:11:00:47 +0000] "POST /api/v1/users/login HTTP/1.1" 202 281 "-" "PostmanRuntime/7.32.3"

info: ::1 - - [23/Jun/2023:11:02:20 +0000] "POST /api/v1/notes/ HTTP/1.1" 201 301 "-" "PostmanRuntime/7.32.3"

info: ::1 - - [23/Jun/2023:11:02:56 +0000] "POST /api/v1/notes/ HTTP/1.1" 201 300 "-" "PostmanRuntime/7.32.3"

info: ::1 - - [23/Jun/2023:11:03:20 +0000] "POST /api/v1/notes/ HTTP/1.1" 201 301 "-" "PostmanRuntime/7.32.3"

info: ::1 - - [23/Jun/2023:11:04:24 +0000] "GET /api/v1/notes/64957b52acba591e626a805f HTTP/1.1" 200 62 "-" "PostmanRuntime/7.32.3"

info: ::1 - - [23/Jun/2023:11:08:36 +0000] "GET /api/v1/notes/ HTTP/1.1" 200 795 "-" "PostmanRuntime/7.32.3"

info: ::1 - - [23/Jun/2023:11:17:17 +0000] "GET /api/v1/notes/64957be0acba591e626a8064 HTTP/1.1" 400 93 "-" "PostmanRuntime/7.32.3"

info: ::1 - - [23/Jun/2023:11:18:15 +0000] "GET /api/v1/notes/64957be0acba591e626a8064 HTTP/1.1" 200 300 "-" "PostmanRuntime/7.32.3"

info: ::1 - - [23/Jun/2023:11:44:49 +0000] "PUT /api/v1/notes/64957be0acba591e626a8064 HTTP/1.1" 202 296 "-" "PostmanRuntime/7.32.3"

