info: ::1 - - [28/Jun/2023:03:47:03 +0000] "POST /api/v1/users/ HTTP/1.1" 201 326 "-" "PostmanRuntime/7.32.3"

info: ::1 - - [28/Jun/2023:03:47:10 +0000] "POST /api/v1/users/ HTTP/1.1" 500 60 "-" "PostmanRuntime/7.32.3"

info: ::1 - - [28/Jun/2023:03:47:37 +0000] "POST /api/v1/users/login HTTP/1.1" 202 278 "-" "PostmanRuntime/7.32.3"

info: ::1 - - [28/Jun/2023:03:48:37 +0000] "POST /api/v1/notes HTTP/1.1" 201 288 "-" "PostmanRuntime/7.32.3"

info: ::1 - - [28/Jun/2023:03:49:21 +0000] "POST /api/v1/notes HTTP/1.1" 201 289 "-" "PostmanRuntime/7.32.3"

info: ::1 - - [28/Jun/2023:03:58:07 +0000] "POST /api/v1/notes/ HTTP/1.1" 201 294 "-" "PostmanRuntime/7.32.3"

info: ::1 - - [28/Jun/2023:03:58:54 +0000] "POST /api/v1/notes/ HTTP/1.1" 201 295 "-" "PostmanRuntime/7.32.3"

info: ::1 - - [28/Jun/2023:03:59:04 +0000] "POST /api/v1/notes/ HTTP/1.1" 201 294 "-" "PostmanRuntime/7.32.3"

info: ::1 - - [28/Jun/2023:03:59:34 +0000] "GET /api/v1/notes/ HTTP/1.1" 200 776 "-" "PostmanRuntime/7.32.3"

info: ::1 - - [28/Jun/2023:04:00:11 +0000] "GET /api/v1/notes/649bafcf39150718df28fa14 HTTP/1.1" 200 294 "-" "PostmanRuntime/7.32.3"

info: ::1 - - [28/Jun/2023:04:00:59 +0000] "PUT /api/v1/notes/649bafcf39150718df28fa14 HTTP/1.1" 202 304 "-" "PostmanRuntime/7.32.3"

info: ::1 - - [28/Jun/2023:04:01:26 +0000] "DELETE /api/v1/notes/649bafcf39150718df28fa14 HTTP/1.1" 400 93 "-" "PostmanRuntime/7.32.3"

info: ::1 - - [28/Jun/2023:04:02:42 +0000] "DELETE /api/v1/notes/649bafcf39150718df28fa14 HTTP/1.1" 400 93 "-" "PostmanRuntime/7.32.3"

info: ::1 - - [28/Jun/2023:04:04:52 +0000] "DELETE /api/v1/notes/649bafcf39150718df28fa14 HTTP/1.1" 400 93 "-" "PostmanRuntime/7.32.3"

info: ::1 - - [28/Jun/2023:04:05:45 +0000] "DELETE /api/v1/notes/649bafcf39150718df28fa14 HTTP/1.1" 400 60 "-" "PostmanRuntime/7.32.3"

info: ::1 - - [28/Jun/2023:04:06:34 +0000] "DELETE /api/v1/notes/649bafcf39150718df28fa14 HTTP/1.1" 200 60 "-" "PostmanRuntime/7.32.3"

info: ::1 - - [28/Jun/2023:04:07:55 +0000] "PUT /api/v1/notes/archive/649baffe39150718df28fa16 HTTP/1.1" 400 93 "-" "PostmanRuntime/7.32.3"

info: ::1 - - [28/Jun/2023:04:08:44 +0000] "PUT /api/v1/notes/archive/649baffe39150718df28fa16 HTTP/1.1" 200 295 "-" "PostmanRuntime/7.32.3"

info: ::1 - - [28/Jun/2023:04:08:45 +0000] "PUT /api/v1/notes/archive/649baffe39150718df28fa16 HTTP/1.1" 200 296 "-" "PostmanRuntime/7.32.3"

info: ::1 - - [28/Jun/2023:04:08:49 +0000] "PUT /api/v1/notes/archive/649baffe39150718df28fa16 HTTP/1.1" 200 295 "-" "PostmanRuntime/7.32.3"

info: ::1 - - [28/Jun/2023:04:09:00 +0000] "PUT /api/v1/notes/trash/649baffe39150718df28fa16 HTTP/1.1" 200 293 "-" "PostmanRuntime/7.32.3"

