info: ::1 - - [27/Jun/2023:01:53:01 +0000] "POST /api/v1/users/ HTTP/1.1" 201 332 "-" "PostmanRuntime/7.32.3"

info: ::1 - - [27/Jun/2023:01:53:25 +0000] "POST /api/v1/users/forgetpass HTTP/1.1" 200 295 "-" "PostmanRuntime/7.32.3"

info: ::1 - - [27/Jun/2023:01:54:59 +0000] "POST /api/v1/users/forgetpass HTTP/1.1" 200 295 "-" "PostmanRuntime/7.32.3"

info: ::1 - - [27/Jun/2023:01:56:02 +0000] "POST /api/v1/users/forgetpass HTTP/1.1" 200 70 "-" "PostmanRuntime/7.32.3"

info: ::1 - - [27/Jun/2023:01:56:34 +0000] "POST /api/v1/users/forgetpass HTTP/1.1" 200 70 "-" "PostmanRuntime/7.32.3"

info: ::1 - - [27/Jun/2023:01:58:43 +0000] "POST /api/v1/users/forgetpass HTTP/1.1" 200 586 "-" "PostmanRuntime/7.32.3"

info: ::1 - - [27/Jun/2023:01:59:01 +0000] "GET /eyJhbGciOiJIUzI1NiIsInR5cCI6IkpXVCJ9.eyJlbWFpbElkIjoiYWtoaWxtYW5kYWxmYW1pbHlAZ21haWwuY29tIiwiX2lkIjoiNjQ5YTQwZmRkZjJhYmExNGY3YjU1ODExIiwiaWF0IjoxNjg3ODMxMTE5LCJleHAiOjE2ODc4NDE5MTl9.RsbAjjwh41d9yr5K2qhlSrxkGfW5hgcEXmckfEJ5x9E HTTP/1.1" 404 47 "-" "Mozilla/5.0 (X11; Linux x86_64) AppleWebKit/537.36 (KHTML, like Gecko) Chrome/114.0.0.0 Safari/537.36"

info: ::1 - - [27/Jun/2023:01:59:01 +0000] "GET /favicon.ico HTTP/1.1" 404 47 "-" "Mozilla/5.0 (X11; Linux x86_64) AppleWebKit/537.36 (KHTML, like Gecko) Chrome/114.0.0.0 Safari/537.36"

info: ::1 - - [27/Jun/2023:02:09:00 +0000] "POST /api/v1/users/forgetpass HTTP/1.1" 200 295 "-" "PostmanRuntime/7.32.3"

info: ::1 - - [27/Jun/2023:02:09:22 +0000] "GET /eyJhbGciOiJIUzI1NiIsInR5cCI6IkpXVCJ9.eyJlbWFpbElkIjoiYWtoaWxtYW5kYWxmYW1pbHlAZ21haWwuY29tIiwiX2lkIjoiNjQ5YTQwZmRkZjJhYmExNGY3YjU1ODExIiwiaWF0IjoxNjg3ODMxNzM2LCJleHAiOjE2ODc4NDI1MzZ9.l_2bltsA2kXcPVenq1dgB_E4vlXKH6tP1v7i73t6-FU HTTP/1.1" 404 47 "-" "Mozilla/5.0 (X11; Linux x86_64) AppleWebKit/537.36 (KHTML, like Gecko) Chrome/114.0.0.0 Safari/537.36"

info: ::1 - - [27/Jun/2023:02:34:04 +0000] "POST /api/v1/users/forgetpass HTTP/1.1" 200 295 "-" "PostmanRuntime/7.32.3"

info: ::1 - - [27/Jun/2023:02:35:42 +0000] "PUT /api/v1/users/resetpassword/649a40fddf2aba14f7b55811 HTTP/1.1" 400 159 "-" "PostmanRuntime/7.32.3"

info: ::1 - - [27/Jun/2023:02:36:36 +0000] "PUT /api/v1/users/resetpassword/649a40fddf2aba14f7b55811 HTTP/1.1" 400 155 "-" "PostmanRuntime/7.32.3"

info: ::1 - - [27/Jun/2023:02:40:03 +0000] "PUT /api/v1/users/resetpassword/?_id=649a40fddf2aba14f7b55811 HTTP/1.1" 404 47 "-" "PostmanRuntime/7.32.3"

info: ::1 - - [27/Jun/2023:02:46:13 +0000] "PUT /api/v1/users/resetpassword/649a40fddf2aba14f7b55811 HTTP/1.1" 400 59 "-" "PostmanRuntime/7.32.3"

info: ::1 - - [27/Jun/2023:02:46:44 +0000] "PUT /api/v1/users/resetpassword/649a40fddf2aba14f7b55811 HTTP/1.1" 400 58 "-" "PostmanRuntime/7.32.3"

info: ::1 - - [27/Jun/2023:02:47:06 +0000] "PUT /api/v1/users/resetpassword/649a40fddf2aba14f7b55811 HTTP/1.1" 400 155 "-" "PostmanRuntime/7.32.3"

info: ::1 - - [27/Jun/2023:02:59:33 +0000] "PUT /api/v1/users/resetpassword/649a40fddf2aba14f7b55811 HTTP/1.1" 400 92 "-" "PostmanRuntime/7.32.3"

info: ::1 - - [27/Jun/2023:03:01:24 +0000] "PUT /api/v1/users/resetpassword/649a40fddf2aba14f7b55811 HTTP/1.1" 400 92 "-" "PostmanRuntime/7.32.3"

info: ::1 - - [27/Jun/2023:03:07:28 +0000] "PUT /api/v1/users/resetpassword/649a40fddf2aba14f7b55811 HTTP/1.1" 202 334 "-" "PostmanRuntime/7.32.3"

info: ::1 - - [27/Jun/2023:03:07:58 +0000] "PUT /api/v1/users/resetpassword/649a40fddf2aba14f7b55811 HTTP/1.1" 202 334 "-" "PostmanRuntime/7.32.3"

info: ::1 - - [27/Jun/2023:03:08:04 +0000] "PUT /api/v1/users/resetpassword/649a40fddf2aba14f7b55811 HTTP/1.1" 202 334 "-" "PostmanRuntime/7.32.3"

