info: Server started at http://localhost:3000/api/v1/ {"timestamp":"2023-06-30T01:33:18.260Z"}
error: 
    status - 500 
    message - MongooseError: Operation `users.findOne()` buffering timed out after 10000ms
    at Timeout.<anonymous> (/home/akhil/CFP238/Fundoo_Note/FundooNote/node_modules/mongoose/lib/drivers/node-mongodb-native/collection.js:198:23)
    at listOnTimeout (node:internal/timers:573:17)
    at processTimers (node:internal/timers:514:7) 
    url - /api/v1/users 
    method - POST 
    IP - ::ffff:127.0.0.1
   {"timestamp":"2023-06-30T01:33:28.313Z"}
error: 
    status - 500 
    message - JsonWebTokenError: jwt malformed
    at Object.verify (/home/akhil/CFP238/Fundoo_Note/FundooNote/node_modules/jsonwebtoken/verify.js:63:17)
    at _callee$ (/home/akhil/CFP238/Fundoo_Note/FundooNote/src/middlewares/auth.middleware.js:25:28)
    at tryCatch (/home/akhil/CFP238/Fundoo_Note/FundooNote/node_modules/@babel/runtime/helpers/regeneratorRuntime.js:44:17)
    at Generator.<anonymous> (/home/akhil/CFP238/Fundoo_Note/FundooNote/node_modules/@babel/runtime/helpers/regeneratorRuntime.js:125:22)
    at Generator.next (/home/akhil/CFP238/Fundoo_Note/FundooNote/node_modules/@babel/runtime/helpers/regeneratorRuntime.js:69:21)
    at asyncGeneratorStep (/home/akhil/CFP238/Fundoo_Note/FundooNote/node_modules/@babel/runtime/helpers/asyncToGenerator.js:3:24)
    at _next (/home/akhil/CFP238/Fundoo_Note/FundooNote/node_modules/@babel/runtime/helpers/asyncToGenerator.js:22:9)
    at /home/akhil/CFP238/Fundoo_Note/FundooNote/node_modules/@babel/runtime/helpers/asyncToGenerator.js:27:7
    at new Promise (<anonymous>)
    at apply (/home/akhil/CFP238/Fundoo_Note/FundooNote/node_modules/@babel/runtime/helpers/asyncToGenerator.js:19:12)
    at userAuth (/home/akhil/CFP238/Fundoo_Note/FundooNote/src/middlewares/auth.middleware.js:15:22)
    at Layer.handle [as handle_request] (/home/akhil/CFP238/Fundoo_Note/FundooNote/node_modules/express/lib/router/layer.js:95:5)
    at next (/home/akhil/CFP238/Fundoo_Note/FundooNote/node_modules/express/lib/router/route.js:144:13)
    at newNoteValidator (/home/akhil/CFP238/Fundoo_Note/FundooNote/src/validators/note.validator.js:17:5)
    at Layer.handle [as handle_request] (/home/akhil/CFP238/Fundoo_Note/FundooNote/node_modules/express/lib/router/layer.js:95:5)
    at next (/home/akhil/CFP238/Fundoo_Note/FundooNote/node_modules/express/lib/router/route.js:144:13)
    at Route.dispatch (/home/akhil/CFP238/Fundoo_Note/FundooNote/node_modules/express/lib/router/route.js:114:3)
    at Layer.handle [as handle_request] (/home/akhil/CFP238/Fundoo_Note/FundooNote/node_modules/express/lib/router/layer.js:95:5)
    at /home/akhil/CFP238/Fundoo_Note/FundooNote/node_modules/express/lib/router/index.js:284:15
    at Function.process_params (/home/akhil/CFP238/Fundoo_Note/FundooNote/node_modules/express/lib/router/index.js:346:12)
    at next (/home/akhil/CFP238/Fundoo_Note/FundooNote/node_modules/express/lib/router/index.js:280:10)
    at Function.handle (/home/akhil/CFP238/Fundoo_Note/FundooNote/node_modules/express/lib/router/index.js:175:3)
    at router (/home/akhil/CFP238/Fundoo_Note/FundooNote/node_modules/express/lib/router/index.js:47:12)
    at Layer.handle [as handle_request] (/home/akhil/CFP238/Fundoo_Note/FundooNote/node_modules/express/lib/router/layer.js:95:5)
    at trim_prefix (/home/akhil/CFP238/Fundoo_Note/FundooNote/node_modules/express/lib/router/index.js:328:13)
    at /home/akhil/CFP238/Fundoo_Note/FundooNote/node_modules/express/lib/router/index.js:286:9
    at Function.process_params (/home/akhil/CFP238/Fundoo_Note/FundooNote/node_modules/express/lib/router/index.js:346:12)
    at next (/home/akhil/CFP238/Fundoo_Note/FundooNote/node_modules/express/lib/router/index.js:280:10)
    at Function.handle (/home/akhil/CFP238/Fundoo_Note/FundooNote/node_modules/express/lib/router/index.js:175:3)
    at router (/home/akhil/CFP238/Fundoo_Note/FundooNote/node_modules/express/lib/router/index.js:47:12)
    at Layer.handle [as handle_request] (/home/akhil/CFP238/Fundoo_Note/FundooNote/node_modules/express/lib/router/layer.js:95:5)
    at trim_prefix (/home/akhil/CFP238/Fundoo_Note/FundooNote/node_modules/express/lib/router/index.js:328:13)
    at /home/akhil/CFP238/Fundoo_Note/FundooNote/node_modules/express/lib/router/index.js:286:9
    at Function.process_params (/home/akhil/CFP238/Fundoo_Note/FundooNote/node_modules/express/lib/router/index.js:346:12)
    at next (/home/akhil/CFP238/Fundoo_Note/FundooNote/node_modules/express/lib/router/index.js:280:10)
    at logger (/home/akhil/CFP238/Fundoo_Note/FundooNote/node_modules/morgan/index.js:144:5)
    at Layer.handle [as handle_request] (/home/akhil/CFP238/Fundoo_Note/FundooNote/node_modules/express/lib/router/layer.js:95:5)
    at trim_prefix (/home/akhil/CFP238/Fundoo_Note/FundooNote/node_modules/express/lib/router/index.js:328:13)
    at /home/akhil/CFP238/Fundoo_Note/FundooNote/node_modules/express/lib/router/index.js:286:9
    at Function.process_params (/home/akhil/CFP238/Fundoo_Note/FundooNote/node_modules/express/lib/router/index.js:346:12)
    at next (/home/akhil/CFP238/Fundoo_Note/FundooNote/node_modules/express/lib/router/index.js:280:10)
    at /home/akhil/CFP238/Fundoo_Note/FundooNote/node_modules/body-parser/lib/read.js:137:5
    at AsyncResource.runInAsyncScope (node:async_hooks:206:9)
    at invokeCallback (/home/akhil/CFP238/Fundoo_Note/FundooNote/node_modules/raw-body/index.js:231:16)
    at done (/home/akhil/CFP238/Fundoo_Note/FundooNote/node_modules/raw-body/index.js:220:7)
    at IncomingMessage.onEnd (/home/akhil/CFP238/Fundoo_Note/FundooNote/node_modules/raw-body/index.js:280:7)
    at IncomingMessage.emit (node:events:511:28)
    at endReadableNT (node:internal/streams/readable:1367:12)
    at processTicksAndRejections (node:internal/process/task_queues:82:21) 
    url - /api/v1/notes 
    method - POST 
    IP - ::ffff:127.0.0.1
   {"timestamp":"2023-06-30T01:33:28.361Z"}
error: 
    status - 500 
    message - JsonWebTokenError: jwt malformed
    at Object.verify (/home/akhil/CFP238/Fundoo_Note/FundooNote/node_modules/jsonwebtoken/verify.js:63:17)
    at _callee$ (/home/akhil/CFP238/Fundoo_Note/FundooNote/src/middlewares/auth.middleware.js:25:28)
    at tryCatch (/home/akhil/CFP238/Fundoo_Note/FundooNote/node_modules/@babel/runtime/helpers/regeneratorRuntime.js:44:17)
    at Generator.<anonymous> (/home/akhil/CFP238/Fundoo_Note/FundooNote/node_modules/@babel/runtime/helpers/regeneratorRuntime.js:125:22)
    at Generator.next (/home/akhil/CFP238/Fundoo_Note/FundooNote/node_modules/@babel/runtime/helpers/regeneratorRuntime.js:69:21)
    at asyncGeneratorStep (/home/akhil/CFP238/Fundoo_Note/FundooNote/node_modules/@babel/runtime/helpers/asyncToGenerator.js:3:24)
    at _next (/home/akhil/CFP238/Fundoo_Note/FundooNote/node_modules/@babel/runtime/helpers/asyncToGenerator.js:22:9)
    at /home/akhil/CFP238/Fundoo_Note/FundooNote/node_modules/@babel/runtime/helpers/asyncToGenerator.js:27:7
    at new Promise (<anonymous>)
    at apply (/home/akhil/CFP238/Fundoo_Note/FundooNote/node_modules/@babel/runtime/helpers/asyncToGenerator.js:19:12)
    at userAuth (/home/akhil/CFP238/Fundoo_Note/FundooNote/src/middlewares/auth.middleware.js:15:22)
    at Layer.handle [as handle_request] (/home/akhil/CFP238/Fundoo_Note/FundooNote/node_modules/express/lib/router/layer.js:95:5)
    at next (/home/akhil/CFP238/Fundoo_Note/FundooNote/node_modules/express/lib/router/route.js:144:13)
    at Route.dispatch (/home/akhil/CFP238/Fundoo_Note/FundooNote/node_modules/express/lib/router/route.js:114:3)
    at Layer.handle [as handle_request] (/home/akhil/CFP238/Fundoo_Note/FundooNote/node_modules/express/lib/router/layer.js:95:5)
    at /home/akhil/CFP238/Fundoo_Note/FundooNote/node_modules/express/lib/router/index.js:284:15
    at Function.process_params (/home/akhil/CFP238/Fundoo_Note/FundooNote/node_modules/express/lib/router/index.js:346:12)
    at next (/home/akhil/CFP238/Fundoo_Note/FundooNote/node_modules/express/lib/router/index.js:280:10)
    at Function.handle (/home/akhil/CFP238/Fundoo_Note/FundooNote/node_modules/express/lib/router/index.js:175:3)
    at router (/home/akhil/CFP238/Fundoo_Note/FundooNote/node_modules/express/lib/router/index.js:47:12)
    at Layer.handle [as handle_request] (/home/akhil/CFP238/Fundoo_Note/FundooNote/node_modules/express/lib/router/layer.js:95:5)
    at trim_prefix (/home/akhil/CFP238/Fundoo_Note/FundooNote/node_modules/express/lib/router/index.js:328:13)
    at /home/akhil/CFP238/Fundoo_Note/FundooNote/node_modules/express/lib/router/index.js:286:9
    at Function.process_params (/home/akhil/CFP238/Fundoo_Note/FundooNote/node_modules/express/lib/router/index.js:346:12)
    at next (/home/akhil/CFP238/Fundoo_Note/FundooNote/node_modules/express/lib/router/index.js:280:10)
    at Function.handle (/home/akhil/CFP238/Fundoo_Note/FundooNote/node_modules/express/lib/router/index.js:175:3)
    at router (/home/akhil/CFP238/Fundoo_Note/FundooNote/node_modules/express/lib/router/index.js:47:12)
    at Layer.handle [as handle_request] (/home/akhil/CFP238/Fundoo_Note/FundooNote/node_modules/express/lib/router/layer.js:95:5)
    at trim_prefix (/home/akhil/CFP238/Fundoo_Note/FundooNote/node_modules/express/lib/router/index.js:328:13)
    at /home/akhil/CFP238/Fundoo_Note/FundooNote/node_modules/express/lib/router/index.js:286:9
    at Function.process_params (/home/akhil/CFP238/Fundoo_Note/FundooNote/node_modules/express/lib/router/index.js:346:12)
    at next (/home/akhil/CFP238/Fundoo_Note/FundooNote/node_modules/express/lib/router/index.js:280:10)
    at logger (/home/akhil/CFP238/Fundoo_Note/FundooNote/node_modules/morgan/index.js:144:5)
    at Layer.handle [as handle_request] (/home/akhil/CFP238/Fundoo_Note/FundooNote/node_modules/express/lib/router/layer.js:95:5)
    at trim_prefix (/home/akhil/CFP238/Fundoo_Note/FundooNote/node_modules/express/lib/router/index.js:328:13)
    at /home/akhil/CFP238/Fundoo_Note/FundooNote/node_modules/express/lib/router/index.js:286:9
    at Function.process_params (/home/akhil/CFP238/Fundoo_Note/FundooNote/node_modules/express/lib/router/index.js:346:12)
    at next (/home/akhil/CFP238/Fundoo_Note/FundooNote/node_modules/express/lib/router/index.js:280:10)
    at jsonParser (/home/akhil/CFP238/Fundoo_Note/FundooNote/node_modules/body-parser/lib/types/json.js:110:7)
    at Layer.handle [as handle_request] (/home/akhil/CFP238/Fundoo_Note/FundooNote/node_modules/express/lib/router/layer.js:95:5)
    at trim_prefix (/home/akhil/CFP238/Fundoo_Note/FundooNote/node_modules/express/lib/router/index.js:328:13)
    at /home/akhil/CFP238/Fundoo_Note/FundooNote/node_modules/express/lib/router/index.js:286:9
    at Function.process_params (/home/akhil/CFP238/Fundoo_Note/FundooNote/node_modules/express/lib/router/index.js:346:12)
    at next (/home/akhil/CFP238/Fundoo_Note/FundooNote/node_modules/express/lib/router/index.js:280:10)
    at urlencodedParser (/home/akhil/CFP238/Fundoo_Note/FundooNote/node_modules/body-parser/lib/types/urlencoded.js:91:7)
    at Layer.handle [as handle_request] (/home/akhil/CFP238/Fundoo_Note/FundooNote/node_modules/express/lib/router/layer.js:95:5)
    at trim_prefix (/home/akhil/CFP238/Fundoo_Note/FundooNote/node_modules/express/lib/router/index.js:328:13)
    at /home/akhil/CFP238/Fundoo_Note/FundooNote/node_modules/express/lib/router/index.js:286:9
    at Function.process_params (/home/akhil/CFP238/Fundoo_Note/FundooNote/node_modules/express/lib/router/index.js:346:12)
    at next (/home/akhil/CFP238/Fundoo_Note/FundooNote/node_modules/express/lib/router/index.js:280:10)
    at internalNext (/home/akhil/CFP238/Fundoo_Note/FundooNote/node_modules/helmet/dist/index.js:142:6)
    at xXssProtectionMiddleware (/home/akhil/CFP238/Fundoo_Note/FundooNote/node_modules/helmet/dist/middlewares/x-xss-protection/index.js:6:3)
    at internalNext (/home/akhil/CFP238/Fundoo_Note/FundooNote/node_modules/helmet/dist/index.js:145:6)
    at referrerPolicyMiddleware (/home/akhil/CFP238/Fundoo_Note/FundooNote/node_modules/helmet/dist/middlewares/referrer-policy/index.js:24:3)
    at internalNext (/home/akhil/CFP238/Fundoo_Note/FundooNote/node_modules/helmet/dist/index.js:145:6)
    at xPermittedCrossDomainPoliciesMiddleware (/home/akhil/CFP238/Fundoo_Note/FundooNote/node_modules/helmet/dist/middlewares/x-permitted-cross-domain-policies/index.js:15:3)
    at internalNext (/home/akhil/CFP238/Fundoo_Note/FundooNote/node_modules/helmet/dist/index.js:145:6)
    at xContentTypeOptionsMiddleware (/home/akhil/CFP238/Fundoo_Note/FundooNote/node_modules/helmet/dist/middlewares/x-content-type-options/index.js:6:3)
    at internalNext (/home/akhil/CFP238/Fundoo_Note/FundooNote/node_modules/helmet/dist/index.js:145:6)
    at xDownloadOptionsMiddleware (/home/akhil/CFP238/Fundoo_Note/FundooNote/node_modules/helmet/dist/middlewares/x-download-options/index.js:6:3)
    at internalNext (/home/akhil/CFP238/Fundoo_Note/FundooNote/node_modules/helmet/dist/index.js:145:6)
    at strictTransportSecurityMiddleware (/home/akhil/CFP238/Fundoo_Note/FundooNote/node_modules/helmet/dist/middlewares/strict-transport-security/index.js:34:3)
    at internalNext (/home/akhil/CFP238/Fundoo_Note/FundooNote/node_modules/helmet/dist/index.js:145:6)
    at xPoweredByMiddleware (/home/akhil/CFP238/Fundoo_Note/FundooNote/node_modules/helmet/dist/middlewares/x-powered-by/index.js:6:3)
    at internalNext (/home/akhil/CFP238/Fundoo_Note/FundooNote/node_modules/helmet/dist/index.js:145:6)
    at xFrameOptionsMiddleware (/home/akhil/CFP238/Fundoo_Note/FundooNote/node_modules/helmet/dist/middlewares/x-frame-options/index.js:21:3)
    at internalNext (/home/akhil/CFP238/Fundoo_Note/FundooNote/node_modules/helmet/dist/index.js:145:6)
    at expectCtMiddleware (/home/akhil/CFP238/Fundoo_Note/FundooNote/node_modules/helmet/dist/middlewares/expect-ct/index.js:24:3)
    at internalNext (/home/akhil/CFP238/Fundoo_Note/FundooNote/node_modules/helmet/dist/index.js:145:6)
    at xDnsPrefetchControlMiddleware (/home/akhil/CFP238/Fundoo_Note/FundooNote/node_modules/helmet/dist/middlewares/x-dns-prefetch-control/index.js:7:3)
    at internalNext (/home/akhil/CFP238/Fundoo_Note/FundooNote/node_modules/helmet/dist/index.js:145:6)
    at contentSecurityPolicyMiddleware (/home/akhil/CFP238/Fundoo_Note/FundooNote/node_modules/helmet/dist/middlewares/content-security-policy/index.js:124:4)
    at internalNext (/home/akhil/CFP238/Fundoo_Note/FundooNote/node_modules/helmet/dist/index.js:145:6)
    at helmetMiddleware (/home/akhil/CFP238/Fundoo_Note/FundooNote/node_modules/helmet/dist/index.js:147:6)
    at Layer.handle [as handle_request] (/home/akhil/CFP238/Fundoo_Note/FundooNote/node_modules/express/lib/router/layer.js:95:5)
    at trim_prefix (/home/akhil/CFP238/Fundoo_Note/FundooNote/node_modules/express/lib/router/index.js:328:13)
    at /home/akhil/CFP238/Fundoo_Note/FundooNote/node_modules/express/lib/router/index.js:286:9
    at Function.process_params (/home/akhil/CFP238/Fundoo_Note/FundooNote/node_modules/express/lib/router/index.js:346:12)
    at next (/home/akhil/CFP238/Fundoo_Note/FundooNote/node_modules/express/lib/router/index.js:280:10)
    at cors (/home/akhil/CFP238/Fundoo_Note/FundooNote/node_modules/cors/lib/index.js:188:7)
    at /home/akhil/CFP238/Fundoo_Note/FundooNote/node_modules/cors/lib/index.js:224:17
    at originCallback (/home/akhil/CFP238/Fundoo_Note/FundooNote/node_modules/cors/lib/index.js:214:15)
    at /home/akhil/CFP238/Fundoo_Note/FundooNote/node_modules/cors/lib/index.js:219:13
    at optionsCallback (/home/akhil/CFP238/Fundoo_Note/FundooNote/node_modules/cors/lib/index.js:199:9)
    at corsMiddleware (/home/akhil/CFP238/Fundoo_Note/FundooNote/node_modules/cors/lib/index.js:204:7)
    at Layer.handle [as handle_request] (/home/akhil/CFP238/Fundoo_Note/FundooNote/node_modules/express/lib/router/layer.js:95:5)
    at trim_prefix (/home/akhil/CFP238/Fundoo_Note/FundooNote/node_modules/express/lib/router/index.js:328:13)
    at /home/akhil/CFP238/Fundoo_Note/FundooNote/node_modules/express/lib/router/index.js:286:9
    at Function.process_params (/home/akhil/CFP238/Fundoo_Note/FundooNote/node_modules/express/lib/router/index.js:346:12)
    at next (/home/akhil/CFP238/Fundoo_Note/FundooNote/node_modules/express/lib/router/index.js:280:10)
    at expressInit (/home/akhil/CFP238/Fundoo_Note/FundooNote/node_modules/express/lib/middleware/init.js:40:5)
    at Layer.handle [as handle_request] (/home/akhil/CFP238/Fundoo_Note/FundooNote/node_modules/express/lib/router/layer.js:95:5)
    at trim_prefix (/home/akhil/CFP238/Fundoo_Note/FundooNote/node_modules/express/lib/router/index.js:328:13)
    at /home/akhil/CFP238/Fundoo_Note/FundooNote/node_modules/express/lib/router/index.js:286:9
    at Function.process_params (/home/akhil/CFP238/Fundoo_Note/FundooNote/node_modules/express/lib/router/index.js:346:12)
    at next (/home/akhil/CFP238/Fundoo_Note/FundooNote/node_modules/express/lib/router/index.js:280:10)
    at query (/home/akhil/CFP238/Fundoo_Note/FundooNote/node_modules/express/lib/middleware/query.js:45:5)
    at Layer.handle [as handle_request] (/home/akhil/CFP238/Fundoo_Note/FundooNote/node_modules/express/lib/router/layer.js:95:5)
    at trim_prefix (/home/akhil/CFP238/Fundoo_Note/FundooNote/node_modules/express/lib/router/index.js:328:13)
    at /home/akhil/CFP238/Fundoo_Note/FundooNote/node_modules/express/lib/router/index.js:286:9
    at Function.process_params (/home/akhil/CFP238/Fundoo_Note/FundooNote/node_modules/express/lib/router/index.js:346:12)
    at next (/home/akhil/CFP238/Fundoo_Note/FundooNote/node_modules/express/lib/router/index.js:280:10)
    at Function.handle (/home/akhil/CFP238/Fundoo_Note/FundooNote/node_modules/express/lib/router/index.js:175:3)
    at Function.handle (/home/akhil/CFP238/Fundoo_Note/FundooNote/node_modules/express/lib/application.js:181:10)
    at Server.app (/home/akhil/CFP238/Fundoo_Note/FundooNote/node_modules/express/lib/express.js:39:9)
    at Server.emit (node:events:511:28)
    at parserOnIncoming (node:_http_server:1121:12)
    at HTTPParser.parserOnHeadersComplete (node:_http_common:119:17) 
    url - /api/v1/notes 
    method - GET 
    IP - ::ffff:127.0.0.1
   {"timestamp":"2023-06-30T01:33:28.385Z"}
error: 
    status - 500 
    message - JsonWebTokenError: jwt malformed
    at Object.verify (/home/akhil/CFP238/Fundoo_Note/FundooNote/node_modules/jsonwebtoken/verify.js:63:17)
    at _callee$ (/home/akhil/CFP238/Fundoo_Note/FundooNote/src/middlewares/auth.middleware.js:25:28)
    at tryCatch (/home/akhil/CFP238/Fundoo_Note/FundooNote/node_modules/@babel/runtime/helpers/regeneratorRuntime.js:44:17)
    at Generator.<anonymous> (/home/akhil/CFP238/Fundoo_Note/FundooNote/node_modules/@babel/runtime/helpers/regeneratorRuntime.js:125:22)
    at Generator.next (/home/akhil/CFP238/Fundoo_Note/FundooNote/node_modules/@babel/runtime/helpers/regeneratorRuntime.js:69:21)
    at asyncGeneratorStep (/home/akhil/CFP238/Fundoo_Note/FundooNote/node_modules/@babel/runtime/helpers/asyncToGenerator.js:3:24)
    at _next (/home/akhil/CFP238/Fundoo_Note/FundooNote/node_modules/@babel/runtime/helpers/asyncToGenerator.js:22:9)
    at /home/akhil/CFP238/Fundoo_Note/FundooNote/node_modules/@babel/runtime/helpers/asyncToGenerator.js:27:7
    at new Promise (<anonymous>)
    at apply (/home/akhil/CFP238/Fundoo_Note/FundooNote/node_modules/@babel/runtime/helpers/asyncToGenerator.js:19:12)
    at userAuth (/home/akhil/CFP238/Fundoo_Note/FundooNote/src/middlewares/auth.middleware.js:15:22)
    at Layer.handle [as handle_request] (/home/akhil/CFP238/Fundoo_Note/FundooNote/node_modules/express/lib/router/layer.js:95:5)
    at next (/home/akhil/CFP238/Fundoo_Note/FundooNote/node_modules/express/lib/router/route.js:144:13)
    at Route.dispatch (/home/akhil/CFP238/Fundoo_Note/FundooNote/node_modules/express/lib/router/route.js:114:3)
    at Layer.handle [as handle_request] (/home/akhil/CFP238/Fundoo_Note/FundooNote/node_modules/express/lib/router/layer.js:95:5)
    at /home/akhil/CFP238/Fundoo_Note/FundooNote/node_modules/express/lib/router/index.js:284:15
    at param (/home/akhil/CFP238/Fundoo_Note/FundooNote/node_modules/express/lib/router/index.js:365:14)
    at param (/home/akhil/CFP238/Fundoo_Note/FundooNote/node_modules/express/lib/router/index.js:376:14)
    at Function.process_params (/home/akhil/CFP238/Fundoo_Note/FundooNote/node_modules/express/lib/router/index.js:421:3)
    at next (/home/akhil/CFP238/Fundoo_Note/FundooNote/node_modules/express/lib/router/index.js:280:10)
    at Function.handle (/home/akhil/CFP238/Fundoo_Note/FundooNote/node_modules/express/lib/router/index.js:175:3)
    at router (/home/akhil/CFP238/Fundoo_Note/FundooNote/node_modules/express/lib/router/index.js:47:12)
    at Layer.handle [as handle_request] (/home/akhil/CFP238/Fundoo_Note/FundooNote/node_modules/express/lib/router/layer.js:95:5)
    at trim_prefix (/home/akhil/CFP238/Fundoo_Note/FundooNote/node_modules/express/lib/router/index.js:328:13)
    at /home/akhil/CFP238/Fundoo_Note/FundooNote/node_modules/express/lib/router/index.js:286:9
    at Function.process_params (/home/akhil/CFP238/Fundoo_Note/FundooNote/node_modules/express/lib/router/index.js:346:12)
    at next (/home/akhil/CFP238/Fundoo_Note/FundooNote/node_modules/express/lib/router/index.js:280:10)
    at Function.handle (/home/akhil/CFP238/Fundoo_Note/FundooNote/node_modules/express/lib/router/index.js:175:3)
    at router (/home/akhil/CFP238/Fundoo_Note/FundooNote/node_modules/express/lib/router/index.js:47:12)
    at Layer.handle [as handle_request] (/home/akhil/CFP238/Fundoo_Note/FundooNote/node_modules/express/lib/router/layer.js:95:5)
    at trim_prefix (/home/akhil/CFP238/Fundoo_Note/FundooNote/node_modules/express/lib/router/index.js:328:13)
    at /home/akhil/CFP238/Fundoo_Note/FundooNote/node_modules/express/lib/router/index.js:286:9
    at Function.process_params (/home/akhil/CFP238/Fundoo_Note/FundooNote/node_modules/express/lib/router/index.js:346:12)
    at next (/home/akhil/CFP238/Fundoo_Note/FundooNote/node_modules/express/lib/router/index.js:280:10)
    at logger (/home/akhil/CFP238/Fundoo_Note/FundooNote/node_modules/morgan/index.js:144:5)
    at Layer.handle [as handle_request] (/home/akhil/CFP238/Fundoo_Note/FundooNote/node_modules/express/lib/router/layer.js:95:5)
    at trim_prefix (/home/akhil/CFP238/Fundoo_Note/FundooNote/node_modules/express/lib/router/index.js:328:13)
    at /home/akhil/CFP238/Fundoo_Note/FundooNote/node_modules/express/lib/router/index.js:286:9
    at Function.process_params (/home/akhil/CFP238/Fundoo_Note/FundooNote/node_modules/express/lib/router/index.js:346:12)
    at next (/home/akhil/CFP238/Fundoo_Note/FundooNote/node_modules/express/lib/router/index.js:280:10)
    at jsonParser (/home/akhil/CFP238/Fundoo_Note/FundooNote/node_modules/body-parser/lib/types/json.js:110:7)
    at Layer.handle [as handle_request] (/home/akhil/CFP238/Fundoo_Note/FundooNote/node_modules/express/lib/router/layer.js:95:5)
    at trim_prefix (/home/akhil/CFP238/Fundoo_Note/FundooNote/node_modules/express/lib/router/index.js:328:13)
    at /home/akhil/CFP238/Fundoo_Note/FundooNote/node_modules/express/lib/router/index.js:286:9
    at Function.process_params (/home/akhil/CFP238/Fundoo_Note/FundooNote/node_modules/express/lib/router/index.js:346:12)
    at next (/home/akhil/CFP238/Fundoo_Note/FundooNote/node_modules/express/lib/router/index.js:280:10)
    at urlencodedParser (/home/akhil/CFP238/Fundoo_Note/FundooNote/node_modules/body-parser/lib/types/urlencoded.js:91:7)
    at Layer.handle [as handle_request] (/home/akhil/CFP238/Fundoo_Note/FundooNote/node_modules/express/lib/router/layer.js:95:5)
    at trim_prefix (/home/akhil/CFP238/Fundoo_Note/FundooNote/node_modules/express/lib/router/index.js:328:13)
    at /home/akhil/CFP238/Fundoo_Note/FundooNote/node_modules/express/lib/router/index.js:286:9
    at Function.process_params (/home/akhil/CFP238/Fundoo_Note/FundooNote/node_modules/express/lib/router/index.js:346:12)
    at next (/home/akhil/CFP238/Fundoo_Note/FundooNote/node_modules/express/lib/router/index.js:280:10)
    at internalNext (/home/akhil/CFP238/Fundoo_Note/FundooNote/node_modules/helmet/dist/index.js:142:6)
    at xXssProtectionMiddleware (/home/akhil/CFP238/Fundoo_Note/FundooNote/node_modules/helmet/dist/middlewares/x-xss-protection/index.js:6:3)
    at internalNext (/home/akhil/CFP238/Fundoo_Note/FundooNote/node_modules/helmet/dist/index.js:145:6)
    at referrerPolicyMiddleware (/home/akhil/CFP238/Fundoo_Note/FundooNote/node_modules/helmet/dist/middlewares/referrer-policy/index.js:24:3)
    at internalNext (/home/akhil/CFP238/Fundoo_Note/FundooNote/node_modules/helmet/dist/index.js:145:6)
    at xPermittedCrossDomainPoliciesMiddleware (/home/akhil/CFP238/Fundoo_Note/FundooNote/node_modules/helmet/dist/middlewares/x-permitted-cross-domain-policies/index.js:15:3)
    at internalNext (/home/akhil/CFP238/Fundoo_Note/FundooNote/node_modules/helmet/dist/index.js:145:6)
    at xContentTypeOptionsMiddleware (/home/akhil/CFP238/Fundoo_Note/FundooNote/node_modules/helmet/dist/middlewares/x-content-type-options/index.js:6:3)
    at internalNext (/home/akhil/CFP238/Fundoo_Note/FundooNote/node_modules/helmet/dist/index.js:145:6)
    at xDownloadOptionsMiddleware (/home/akhil/CFP238/Fundoo_Note/FundooNote/node_modules/helmet/dist/middlewares/x-download-options/index.js:6:3)
    at internalNext (/home/akhil/CFP238/Fundoo_Note/FundooNote/node_modules/helmet/dist/index.js:145:6)
    at strictTransportSecurityMiddleware (/home/akhil/CFP238/Fundoo_Note/FundooNote/node_modules/helmet/dist/middlewares/strict-transport-security/index.js:34:3)
    at internalNext (/home/akhil/CFP238/Fundoo_Note/FundooNote/node_modules/helmet/dist/index.js:145:6)
    at xPoweredByMiddleware (/home/akhil/CFP238/Fundoo_Note/FundooNote/node_modules/helmet/dist/middlewares/x-powered-by/index.js:6:3)
    at internalNext (/home/akhil/CFP238/Fundoo_Note/FundooNote/node_modules/helmet/dist/index.js:145:6)
    at xFrameOptionsMiddleware (/home/akhil/CFP238/Fundoo_Note/FundooNote/node_modules/helmet/dist/middlewares/x-frame-options/index.js:21:3)
    at internalNext (/home/akhil/CFP238/Fundoo_Note/FundooNote/node_modules/helmet/dist/index.js:145:6)
    at expectCtMiddleware (/home/akhil/CFP238/Fundoo_Note/FundooNote/node_modules/helmet/dist/middlewares/expect-ct/index.js:24:3)
    at internalNext (/home/akhil/CFP238/Fundoo_Note/FundooNote/node_modules/helmet/dist/index.js:145:6)
    at xDnsPrefetchControlMiddleware (/home/akhil/CFP238/Fundoo_Note/FundooNote/node_modules/helmet/dist/middlewares/x-dns-prefetch-control/index.js:7:3)
    at internalNext (/home/akhil/CFP238/Fundoo_Note/FundooNote/node_modules/helmet/dist/index.js:145:6)
    at contentSecurityPolicyMiddleware (/home/akhil/CFP238/Fundoo_Note/FundooNote/node_modules/helmet/dist/middlewares/content-security-policy/index.js:124:4)
    at internalNext (/home/akhil/CFP238/Fundoo_Note/FundooNote/node_modules/helmet/dist/index.js:145:6)
    at helmetMiddleware (/home/akhil/CFP238/Fundoo_Note/FundooNote/node_modules/helmet/dist/index.js:147:6)
    at Layer.handle [as handle_request] (/home/akhil/CFP238/Fundoo_Note/FundooNote/node_modules/express/lib/router/layer.js:95:5)
    at trim_prefix (/home/akhil/CFP238/Fundoo_Note/FundooNote/node_modules/express/lib/router/index.js:328:13)
    at /home/akhil/CFP238/Fundoo_Note/FundooNote/node_modules/express/lib/router/index.js:286:9
    at Function.process_params (/home/akhil/CFP238/Fundoo_Note/FundooNote/node_modules/express/lib/router/index.js:346:12)
    at next (/home/akhil/CFP238/Fundoo_Note/FundooNote/node_modules/express/lib/router/index.js:280:10)
    at cors (/home/akhil/CFP238/Fundoo_Note/FundooNote/node_modules/cors/lib/index.js:188:7)
    at /home/akhil/CFP238/Fundoo_Note/FundooNote/node_modules/cors/lib/index.js:224:17
    at originCallback (/home/akhil/CFP238/Fundoo_Note/FundooNote/node_modules/cors/lib/index.js:214:15)
    at /home/akhil/CFP238/Fundoo_Note/FundooNote/node_modules/cors/lib/index.js:219:13
    at optionsCallback (/home/akhil/CFP238/Fundoo_Note/FundooNote/node_modules/cors/lib/index.js:199:9)
    at corsMiddleware (/home/akhil/CFP238/Fundoo_Note/FundooNote/node_modules/cors/lib/index.js:204:7)
    at Layer.handle [as handle_request] (/home/akhil/CFP238/Fundoo_Note/FundooNote/node_modules/express/lib/router/layer.js:95:5)
    at trim_prefix (/home/akhil/CFP238/Fundoo_Note/FundooNote/node_modules/express/lib/router/index.js:328:13)
    at /home/akhil/CFP238/Fundoo_Note/FundooNote/node_modules/express/lib/router/index.js:286:9
    at Function.process_params (/home/akhil/CFP238/Fundoo_Note/FundooNote/node_modules/express/lib/router/index.js:346:12)
    at next (/home/akhil/CFP238/Fundoo_Note/FundooNote/node_modules/express/lib/router/index.js:280:10)
    at expressInit (/home/akhil/CFP238/Fundoo_Note/FundooNote/node_modules/express/lib/middleware/init.js:40:5)
    at Layer.handle [as handle_request] (/home/akhil/CFP238/Fundoo_Note/FundooNote/node_modules/express/lib/router/layer.js:95:5)
    at trim_prefix (/home/akhil/CFP238/Fundoo_Note/FundooNote/node_modules/express/lib/router/index.js:328:13)
    at /home/akhil/CFP238/Fundoo_Note/FundooNote/node_modules/express/lib/router/index.js:286:9
    at Function.process_params (/home/akhil/CFP238/Fundoo_Note/FundooNote/node_modules/express/lib/router/index.js:346:12)
    at next (/home/akhil/CFP238/Fundoo_Note/FundooNote/node_modules/express/lib/router/index.js:280:10)
    at query (/home/akhil/CFP238/Fundoo_Note/FundooNote/node_modules/express/lib/middleware/query.js:45:5)
    at Layer.handle [as handle_request] (/home/akhil/CFP238/Fundoo_Note/FundooNote/node_modules/express/lib/router/layer.js:95:5)
    at trim_prefix (/home/akhil/CFP238/Fundoo_Note/FundooNote/node_modules/express/lib/router/index.js:328:13)
    at /home/akhil/CFP238/Fundoo_Note/FundooNote/node_modules/express/lib/router/index.js:286:9
    at Function.process_params (/home/akhil/CFP238/Fundoo_Note/FundooNote/node_modules/express/lib/router/index.js:346:12)
    at next (/home/akhil/CFP238/Fundoo_Note/FundooNote/node_modules/express/lib/router/index.js:280:10)
    at Function.handle (/home/akhil/CFP238/Fundoo_Note/FundooNote/node_modules/express/lib/router/index.js:175:3)
    at Function.handle (/home/akhil/CFP238/Fundoo_Note/FundooNote/node_modules/express/lib/application.js:181:10)
    at Server.app (/home/akhil/CFP238/Fundoo_Note/FundooNote/node_modules/express/lib/express.js:39:9)
    at Server.emit (node:events:511:28)
    at parserOnIncoming (node:_http_server:1121:12)
    at HTTPParser.parserOnHeadersComplete (node:_http_common:119:17) 
    url - /api/v1/notes/undefined 
    method - GET 
    IP - ::ffff:127.0.0.1
   {"timestamp":"2023-06-30T01:33:28.407Z"}
error: 
    status - 500 
    message - JsonWebTokenError: jwt malformed
    at Object.verify (/home/akhil/CFP238/Fundoo_Note/FundooNote/node_modules/jsonwebtoken/verify.js:63:17)
    at _callee$ (/home/akhil/CFP238/Fundoo_Note/FundooNote/src/middlewares/auth.middleware.js:25:28)
    at tryCatch (/home/akhil/CFP238/Fundoo_Note/FundooNote/node_modules/@babel/runtime/helpers/regeneratorRuntime.js:44:17)
    at Generator.<anonymous> (/home/akhil/CFP238/Fundoo_Note/FundooNote/node_modules/@babel/runtime/helpers/regeneratorRuntime.js:125:22)
    at Generator.next (/home/akhil/CFP238/Fundoo_Note/FundooNote/node_modules/@babel/runtime/helpers/regeneratorRuntime.js:69:21)
    at asyncGeneratorStep (/home/akhil/CFP238/Fundoo_Note/FundooNote/node_modules/@babel/runtime/helpers/asyncToGenerator.js:3:24)
    at _next (/home/akhil/CFP238/Fundoo_Note/FundooNote/node_modules/@babel/runtime/helpers/asyncToGenerator.js:22:9)
    at /home/akhil/CFP238/Fundoo_Note/FundooNote/node_modules/@babel/runtime/helpers/asyncToGenerator.js:27:7
    at new Promise (<anonymous>)
    at apply (/home/akhil/CFP238/Fundoo_Note/FundooNote/node_modules/@babel/runtime/helpers/asyncToGenerator.js:19:12)
    at userAuth (/home/akhil/CFP238/Fundoo_Note/FundooNote/src/middlewares/auth.middleware.js:15:22)
    at Layer.handle [as handle_request] (/home/akhil/CFP238/Fundoo_Note/FundooNote/node_modules/express/lib/router/layer.js:95:5)
    at next (/home/akhil/CFP238/Fundoo_Note/FundooNote/node_modules/express/lib/router/route.js:144:13)
    at Route.dispatch (/home/akhil/CFP238/Fundoo_Note/FundooNote/node_modules/express/lib/router/route.js:114:3)
    at Layer.handle [as handle_request] (/home/akhil/CFP238/Fundoo_Note/FundooNote/node_modules/express/lib/router/layer.js:95:5)
    at /home/akhil/CFP238/Fundoo_Note/FundooNote/node_modules/express/lib/router/index.js:284:15
    at param (/home/akhil/CFP238/Fundoo_Note/FundooNote/node_modules/express/lib/router/index.js:365:14)
    at param (/home/akhil/CFP238/Fundoo_Note/FundooNote/node_modules/express/lib/router/index.js:376:14)
    at Function.process_params (/home/akhil/CFP238/Fundoo_Note/FundooNote/node_modules/express/lib/router/index.js:421:3)
    at next (/home/akhil/CFP238/Fundoo_Note/FundooNote/node_modules/express/lib/router/index.js:280:10)
    at Function.handle (/home/akhil/CFP238/Fundoo_Note/FundooNote/node_modules/express/lib/router/index.js:175:3)
    at router (/home/akhil/CFP238/Fundoo_Note/FundooNote/node_modules/express/lib/router/index.js:47:12)
    at Layer.handle [as handle_request] (/home/akhil/CFP238/Fundoo_Note/FundooNote/node_modules/express/lib/router/layer.js:95:5)
    at trim_prefix (/home/akhil/CFP238/Fundoo_Note/FundooNote/node_modules/express/lib/router/index.js:328:13)
    at /home/akhil/CFP238/Fundoo_Note/FundooNote/node_modules/express/lib/router/index.js:286:9
    at Function.process_params (/home/akhil/CFP238/Fundoo_Note/FundooNote/node_modules/express/lib/router/index.js:346:12)
    at next (/home/akhil/CFP238/Fundoo_Note/FundooNote/node_modules/express/lib/router/index.js:280:10)
    at Function.handle (/home/akhil/CFP238/Fundoo_Note/FundooNote/node_modules/express/lib/router/index.js:175:3)
    at router (/home/akhil/CFP238/Fundoo_Note/FundooNote/node_modules/express/lib/router/index.js:47:12)
    at Layer.handle [as handle_request] (/home/akhil/CFP238/Fundoo_Note/FundooNote/node_modules/express/lib/router/layer.js:95:5)
    at trim_prefix (/home/akhil/CFP238/Fundoo_Note/FundooNote/node_modules/express/lib/router/index.js:328:13)
    at /home/akhil/CFP238/Fundoo_Note/FundooNote/node_modules/express/lib/router/index.js:286:9
    at Function.process_params (/home/akhil/CFP238/Fundoo_Note/FundooNote/node_modules/express/lib/router/index.js:346:12)
    at next (/home/akhil/CFP238/Fundoo_Note/FundooNote/node_modules/express/lib/router/index.js:280:10)
    at logger (/home/akhil/CFP238/Fundoo_Note/FundooNote/node_modules/morgan/index.js:144:5)
    at Layer.handle [as handle_request] (/home/akhil/CFP238/Fundoo_Note/FundooNote/node_modules/express/lib/router/layer.js:95:5)
    at trim_prefix (/home/akhil/CFP238/Fundoo_Note/FundooNote/node_modules/express/lib/router/index.js:328:13)
    at /home/akhil/CFP238/Fundoo_Note/FundooNote/node_modules/express/lib/router/index.js:286:9
    at Function.process_params (/home/akhil/CFP238/Fundoo_Note/FundooNote/node_modules/express/lib/router/index.js:346:12)
    at next (/home/akhil/CFP238/Fundoo_Note/FundooNote/node_modules/express/lib/router/index.js:280:10)
    at /home/akhil/CFP238/Fundoo_Note/FundooNote/node_modules/body-parser/lib/read.js:137:5
    at AsyncResource.runInAsyncScope (node:async_hooks:206:9)
    at invokeCallback (/home/akhil/CFP238/Fundoo_Note/FundooNote/node_modules/raw-body/index.js:231:16)
    at done (/home/akhil/CFP238/Fundoo_Note/FundooNote/node_modules/raw-body/index.js:220:7)
    at IncomingMessage.onEnd (/home/akhil/CFP238/Fundoo_Note/FundooNote/node_modules/raw-body/index.js:280:7)
    at IncomingMessage.emit (node:events:511:28)
    at endReadableNT (node:internal/streams/readable:1367:12)
    at processTicksAndRejections (node:internal/process/task_queues:82:21) 
    url - /api/v1/notes/undefined 
    method - PUT 
    IP - ::ffff:127.0.0.1
   {"timestamp":"2023-06-30T01:33:28.419Z"}
error: 
    status - 500 
    message - JsonWebTokenError: jwt malformed
    at Object.verify (/home/akhil/CFP238/Fundoo_Note/FundooNote/node_modules/jsonwebtoken/verify.js:63:17)
    at _callee$ (/home/akhil/CFP238/Fundoo_Note/FundooNote/src/middlewares/auth.middleware.js:25:28)
    at tryCatch (/home/akhil/CFP238/Fundoo_Note/FundooNote/node_modules/@babel/runtime/helpers/regeneratorRuntime.js:44:17)
    at Generator.<anonymous> (/home/akhil/CFP238/Fundoo_Note/FundooNote/node_modules/@babel/runtime/helpers/regeneratorRuntime.js:125:22)
    at Generator.next (/home/akhil/CFP238/Fundoo_Note/FundooNote/node_modules/@babel/runtime/helpers/regeneratorRuntime.js:69:21)
    at asyncGeneratorStep (/home/akhil/CFP238/Fundoo_Note/FundooNote/node_modules/@babel/runtime/helpers/asyncToGenerator.js:3:24)
    at _next (/home/akhil/CFP238/Fundoo_Note/FundooNote/node_modules/@babel/runtime/helpers/asyncToGenerator.js:22:9)
    at /home/akhil/CFP238/Fundoo_Note/FundooNote/node_modules/@babel/runtime/helpers/asyncToGenerator.js:27:7
    at new Promise (<anonymous>)
    at apply (/home/akhil/CFP238/Fundoo_Note/FundooNote/node_modules/@babel/runtime/helpers/asyncToGenerator.js:19:12)
    at userAuth (/home/akhil/CFP238/Fundoo_Note/FundooNote/src/middlewares/auth.middleware.js:15:22)
    at Layer.handle [as handle_request] (/home/akhil/CFP238/Fundoo_Note/FundooNote/node_modules/express/lib/router/layer.js:95:5)
    at next (/home/akhil/CFP238/Fundoo_Note/FundooNote/node_modules/express/lib/router/route.js:144:13)
    at Route.dispatch (/home/akhil/CFP238/Fundoo_Note/FundooNote/node_modules/express/lib/router/route.js:114:3)
    at Layer.handle [as handle_request] (/home/akhil/CFP238/Fundoo_Note/FundooNote/node_modules/express/lib/router/layer.js:95:5)
    at /home/akhil/CFP238/Fundoo_Note/FundooNote/node_modules/express/lib/router/index.js:284:15
    at param (/home/akhil/CFP238/Fundoo_Note/FundooNote/node_modules/express/lib/router/index.js:365:14)
    at param (/home/akhil/CFP238/Fundoo_Note/FundooNote/node_modules/express/lib/router/index.js:376:14)
    at Function.process_params (/home/akhil/CFP238/Fundoo_Note/FundooNote/node_modules/express/lib/router/index.js:421:3)
    at next (/home/akhil/CFP238/Fundoo_Note/FundooNote/node_modules/express/lib/router/index.js:280:10)
    at Function.handle (/home/akhil/CFP238/Fundoo_Note/FundooNote/node_modules/express/lib/router/index.js:175:3)
    at router (/home/akhil/CFP238/Fundoo_Note/FundooNote/node_modules/express/lib/router/index.js:47:12)
    at Layer.handle [as handle_request] (/home/akhil/CFP238/Fundoo_Note/FundooNote/node_modules/express/lib/router/layer.js:95:5)
    at trim_prefix (/home/akhil/CFP238/Fundoo_Note/FundooNote/node_modules/express/lib/router/index.js:328:13)
    at /home/akhil/CFP238/Fundoo_Note/FundooNote/node_modules/express/lib/router/index.js:286:9
    at Function.process_params (/home/akhil/CFP238/Fundoo_Note/FundooNote/node_modules/express/lib/router/index.js:346:12)
    at next (/home/akhil/CFP238/Fundoo_Note/FundooNote/node_modules/express/lib/router/index.js:280:10)
    at Function.handle (/home/akhil/CFP238/Fundoo_Note/FundooNote/node_modules/express/lib/router/index.js:175:3)
    at router (/home/akhil/CFP238/Fundoo_Note/FundooNote/node_modules/express/lib/router/index.js:47:12)
    at Layer.handle [as handle_request] (/home/akhil/CFP238/Fundoo_Note/FundooNote/node_modules/express/lib/router/layer.js:95:5)
    at trim_prefix (/home/akhil/CFP238/Fundoo_Note/FundooNote/node_modules/express/lib/router/index.js:328:13)
    at /home/akhil/CFP238/Fundoo_Note/FundooNote/node_modules/express/lib/router/index.js:286:9
    at Function.process_params (/home/akhil/CFP238/Fundoo_Note/FundooNote/node_modules/express/lib/router/index.js:346:12)
    at next (/home/akhil/CFP238/Fundoo_Note/FundooNote/node_modules/express/lib/router/index.js:280:10)
    at logger (/home/akhil/CFP238/Fundoo_Note/FundooNote/node_modules/morgan/index.js:144:5)
    at Layer.handle [as handle_request] (/home/akhil/CFP238/Fundoo_Note/FundooNote/node_modules/express/lib/router/layer.js:95:5)
    at trim_prefix (/home/akhil/CFP238/Fundoo_Note/FundooNote/node_modules/express/lib/router/index.js:328:13)
    at /home/akhil/CFP238/Fundoo_Note/FundooNote/node_modules/express/lib/router/index.js:286:9
    at Function.process_params (/home/akhil/CFP238/Fundoo_Note/FundooNote/node_modules/express/lib/router/index.js:346:12)
    at next (/home/akhil/CFP238/Fundoo_Note/FundooNote/node_modules/express/lib/router/index.js:280:10)
    at jsonParser (/home/akhil/CFP238/Fundoo_Note/FundooNote/node_modules/body-parser/lib/types/json.js:119:7)
    at Layer.handle [as handle_request] (/home/akhil/CFP238/Fundoo_Note/FundooNote/node_modules/express/lib/router/layer.js:95:5)
    at trim_prefix (/home/akhil/CFP238/Fundoo_Note/FundooNote/node_modules/express/lib/router/index.js:328:13)
    at /home/akhil/CFP238/Fundoo_Note/FundooNote/node_modules/express/lib/router/index.js:286:9
    at Function.process_params (/home/akhil/CFP238/Fundoo_Note/FundooNote/node_modules/express/lib/router/index.js:346:12)
    at next (/home/akhil/CFP238/Fundoo_Note/FundooNote/node_modules/express/lib/router/index.js:280:10)
    at urlencodedParser (/home/akhil/CFP238/Fundoo_Note/FundooNote/node_modules/body-parser/lib/types/urlencoded.js:100:7)
    at Layer.handle [as handle_request] (/home/akhil/CFP238/Fundoo_Note/FundooNote/node_modules/express/lib/router/layer.js:95:5)
    at trim_prefix (/home/akhil/CFP238/Fundoo_Note/FundooNote/node_modules/express/lib/router/index.js:328:13)
    at /home/akhil/CFP238/Fundoo_Note/FundooNote/node_modules/express/lib/router/index.js:286:9
    at Function.process_params (/home/akhil/CFP238/Fundoo_Note/FundooNote/node_modules/express/lib/router/index.js:346:12)
    at next (/home/akhil/CFP238/Fundoo_Note/FundooNote/node_modules/express/lib/router/index.js:280:10)
    at internalNext (/home/akhil/CFP238/Fundoo_Note/FundooNote/node_modules/helmet/dist/index.js:142:6)
    at xXssProtectionMiddleware (/home/akhil/CFP238/Fundoo_Note/FundooNote/node_modules/helmet/dist/middlewares/x-xss-protection/index.js:6:3)
    at internalNext (/home/akhil/CFP238/Fundoo_Note/FundooNote/node_modules/helmet/dist/index.js:145:6)
    at referrerPolicyMiddleware (/home/akhil/CFP238/Fundoo_Note/FundooNote/node_modules/helmet/dist/middlewares/referrer-policy/index.js:24:3)
    at internalNext (/home/akhil/CFP238/Fundoo_Note/FundooNote/node_modules/helmet/dist/index.js:145:6)
    at xPermittedCrossDomainPoliciesMiddleware (/home/akhil/CFP238/Fundoo_Note/FundooNote/node_modules/helmet/dist/middlewares/x-permitted-cross-domain-policies/index.js:15:3)
    at internalNext (/home/akhil/CFP238/Fundoo_Note/FundooNote/node_modules/helmet/dist/index.js:145:6)
    at xContentTypeOptionsMiddleware (/home/akhil/CFP238/Fundoo_Note/FundooNote/node_modules/helmet/dist/middlewares/x-content-type-options/index.js:6:3)
    at internalNext (/home/akhil/CFP238/Fundoo_Note/FundooNote/node_modules/helmet/dist/index.js:145:6)
    at xDownloadOptionsMiddleware (/home/akhil/CFP238/Fundoo_Note/FundooNote/node_modules/helmet/dist/middlewares/x-download-options/index.js:6:3)
    at internalNext (/home/akhil/CFP238/Fundoo_Note/FundooNote/node_modules/helmet/dist/index.js:145:6)
    at strictTransportSecurityMiddleware (/home/akhil/CFP238/Fundoo_Note/FundooNote/node_modules/helmet/dist/middlewares/strict-transport-security/index.js:34:3)
    at internalNext (/home/akhil/CFP238/Fundoo_Note/FundooNote/node_modules/helmet/dist/index.js:145:6)
    at xPoweredByMiddleware (/home/akhil/CFP238/Fundoo_Note/FundooNote/node_modules/helmet/dist/middlewares/x-powered-by/index.js:6:3)
    at internalNext (/home/akhil/CFP238/Fundoo_Note/FundooNote/node_modules/helmet/dist/index.js:145:6)
    at xFrameOptionsMiddleware (/home/akhil/CFP238/Fundoo_Note/FundooNote/node_modules/helmet/dist/middlewares/x-frame-options/index.js:21:3)
    at internalNext (/home/akhil/CFP238/Fundoo_Note/FundooNote/node_modules/helmet/dist/index.js:145:6)
    at expectCtMiddleware (/home/akhil/CFP238/Fundoo_Note/FundooNote/node_modules/helmet/dist/middlewares/expect-ct/index.js:24:3)
    at internalNext (/home/akhil/CFP238/Fundoo_Note/FundooNote/node_modules/helmet/dist/index.js:145:6)
    at xDnsPrefetchControlMiddleware (/home/akhil/CFP238/Fundoo_Note/FundooNote/node_modules/helmet/dist/middlewares/x-dns-prefetch-control/index.js:7:3)
    at internalNext (/home/akhil/CFP238/Fundoo_Note/FundooNote/node_modules/helmet/dist/index.js:145:6)
    at contentSecurityPolicyMiddleware (/home/akhil/CFP238/Fundoo_Note/FundooNote/node_modules/helmet/dist/middlewares/content-security-policy/index.js:124:4)
    at internalNext (/home/akhil/CFP238/Fundoo_Note/FundooNote/node_modules/helmet/dist/index.js:145:6)
    at helmetMiddleware (/home/akhil/CFP238/Fundoo_Note/FundooNote/node_modules/helmet/dist/index.js:147:6)
    at Layer.handle [as handle_request] (/home/akhil/CFP238/Fundoo_Note/FundooNote/node_modules/express/lib/router/layer.js:95:5)
    at trim_prefix (/home/akhil/CFP238/Fundoo_Note/FundooNote/node_modules/express/lib/router/index.js:328:13)
    at /home/akhil/CFP238/Fundoo_Note/FundooNote/node_modules/express/lib/router/index.js:286:9
    at Function.process_params (/home/akhil/CFP238/Fundoo_Note/FundooNote/node_modules/express/lib/router/index.js:346:12)
    at next (/home/akhil/CFP238/Fundoo_Note/FundooNote/node_modules/express/lib/router/index.js:280:10)
    at cors (/home/akhil/CFP238/Fundoo_Note/FundooNote/node_modules/cors/lib/index.js:188:7)
    at /home/akhil/CFP238/Fundoo_Note/FundooNote/node_modules/cors/lib/index.js:224:17
    at originCallback (/home/akhil/CFP238/Fundoo_Note/FundooNote/node_modules/cors/lib/index.js:214:15)
    at /home/akhil/CFP238/Fundoo_Note/FundooNote/node_modules/cors/lib/index.js:219:13
    at optionsCallback (/home/akhil/CFP238/Fundoo_Note/FundooNote/node_modules/cors/lib/index.js:199:9)
    at corsMiddleware (/home/akhil/CFP238/Fundoo_Note/FundooNote/node_modules/cors/lib/index.js:204:7)
    at Layer.handle [as handle_request] (/home/akhil/CFP238/Fundoo_Note/FundooNote/node_modules/express/lib/router/layer.js:95:5)
    at trim_prefix (/home/akhil/CFP238/Fundoo_Note/FundooNote/node_modules/express/lib/router/index.js:328:13)
    at /home/akhil/CFP238/Fundoo_Note/FundooNote/node_modules/express/lib/router/index.js:286:9
    at Function.process_params (/home/akhil/CFP238/Fundoo_Note/FundooNote/node_modules/express/lib/router/index.js:346:12)
    at next (/home/akhil/CFP238/Fundoo_Note/FundooNote/node_modules/express/lib/router/index.js:280:10)
    at expressInit (/home/akhil/CFP238/Fundoo_Note/FundooNote/node_modules/express/lib/middleware/init.js:40:5)
    at Layer.handle [as handle_request] (/home/akhil/CFP238/Fundoo_Note/FundooNote/node_modules/express/lib/router/layer.js:95:5)
    at trim_prefix (/home/akhil/CFP238/Fundoo_Note/FundooNote/node_modules/express/lib/router/index.js:328:13)
    at /home/akhil/CFP238/Fundoo_Note/FundooNote/node_modules/express/lib/router/index.js:286:9
    at Function.process_params (/home/akhil/CFP238/Fundoo_Note/FundooNote/node_modules/express/lib/router/index.js:346:12)
    at next (/home/akhil/CFP238/Fundoo_Note/FundooNote/node_modules/express/lib/router/index.js:280:10)
    at query (/home/akhil/CFP238/Fundoo_Note/FundooNote/node_modules/express/lib/middleware/query.js:45:5)
    at Layer.handle [as handle_request] (/home/akhil/CFP238/Fundoo_Note/FundooNote/node_modules/express/lib/router/layer.js:95:5)
    at trim_prefix (/home/akhil/CFP238/Fundoo_Note/FundooNote/node_modules/express/lib/router/index.js:328:13)
    at /home/akhil/CFP238/Fundoo_Note/FundooNote/node_modules/express/lib/router/index.js:286:9
    at Function.process_params (/home/akhil/CFP238/Fundoo_Note/FundooNote/node_modules/express/lib/router/index.js:346:12)
    at next (/home/akhil/CFP238/Fundoo_Note/FundooNote/node_modules/express/lib/router/index.js:280:10)
    at Function.handle (/home/akhil/CFP238/Fundoo_Note/FundooNote/node_modules/express/lib/router/index.js:175:3)
    at Function.handle (/home/akhil/CFP238/Fundoo_Note/FundooNote/node_modules/express/lib/application.js:181:10)
    at Server.app (/home/akhil/CFP238/Fundoo_Note/FundooNote/node_modules/express/lib/express.js:39:9)
    at Server.emit (node:events:511:28)
    at parserOnIncoming (node:_http_server:1121:12)
    at HTTPParser.parserOnHeadersComplete (node:_http_common:119:17) 
    url - /api/v1/notes/archive/undefined 
    method - PUT 
    IP - ::ffff:127.0.0.1
   {"timestamp":"2023-06-30T01:33:28.434Z"}
error: 
    status - 500 
    message - JsonWebTokenError: jwt malformed
    at Object.verify (/home/akhil/CFP238/Fundoo_Note/FundooNote/node_modules/jsonwebtoken/verify.js:63:17)
    at _callee$ (/home/akhil/CFP238/Fundoo_Note/FundooNote/src/middlewares/auth.middleware.js:25:28)
    at tryCatch (/home/akhil/CFP238/Fundoo_Note/FundooNote/node_modules/@babel/runtime/helpers/regeneratorRuntime.js:44:17)
    at Generator.<anonymous> (/home/akhil/CFP238/Fundoo_Note/FundooNote/node_modules/@babel/runtime/helpers/regeneratorRuntime.js:125:22)
    at Generator.next (/home/akhil/CFP238/Fundoo_Note/FundooNote/node_modules/@babel/runtime/helpers/regeneratorRuntime.js:69:21)
    at asyncGeneratorStep (/home/akhil/CFP238/Fundoo_Note/FundooNote/node_modules/@babel/runtime/helpers/asyncToGenerator.js:3:24)
    at _next (/home/akhil/CFP238/Fundoo_Note/FundooNote/node_modules/@babel/runtime/helpers/asyncToGenerator.js:22:9)
    at /home/akhil/CFP238/Fundoo_Note/FundooNote/node_modules/@babel/runtime/helpers/asyncToGenerator.js:27:7
    at new Promise (<anonymous>)
    at apply (/home/akhil/CFP238/Fundoo_Note/FundooNote/node_modules/@babel/runtime/helpers/asyncToGenerator.js:19:12)
    at userAuth (/home/akhil/CFP238/Fundoo_Note/FundooNote/src/middlewares/auth.middleware.js:15:22)
    at Layer.handle [as handle_request] (/home/akhil/CFP238/Fundoo_Note/FundooNote/node_modules/express/lib/router/layer.js:95:5)
    at next (/home/akhil/CFP238/Fundoo_Note/FundooNote/node_modules/express/lib/router/route.js:144:13)
    at Route.dispatch (/home/akhil/CFP238/Fundoo_Note/FundooNote/node_modules/express/lib/router/route.js:114:3)
    at Layer.handle [as handle_request] (/home/akhil/CFP238/Fundoo_Note/FundooNote/node_modules/express/lib/router/layer.js:95:5)
    at /home/akhil/CFP238/Fundoo_Note/FundooNote/node_modules/express/lib/router/index.js:284:15
    at param (/home/akhil/CFP238/Fundoo_Note/FundooNote/node_modules/express/lib/router/index.js:365:14)
    at param (/home/akhil/CFP238/Fundoo_Note/FundooNote/node_modules/express/lib/router/index.js:376:14)
    at Function.process_params (/home/akhil/CFP238/Fundoo_Note/FundooNote/node_modules/express/lib/router/index.js:421:3)
    at next (/home/akhil/CFP238/Fundoo_Note/FundooNote/node_modules/express/lib/router/index.js:280:10)
    at Function.handle (/home/akhil/CFP238/Fundoo_Note/FundooNote/node_modules/express/lib/router/index.js:175:3)
    at router (/home/akhil/CFP238/Fundoo_Note/FundooNote/node_modules/express/lib/router/index.js:47:12)
    at Layer.handle [as handle_request] (/home/akhil/CFP238/Fundoo_Note/FundooNote/node_modules/express/lib/router/layer.js:95:5)
    at trim_prefix (/home/akhil/CFP238/Fundoo_Note/FundooNote/node_modules/express/lib/router/index.js:328:13)
    at /home/akhil/CFP238/Fundoo_Note/FundooNote/node_modules/express/lib/router/index.js:286:9
    at Function.process_params (/home/akhil/CFP238/Fundoo_Note/FundooNote/node_modules/express/lib/router/index.js:346:12)
    at next (/home/akhil/CFP238/Fundoo_Note/FundooNote/node_modules/express/lib/router/index.js:280:10)
    at Function.handle (/home/akhil/CFP238/Fundoo_Note/FundooNote/node_modules/express/lib/router/index.js:175:3)
    at router (/home/akhil/CFP238/Fundoo_Note/FundooNote/node_modules/express/lib/router/index.js:47:12)
    at Layer.handle [as handle_request] (/home/akhil/CFP238/Fundoo_Note/FundooNote/node_modules/express/lib/router/layer.js:95:5)
    at trim_prefix (/home/akhil/CFP238/Fundoo_Note/FundooNote/node_modules/express/lib/router/index.js:328:13)
    at /home/akhil/CFP238/Fundoo_Note/FundooNote/node_modules/express/lib/router/index.js:286:9
    at Function.process_params (/home/akhil/CFP238/Fundoo_Note/FundooNote/node_modules/express/lib/router/index.js:346:12)
    at next (/home/akhil/CFP238/Fundoo_Note/FundooNote/node_modules/express/lib/router/index.js:280:10)
    at logger (/home/akhil/CFP238/Fundoo_Note/FundooNote/node_modules/morgan/index.js:144:5)
    at Layer.handle [as handle_request] (/home/akhil/CFP238/Fundoo_Note/FundooNote/node_modules/express/lib/router/layer.js:95:5)
    at trim_prefix (/home/akhil/CFP238/Fundoo_Note/FundooNote/node_modules/express/lib/router/index.js:328:13)
    at /home/akhil/CFP238/Fundoo_Note/FundooNote/node_modules/express/lib/router/index.js:286:9
    at Function.process_params (/home/akhil/CFP238/Fundoo_Note/FundooNote/node_modules/express/lib/router/index.js:346:12)
    at next (/home/akhil/CFP238/Fundoo_Note/FundooNote/node_modules/express/lib/router/index.js:280:10)
    at jsonParser (/home/akhil/CFP238/Fundoo_Note/FundooNote/node_modules/body-parser/lib/types/json.js:119:7)
    at Layer.handle [as handle_request] (/home/akhil/CFP238/Fundoo_Note/FundooNote/node_modules/express/lib/router/layer.js:95:5)
    at trim_prefix (/home/akhil/CFP238/Fundoo_Note/FundooNote/node_modules/express/lib/router/index.js:328:13)
    at /home/akhil/CFP238/Fundoo_Note/FundooNote/node_modules/express/lib/router/index.js:286:9
    at Function.process_params (/home/akhil/CFP238/Fundoo_Note/FundooNote/node_modules/express/lib/router/index.js:346:12)
    at next (/home/akhil/CFP238/Fundoo_Note/FundooNote/node_modules/express/lib/router/index.js:280:10)
    at urlencodedParser (/home/akhil/CFP238/Fundoo_Note/FundooNote/node_modules/body-parser/lib/types/urlencoded.js:100:7)
    at Layer.handle [as handle_request] (/home/akhil/CFP238/Fundoo_Note/FundooNote/node_modules/express/lib/router/layer.js:95:5)
    at trim_prefix (/home/akhil/CFP238/Fundoo_Note/FundooNote/node_modules/express/lib/router/index.js:328:13)
    at /home/akhil/CFP238/Fundoo_Note/FundooNote/node_modules/express/lib/router/index.js:286:9
    at Function.process_params (/home/akhil/CFP238/Fundoo_Note/FundooNote/node_modules/express/lib/router/index.js:346:12)
    at next (/home/akhil/CFP238/Fundoo_Note/FundooNote/node_modules/express/lib/router/index.js:280:10)
    at internalNext (/home/akhil/CFP238/Fundoo_Note/FundooNote/node_modules/helmet/dist/index.js:142:6)
    at xXssProtectionMiddleware (/home/akhil/CFP238/Fundoo_Note/FundooNote/node_modules/helmet/dist/middlewares/x-xss-protection/index.js:6:3)
    at internalNext (/home/akhil/CFP238/Fundoo_Note/FundooNote/node_modules/helmet/dist/index.js:145:6)
    at referrerPolicyMiddleware (/home/akhil/CFP238/Fundoo_Note/FundooNote/node_modules/helmet/dist/middlewares/referrer-policy/index.js:24:3)
    at internalNext (/home/akhil/CFP238/Fundoo_Note/FundooNote/node_modules/helmet/dist/index.js:145:6)
    at xPermittedCrossDomainPoliciesMiddleware (/home/akhil/CFP238/Fundoo_Note/FundooNote/node_modules/helmet/dist/middlewares/x-permitted-cross-domain-policies/index.js:15:3)
    at internalNext (/home/akhil/CFP238/Fundoo_Note/FundooNote/node_modules/helmet/dist/index.js:145:6)
    at xContentTypeOptionsMiddleware (/home/akhil/CFP238/Fundoo_Note/FundooNote/node_modules/helmet/dist/middlewares/x-content-type-options/index.js:6:3)
    at internalNext (/home/akhil/CFP238/Fundoo_Note/FundooNote/node_modules/helmet/dist/index.js:145:6)
    at xDownloadOptionsMiddleware (/home/akhil/CFP238/Fundoo_Note/FundooNote/node_modules/helmet/dist/middlewares/x-download-options/index.js:6:3)
    at internalNext (/home/akhil/CFP238/Fundoo_Note/FundooNote/node_modules/helmet/dist/index.js:145:6)
    at strictTransportSecurityMiddleware (/home/akhil/CFP238/Fundoo_Note/FundooNote/node_modules/helmet/dist/middlewares/strict-transport-security/index.js:34:3)
    at internalNext (/home/akhil/CFP238/Fundoo_Note/FundooNote/node_modules/helmet/dist/index.js:145:6)
    at xPoweredByMiddleware (/home/akhil/CFP238/Fundoo_Note/FundooNote/node_modules/helmet/dist/middlewares/x-powered-by/index.js:6:3)
    at internalNext (/home/akhil/CFP238/Fundoo_Note/FundooNote/node_modules/helmet/dist/index.js:145:6)
    at xFrameOptionsMiddleware (/home/akhil/CFP238/Fundoo_Note/FundooNote/node_modules/helmet/dist/middlewares/x-frame-options/index.js:21:3)
    at internalNext (/home/akhil/CFP238/Fundoo_Note/FundooNote/node_modules/helmet/dist/index.js:145:6)
    at expectCtMiddleware (/home/akhil/CFP238/Fundoo_Note/FundooNote/node_modules/helmet/dist/middlewares/expect-ct/index.js:24:3)
    at internalNext (/home/akhil/CFP238/Fundoo_Note/FundooNote/node_modules/helmet/dist/index.js:145:6)
    at xDnsPrefetchControlMiddleware (/home/akhil/CFP238/Fundoo_Note/FundooNote/node_modules/helmet/dist/middlewares/x-dns-prefetch-control/index.js:7:3)
    at internalNext (/home/akhil/CFP238/Fundoo_Note/FundooNote/node_modules/helmet/dist/index.js:145:6)
    at contentSecurityPolicyMiddleware (/home/akhil/CFP238/Fundoo_Note/FundooNote/node_modules/helmet/dist/middlewares/content-security-policy/index.js:124:4)
    at internalNext (/home/akhil/CFP238/Fundoo_Note/FundooNote/node_modules/helmet/dist/index.js:145:6)
    at helmetMiddleware (/home/akhil/CFP238/Fundoo_Note/FundooNote/node_modules/helmet/dist/index.js:147:6)
    at Layer.handle [as handle_request] (/home/akhil/CFP238/Fundoo_Note/FundooNote/node_modules/express/lib/router/layer.js:95:5)
    at trim_prefix (/home/akhil/CFP238/Fundoo_Note/FundooNote/node_modules/express/lib/router/index.js:328:13)
    at /home/akhil/CFP238/Fundoo_Note/FundooNote/node_modules/express/lib/router/index.js:286:9
    at Function.process_params (/home/akhil/CFP238/Fundoo_Note/FundooNote/node_modules/express/lib/router/index.js:346:12)
    at next (/home/akhil/CFP238/Fundoo_Note/FundooNote/node_modules/express/lib/router/index.js:280:10)
    at cors (/home/akhil/CFP238/Fundoo_Note/FundooNote/node_modules/cors/lib/index.js:188:7)
    at /home/akhil/CFP238/Fundoo_Note/FundooNote/node_modules/cors/lib/index.js:224:17
    at originCallback (/home/akhil/CFP238/Fundoo_Note/FundooNote/node_modules/cors/lib/index.js:214:15)
    at /home/akhil/CFP238/Fundoo_Note/FundooNote/node_modules/cors/lib/index.js:219:13
    at optionsCallback (/home/akhil/CFP238/Fundoo_Note/FundooNote/node_modules/cors/lib/index.js:199:9)
    at corsMiddleware (/home/akhil/CFP238/Fundoo_Note/FundooNote/node_modules/cors/lib/index.js:204:7)
    at Layer.handle [as handle_request] (/home/akhil/CFP238/Fundoo_Note/FundooNote/node_modules/express/lib/router/layer.js:95:5)
    at trim_prefix (/home/akhil/CFP238/Fundoo_Note/FundooNote/node_modules/express/lib/router/index.js:328:13)
    at /home/akhil/CFP238/Fundoo_Note/FundooNote/node_modules/express/lib/router/index.js:286:9
    at Function.process_params (/home/akhil/CFP238/Fundoo_Note/FundooNote/node_modules/express/lib/router/index.js:346:12)
    at next (/home/akhil/CFP238/Fundoo_Note/FundooNote/node_modules/express/lib/router/index.js:280:10)
    at expressInit (/home/akhil/CFP238/Fundoo_Note/FundooNote/node_modules/express/lib/middleware/init.js:40:5)
    at Layer.handle [as handle_request] (/home/akhil/CFP238/Fundoo_Note/FundooNote/node_modules/express/lib/router/layer.js:95:5)
    at trim_prefix (/home/akhil/CFP238/Fundoo_Note/FundooNote/node_modules/express/lib/router/index.js:328:13)
    at /home/akhil/CFP238/Fundoo_Note/FundooNote/node_modules/express/lib/router/index.js:286:9
    at Function.process_params (/home/akhil/CFP238/Fundoo_Note/FundooNote/node_modules/express/lib/router/index.js:346:12)
    at next (/home/akhil/CFP238/Fundoo_Note/FundooNote/node_modules/express/lib/router/index.js:280:10)
    at query (/home/akhil/CFP238/Fundoo_Note/FundooNote/node_modules/express/lib/middleware/query.js:45:5)
    at Layer.handle [as handle_request] (/home/akhil/CFP238/Fundoo_Note/FundooNote/node_modules/express/lib/router/layer.js:95:5)
    at trim_prefix (/home/akhil/CFP238/Fundoo_Note/FundooNote/node_modules/express/lib/router/index.js:328:13)
    at /home/akhil/CFP238/Fundoo_Note/FundooNote/node_modules/express/lib/router/index.js:286:9
    at Function.process_params (/home/akhil/CFP238/Fundoo_Note/FundooNote/node_modules/express/lib/router/index.js:346:12)
    at next (/home/akhil/CFP238/Fundoo_Note/FundooNote/node_modules/express/lib/router/index.js:280:10)
    at Function.handle (/home/akhil/CFP238/Fundoo_Note/FundooNote/node_modules/express/lib/router/index.js:175:3)
    at Function.handle (/home/akhil/CFP238/Fundoo_Note/FundooNote/node_modules/express/lib/application.js:181:10)
    at Server.app (/home/akhil/CFP238/Fundoo_Note/FundooNote/node_modules/express/lib/express.js:39:9)
    at Server.emit (node:events:511:28)
    at parserOnIncoming (node:_http_server:1121:12)
    at HTTPParser.parserOnHeadersComplete (node:_http_common:119:17) 
    url - /api/v1/notes/trash/undefined 
    method - PUT 
    IP - ::ffff:127.0.0.1
   {"timestamp":"2023-06-30T01:33:28.453Z"}
error: 
    status - 500 
    message - JsonWebTokenError: jwt malformed
    at Object.verify (/home/akhil/CFP238/Fundoo_Note/FundooNote/node_modules/jsonwebtoken/verify.js:63:17)
    at _callee$ (/home/akhil/CFP238/Fundoo_Note/FundooNote/src/middlewares/auth.middleware.js:25:28)
    at tryCatch (/home/akhil/CFP238/Fundoo_Note/FundooNote/node_modules/@babel/runtime/helpers/regeneratorRuntime.js:44:17)
    at Generator.<anonymous> (/home/akhil/CFP238/Fundoo_Note/FundooNote/node_modules/@babel/runtime/helpers/regeneratorRuntime.js:125:22)
    at Generator.next (/home/akhil/CFP238/Fundoo_Note/FundooNote/node_modules/@babel/runtime/helpers/regeneratorRuntime.js:69:21)
    at asyncGeneratorStep (/home/akhil/CFP238/Fundoo_Note/FundooNote/node_modules/@babel/runtime/helpers/asyncToGenerator.js:3:24)
    at _next (/home/akhil/CFP238/Fundoo_Note/FundooNote/node_modules/@babel/runtime/helpers/asyncToGenerator.js:22:9)
    at /home/akhil/CFP238/Fundoo_Note/FundooNote/node_modules/@babel/runtime/helpers/asyncToGenerator.js:27:7
    at new Promise (<anonymous>)
    at apply (/home/akhil/CFP238/Fundoo_Note/FundooNote/node_modules/@babel/runtime/helpers/asyncToGenerator.js:19:12)
    at userAuth (/home/akhil/CFP238/Fundoo_Note/FundooNote/src/middlewares/auth.middleware.js:15:22)
    at Layer.handle [as handle_request] (/home/akhil/CFP238/Fundoo_Note/FundooNote/node_modules/express/lib/router/layer.js:95:5)
    at next (/home/akhil/CFP238/Fundoo_Note/FundooNote/node_modules/express/lib/router/route.js:144:13)
    at Route.dispatch (/home/akhil/CFP238/Fundoo_Note/FundooNote/node_modules/express/lib/router/route.js:114:3)
    at Layer.handle [as handle_request] (/home/akhil/CFP238/Fundoo_Note/FundooNote/node_modules/express/lib/router/layer.js:95:5)
    at /home/akhil/CFP238/Fundoo_Note/FundooNote/node_modules/express/lib/router/index.js:284:15
    at param (/home/akhil/CFP238/Fundoo_Note/FundooNote/node_modules/express/lib/router/index.js:365:14)
    at param (/home/akhil/CFP238/Fundoo_Note/FundooNote/node_modules/express/lib/router/index.js:376:14)
    at Function.process_params (/home/akhil/CFP238/Fundoo_Note/FundooNote/node_modules/express/lib/router/index.js:421:3)
    at next (/home/akhil/CFP238/Fundoo_Note/FundooNote/node_modules/express/lib/router/index.js:280:10)
    at Function.handle (/home/akhil/CFP238/Fundoo_Note/FundooNote/node_modules/express/lib/router/index.js:175:3)
    at router (/home/akhil/CFP238/Fundoo_Note/FundooNote/node_modules/express/lib/router/index.js:47:12)
    at Layer.handle [as handle_request] (/home/akhil/CFP238/Fundoo_Note/FundooNote/node_modules/express/lib/router/layer.js:95:5)
    at trim_prefix (/home/akhil/CFP238/Fundoo_Note/FundooNote/node_modules/express/lib/router/index.js:328:13)
    at /home/akhil/CFP238/Fundoo_Note/FundooNote/node_modules/express/lib/router/index.js:286:9
    at Function.process_params (/home/akhil/CFP238/Fundoo_Note/FundooNote/node_modules/express/lib/router/index.js:346:12)
    at next (/home/akhil/CFP238/Fundoo_Note/FundooNote/node_modules/express/lib/router/index.js:280:10)
    at Function.handle (/home/akhil/CFP238/Fundoo_Note/FundooNote/node_modules/express/lib/router/index.js:175:3)
    at router (/home/akhil/CFP238/Fundoo_Note/FundooNote/node_modules/express/lib/router/index.js:47:12)
    at Layer.handle [as handle_request] (/home/akhil/CFP238/Fundoo_Note/FundooNote/node_modules/express/lib/router/layer.js:95:5)
    at trim_prefix (/home/akhil/CFP238/Fundoo_Note/FundooNote/node_modules/express/lib/router/index.js:328:13)
    at /home/akhil/CFP238/Fundoo_Note/FundooNote/node_modules/express/lib/router/index.js:286:9
    at Function.process_params (/home/akhil/CFP238/Fundoo_Note/FundooNote/node_modules/express/lib/router/index.js:346:12)
    at next (/home/akhil/CFP238/Fundoo_Note/FundooNote/node_modules/express/lib/router/index.js:280:10)
    at logger (/home/akhil/CFP238/Fundoo_Note/FundooNote/node_modules/morgan/index.js:144:5)
    at Layer.handle [as handle_request] (/home/akhil/CFP238/Fundoo_Note/FundooNote/node_modules/express/lib/router/layer.js:95:5)
    at trim_prefix (/home/akhil/CFP238/Fundoo_Note/FundooNote/node_modules/express/lib/router/index.js:328:13)
    at /home/akhil/CFP238/Fundoo_Note/FundooNote/node_modules/express/lib/router/index.js:286:9
    at Function.process_params (/home/akhil/CFP238/Fundoo_Note/FundooNote/node_modules/express/lib/router/index.js:346:12)
    at next (/home/akhil/CFP238/Fundoo_Note/FundooNote/node_modules/express/lib/router/index.js:280:10)
    at jsonParser (/home/akhil/CFP238/Fundoo_Note/FundooNote/node_modules/body-parser/lib/types/json.js:110:7)
    at Layer.handle [as handle_request] (/home/akhil/CFP238/Fundoo_Note/FundooNote/node_modules/express/lib/router/layer.js:95:5)
    at trim_prefix (/home/akhil/CFP238/Fundoo_Note/FundooNote/node_modules/express/lib/router/index.js:328:13)
    at /home/akhil/CFP238/Fundoo_Note/FundooNote/node_modules/express/lib/router/index.js:286:9
    at Function.process_params (/home/akhil/CFP238/Fundoo_Note/FundooNote/node_modules/express/lib/router/index.js:346:12)
    at next (/home/akhil/CFP238/Fundoo_Note/FundooNote/node_modules/express/lib/router/index.js:280:10)
    at urlencodedParser (/home/akhil/CFP238/Fundoo_Note/FundooNote/node_modules/body-parser/lib/types/urlencoded.js:91:7)
    at Layer.handle [as handle_request] (/home/akhil/CFP238/Fundoo_Note/FundooNote/node_modules/express/lib/router/layer.js:95:5)
    at trim_prefix (/home/akhil/CFP238/Fundoo_Note/FundooNote/node_modules/express/lib/router/index.js:328:13)
    at /home/akhil/CFP238/Fundoo_Note/FundooNote/node_modules/express/lib/router/index.js:286:9
    at Function.process_params (/home/akhil/CFP238/Fundoo_Note/FundooNote/node_modules/express/lib/router/index.js:346:12)
    at next (/home/akhil/CFP238/Fundoo_Note/FundooNote/node_modules/express/lib/router/index.js:280:10)
    at internalNext (/home/akhil/CFP238/Fundoo_Note/FundooNote/node_modules/helmet/dist/index.js:142:6)
    at xXssProtectionMiddleware (/home/akhil/CFP238/Fundoo_Note/FundooNote/node_modules/helmet/dist/middlewares/x-xss-protection/index.js:6:3)
    at internalNext (/home/akhil/CFP238/Fundoo_Note/FundooNote/node_modules/helmet/dist/index.js:145:6)
    at referrerPolicyMiddleware (/home/akhil/CFP238/Fundoo_Note/FundooNote/node_modules/helmet/dist/middlewares/referrer-policy/index.js:24:3)
    at internalNext (/home/akhil/CFP238/Fundoo_Note/FundooNote/node_modules/helmet/dist/index.js:145:6)
    at xPermittedCrossDomainPoliciesMiddleware (/home/akhil/CFP238/Fundoo_Note/FundooNote/node_modules/helmet/dist/middlewares/x-permitted-cross-domain-policies/index.js:15:3)
    at internalNext (/home/akhil/CFP238/Fundoo_Note/FundooNote/node_modules/helmet/dist/index.js:145:6)
    at xContentTypeOptionsMiddleware (/home/akhil/CFP238/Fundoo_Note/FundooNote/node_modules/helmet/dist/middlewares/x-content-type-options/index.js:6:3)
    at internalNext (/home/akhil/CFP238/Fundoo_Note/FundooNote/node_modules/helmet/dist/index.js:145:6)
    at xDownloadOptionsMiddleware (/home/akhil/CFP238/Fundoo_Note/FundooNote/node_modules/helmet/dist/middlewares/x-download-options/index.js:6:3)
    at internalNext (/home/akhil/CFP238/Fundoo_Note/FundooNote/node_modules/helmet/dist/index.js:145:6)
    at strictTransportSecurityMiddleware (/home/akhil/CFP238/Fundoo_Note/FundooNote/node_modules/helmet/dist/middlewares/strict-transport-security/index.js:34:3)
    at internalNext (/home/akhil/CFP238/Fundoo_Note/FundooNote/node_modules/helmet/dist/index.js:145:6)
    at xPoweredByMiddleware (/home/akhil/CFP238/Fundoo_Note/FundooNote/node_modules/helmet/dist/middlewares/x-powered-by/index.js:6:3)
    at internalNext (/home/akhil/CFP238/Fundoo_Note/FundooNote/node_modules/helmet/dist/index.js:145:6)
    at xFrameOptionsMiddleware (/home/akhil/CFP238/Fundoo_Note/FundooNote/node_modules/helmet/dist/middlewares/x-frame-options/index.js:21:3)
    at internalNext (/home/akhil/CFP238/Fundoo_Note/FundooNote/node_modules/helmet/dist/index.js:145:6)
    at expectCtMiddleware (/home/akhil/CFP238/Fundoo_Note/FundooNote/node_modules/helmet/dist/middlewares/expect-ct/index.js:24:3)
    at internalNext (/home/akhil/CFP238/Fundoo_Note/FundooNote/node_modules/helmet/dist/index.js:145:6)
    at xDnsPrefetchControlMiddleware (/home/akhil/CFP238/Fundoo_Note/FundooNote/node_modules/helmet/dist/middlewares/x-dns-prefetch-control/index.js:7:3)
    at internalNext (/home/akhil/CFP238/Fundoo_Note/FundooNote/node_modules/helmet/dist/index.js:145:6)
    at contentSecurityPolicyMiddleware (/home/akhil/CFP238/Fundoo_Note/FundooNote/node_modules/helmet/dist/middlewares/content-security-policy/index.js:124:4)
    at internalNext (/home/akhil/CFP238/Fundoo_Note/FundooNote/node_modules/helmet/dist/index.js:145:6)
    at helmetMiddleware (/home/akhil/CFP238/Fundoo_Note/FundooNote/node_modules/helmet/dist/index.js:147:6)
    at Layer.handle [as handle_request] (/home/akhil/CFP238/Fundoo_Note/FundooNote/node_modules/express/lib/router/layer.js:95:5)
    at trim_prefix (/home/akhil/CFP238/Fundoo_Note/FundooNote/node_modules/express/lib/router/index.js:328:13)
    at /home/akhil/CFP238/Fundoo_Note/FundooNote/node_modules/express/lib/router/index.js:286:9
    at Function.process_params (/home/akhil/CFP238/Fundoo_Note/FundooNote/node_modules/express/lib/router/index.js:346:12)
    at next (/home/akhil/CFP238/Fundoo_Note/FundooNote/node_modules/express/lib/router/index.js:280:10)
    at cors (/home/akhil/CFP238/Fundoo_Note/FundooNote/node_modules/cors/lib/index.js:188:7)
    at /home/akhil/CFP238/Fundoo_Note/FundooNote/node_modules/cors/lib/index.js:224:17
    at originCallback (/home/akhil/CFP238/Fundoo_Note/FundooNote/node_modules/cors/lib/index.js:214:15)
    at /home/akhil/CFP238/Fundoo_Note/FundooNote/node_modules/cors/lib/index.js:219:13
    at optionsCallback (/home/akhil/CFP238/Fundoo_Note/FundooNote/node_modules/cors/lib/index.js:199:9)
    at corsMiddleware (/home/akhil/CFP238/Fundoo_Note/FundooNote/node_modules/cors/lib/index.js:204:7)
    at Layer.handle [as handle_request] (/home/akhil/CFP238/Fundoo_Note/FundooNote/node_modules/express/lib/router/layer.js:95:5)
    at trim_prefix (/home/akhil/CFP238/Fundoo_Note/FundooNote/node_modules/express/lib/router/index.js:328:13)
    at /home/akhil/CFP238/Fundoo_Note/FundooNote/node_modules/express/lib/router/index.js:286:9
    at Function.process_params (/home/akhil/CFP238/Fundoo_Note/FundooNote/node_modules/express/lib/router/index.js:346:12)
    at next (/home/akhil/CFP238/Fundoo_Note/FundooNote/node_modules/express/lib/router/index.js:280:10)
    at expressInit (/home/akhil/CFP238/Fundoo_Note/FundooNote/node_modules/express/lib/middleware/init.js:40:5)
    at Layer.handle [as handle_request] (/home/akhil/CFP238/Fundoo_Note/FundooNote/node_modules/express/lib/router/layer.js:95:5)
    at trim_prefix (/home/akhil/CFP238/Fundoo_Note/FundooNote/node_modules/express/lib/router/index.js:328:13)
    at /home/akhil/CFP238/Fundoo_Note/FundooNote/node_modules/express/lib/router/index.js:286:9
    at Function.process_params (/home/akhil/CFP238/Fundoo_Note/FundooNote/node_modules/express/lib/router/index.js:346:12)
    at next (/home/akhil/CFP238/Fundoo_Note/FundooNote/node_modules/express/lib/router/index.js:280:10)
    at query (/home/akhil/CFP238/Fundoo_Note/FundooNote/node_modules/express/lib/middleware/query.js:45:5)
    at Layer.handle [as handle_request] (/home/akhil/CFP238/Fundoo_Note/FundooNote/node_modules/express/lib/router/layer.js:95:5)
    at trim_prefix (/home/akhil/CFP238/Fundoo_Note/FundooNote/node_modules/express/lib/router/index.js:328:13)
    at /home/akhil/CFP238/Fundoo_Note/FundooNote/node_modules/express/lib/router/index.js:286:9
    at Function.process_params (/home/akhil/CFP238/Fundoo_Note/FundooNote/node_modules/express/lib/router/index.js:346:12)
    at next (/home/akhil/CFP238/Fundoo_Note/FundooNote/node_modules/express/lib/router/index.js:280:10)
    at Function.handle (/home/akhil/CFP238/Fundoo_Note/FundooNote/node_modules/express/lib/router/index.js:175:3)
    at Function.handle (/home/akhil/CFP238/Fundoo_Note/FundooNote/node_modules/express/lib/application.js:181:10)
    at Server.app (/home/akhil/CFP238/Fundoo_Note/FundooNote/node_modules/express/lib/express.js:39:9)
    at Server.emit (node:events:511:28)
    at parserOnIncoming (node:_http_server:1121:12)
    at HTTPParser.parserOnHeadersComplete (node:_http_common:119:17) 
    url - /api/v1/notes/undefined 
    method - DELETE 
    IP - ::ffff:127.0.0.1
   {"timestamp":"2023-06-30T01:33:28.467Z"}
info: Server started at http://localhost:3000/api/v1/ {"timestamp":"2023-06-30T01:35:33.698Z"}
info: Connected to the database. {"timestamp":"2023-06-30T01:35:33.725Z"}
info: Server started at http://localhost:3000/api/v1/ {"timestamp":"2023-06-30T01:56:24.740Z"}
info: Connected to the database. {"timestamp":"2023-06-30T01:56:24.763Z"}
info: Server started at http://localhost:3000/api/v1/ {"timestamp":"2023-06-30T01:56:53.866Z"}
info: Connected to the database. {"timestamp":"2023-06-30T01:56:53.905Z"}
error: 
    status - 500 
    message - Error: User is already Present. 
    at _callee$ (/home/akhil/CFP238/Fundoo_Note/FundooNote/src/services/user.service.js:12:11)
    at tryCatch (/home/akhil/CFP238/Fundoo_Note/FundooNote/node_modules/@babel/runtime/helpers/regeneratorRuntime.js:44:17)
    at Generator.<anonymous> (/home/akhil/CFP238/Fundoo_Note/FundooNote/node_modules/@babel/runtime/helpers/regeneratorRuntime.js:125:22)
    at Generator.next (/home/akhil/CFP238/Fundoo_Note/FundooNote/node_modules/@babel/runtime/helpers/regeneratorRuntime.js:69:21)
    at asyncGeneratorStep (/home/akhil/CFP238/Fundoo_Note/FundooNote/node_modules/@babel/runtime/helpers/asyncToGenerator.js:3:24)
    at _next (/home/akhil/CFP238/Fundoo_Note/FundooNote/node_modules/@babel/runtime/helpers/asyncToGenerator.js:22:9)
    at processTicksAndRejections (node:internal/process/task_queues:95:5) 
    url - /api/v1/users 
    method - POST 
    IP - ::1
   {"timestamp":"2023-06-30T01:59:00.693Z"}
error: 
    status - 500 
    message - Error: User is already Present. 
    at _callee$ (/home/akhil/CFP238/Fundoo_Note/FundooNote/src/services/user.service.js:12:11)
    at tryCatch (/home/akhil/CFP238/Fundoo_Note/FundooNote/node_modules/@babel/runtime/helpers/regeneratorRuntime.js:44:17)
    at Generator.<anonymous> (/home/akhil/CFP238/Fundoo_Note/FundooNote/node_modules/@babel/runtime/helpers/regeneratorRuntime.js:125:22)
    at Generator.next (/home/akhil/CFP238/Fundoo_Note/FundooNote/node_modules/@babel/runtime/helpers/regeneratorRuntime.js:69:21)
    at asyncGeneratorStep (/home/akhil/CFP238/Fundoo_Note/FundooNote/node_modules/@babel/runtime/helpers/asyncToGenerator.js:3:24)
    at _next (/home/akhil/CFP238/Fundoo_Note/FundooNote/node_modules/@babel/runtime/helpers/asyncToGenerator.js:22:9)
    at processTicksAndRejections (node:internal/process/task_queues:95:5) 
    url - /api/v1/users 
    method - POST 
    IP - ::1
   {"timestamp":"2023-06-30T01:59:18.691Z"}
info: Server started at http://localhost:3000/api/v1/ {"timestamp":"2023-06-30T02:01:34.862Z"}
info: Connected to the database. {"timestamp":"2023-06-30T02:01:34.887Z"}
info: Server started at http://localhost:3000/api/v1/ {"timestamp":"2023-06-30T02:05:44.728Z"}
info: Connected to the database. {"timestamp":"2023-06-30T02:05:44.752Z"}
info: Server started at http://localhost:3000/api/v1/ {"timestamp":"2023-06-30T02:31:57.223Z"}
info: Connected to the database. {"timestamp":"2023-06-30T02:31:57.244Z"}
info: Server started at http://localhost:3000/api/v1/ {"timestamp":"2023-06-30T02:34:56.648Z"}
info: Connected to the database. {"timestamp":"2023-06-30T02:34:56.669Z"}
info: Server started at http://localhost:3000/api/v1/ {"timestamp":"2023-06-30T02:42:31.959Z"}
info: Connected to the database. {"timestamp":"2023-06-30T02:42:32.003Z"}
info: Server started at http://localhost:3000/api/v1/ {"timestamp":"2023-06-30T02:44:06.796Z"}
info: Connected to the database. {"timestamp":"2023-06-30T02:44:06.834Z"}
info: Server started at http://localhost:3000/api/v1/ {"timestamp":"2023-06-30T02:51:40.786Z"}
info: Connected to the database. {"timestamp":"2023-06-30T02:51:40.826Z"}
info: Server started at http://localhost:3000/api/v1/ {"timestamp":"2023-06-30T02:54:48.606Z"}
info: Connected to the database. {"timestamp":"2023-06-30T02:54:48.651Z"}
info: Server started at http://localhost:3000/api/v1/ {"timestamp":"2023-06-30T02:57:18.534Z"}
info: Connected to the database. {"timestamp":"2023-06-30T02:57:18.573Z"}
