info: Server started at http://localhost:3000/api/v1/ {"timestamp":"2023-06-16T00:49:56.615Z"}
info: Server started at http://localhost:3000/api/v1/ {"timestamp":"2023-06-16T00:50:30.944Z"}
info: Connected to the database. {"timestamp":"2023-06-16T00:50:30.964Z"}
error: 
    status - 500 
    message - CastError: Cast to ObjectId failed for value "pawanbiker21@gmail.com" (type string) at path "_id" for model "User"
    at model.Query.exec (/home/akhil/CFP238/Fundoo_Note/FundooNote/node_modules/mongoose/lib/query.js:4498:21)
    at model.Query.Query.then (/home/akhil/CFP238/Fundoo_Note/FundooNote/node_modules/mongoose/lib/query.js:4592:15)
    at processTicksAndRejections (node:internal/process/task_queues:95:5) 
    url - /api/v1/users/pawanbiker21@gmail.com 
    method - GET 
    IP - ::1
   {"timestamp":"2023-06-16T00:51:02.311Z"}
error: 
    status - 500 
    message - CastError: Cast to ObjectId failed for value "_emailId=pawanbiker21@gmail.com" (type string) at path "_id" for model "User"
    at model.Query.exec (/home/akhil/CFP238/Fundoo_Note/FundooNote/node_modules/mongoose/lib/query.js:4498:21)
    at model.Query.Query.then (/home/akhil/CFP238/Fundoo_Note/FundooNote/node_modules/mongoose/lib/query.js:4592:15)
    at processTicksAndRejections (node:internal/process/task_queues:95:5) 
    url - /api/v1/users/_emailId=pawanbiker21@gmail.com 
    method - GET 
    IP - ::1
   {"timestamp":"2023-06-16T00:51:44.440Z"}
info: Server started at http://localhost:3000/api/v1/ {"timestamp":"2023-06-16T01:02:34.135Z"}
info: Connected to the database. {"timestamp":"2023-06-16T01:02:34.153Z"}
error: 
    status - 500 
    message - CastError: Cast to ObjectId failed for value "search" (type string) at path "_id" for model "User"
    at model.Query.exec (/home/akhil/CFP238/Fundoo_Note/FundooNote/node_modules/mongoose/lib/query.js:4498:21)
    at model.Query.Query.then (/home/akhil/CFP238/Fundoo_Note/FundooNote/node_modules/mongoose/lib/query.js:4592:15)
    at processTicksAndRejections (node:internal/process/task_queues:95:5) 
    url - /api/v1/users/search/?emailId=pawanbiker21@gmail.com 
    method - GET 
    IP - ::1
   {"timestamp":"2023-06-16T01:02:58.795Z"}
info: Server started at http://localhost:3000/api/v1/ {"timestamp":"2023-06-16T01:04:13.965Z"}
info: Connected to the database. {"timestamp":"2023-06-16T01:04:13.983Z"}
error: 
    status - 500 
    message - CastError: Cast to ObjectId failed for value "search" (type string) at path "_id" for model "User"
    at model.Query.exec (/home/akhil/CFP238/Fundoo_Note/FundooNote/node_modules/mongoose/lib/query.js:4498:21)
    at model.Query.Query.then (/home/akhil/CFP238/Fundoo_Note/FundooNote/node_modules/mongoose/lib/query.js:4592:15)
    at processTicksAndRejections (node:internal/process/task_queues:95:5) 
    url - /api/v1/users/search/?emailId=pawanbiker21@gmail.com 
    method - GET 
    IP - ::1
   {"timestamp":"2023-06-16T01:04:54.792Z"}
info: Server started at http://localhost:3000/api/v1/ {"timestamp":"2023-06-16T01:10:36.545Z"}
info: Connected to the database. {"timestamp":"2023-06-16T01:10:36.560Z"}
error: 
    status - 500 
    message - CastError: Cast to ObjectId failed for value "search" (type string) at path "_id" for model "User"
    at model.Query.exec (/home/akhil/CFP238/Fundoo_Note/FundooNote/node_modules/mongoose/lib/query.js:4498:21)
    at model.Query.Query.then (/home/akhil/CFP238/Fundoo_Note/FundooNote/node_modules/mongoose/lib/query.js:4592:15)
    at processTicksAndRejections (node:internal/process/task_queues:95:5) 
    url - /api/v1/users/search/?emailId=pawanbiker21@gmail.com 
    method - GET 
    IP - ::1
   {"timestamp":"2023-06-16T01:12:07.441Z"}
info: Server started at http://localhost:3000/api/v1/ {"timestamp":"2023-06-16T01:19:04.467Z"}
info: Connected to the database. {"timestamp":"2023-06-16T01:19:04.482Z"}
error: 
    status - 500 
    message - CastError: Cast to ObjectId failed for value "search" (type string) at path "_id" for model "User"
    at model.Query.exec (/home/akhil/CFP238/Fundoo_Note/FundooNote/node_modules/mongoose/lib/query.js:4498:21)
    at model.Query.Query.then (/home/akhil/CFP238/Fundoo_Note/FundooNote/node_modules/mongoose/lib/query.js:4592:15)
    at processTicksAndRejections (node:internal/process/task_queues:95:5) 
    url - /api/v1/users/search/?emailId=pawanbiker21@gmail.com 
    method - GET 
    IP - ::1
   {"timestamp":"2023-06-16T01:19:17.599Z"}
error: 
    status - 500 
    message - CastError: Cast to ObjectId failed for value "pawanbiker21@gmail.com" (type string) at path "_id" for model "User"
    at model.Query.exec (/home/akhil/CFP238/Fundoo_Note/FundooNote/node_modules/mongoose/lib/query.js:4498:21)
    at model.Query.Query.then (/home/akhil/CFP238/Fundoo_Note/FundooNote/node_modules/mongoose/lib/query.js:4592:15)
    at processTicksAndRejections (node:internal/process/task_queues:95:5) 
    url - /api/v1/users/pawanbiker21@gmail.com 
    method - GET 
    IP - ::1
   {"timestamp":"2023-06-16T01:19:39.614Z"}
error: 
    status - 500 
    message - CastError: Cast to ObjectId failed for value "pawanbiker21@gmail.com" (type string) at path "_id" for model "User"
    at model.Query.exec (/home/akhil/CFP238/Fundoo_Note/FundooNote/node_modules/mongoose/lib/query.js:4498:21)
    at model.Query.Query.then (/home/akhil/CFP238/Fundoo_Note/FundooNote/node_modules/mongoose/lib/query.js:4592:15)
    at processTicksAndRejections (node:internal/process/task_queues:95:5) 
    url - /api/v1/users/pawanbiker21@gmail.com 
    method - GET 
    IP - ::1
   {"timestamp":"2023-06-16T01:19:58.735Z"}
info: Server started at http://localhost:3000/api/v1/ {"timestamp":"2023-06-16T01:21:14.334Z"}
info: Connected to the database. {"timestamp":"2023-06-16T01:21:14.351Z"}
info: Server started at http://localhost:3000/api/v1/ {"timestamp":"2023-06-16T01:23:08.749Z"}
info: Connected to the database. {"timestamp":"2023-06-16T01:23:08.768Z"}
info: Server started at http://localhost:3000/api/v1/ {"timestamp":"2023-06-16T01:33:33.329Z"}
info: Connected to the database. {"timestamp":"2023-06-16T01:33:33.355Z"}
info: Server started at http://localhost:3000/api/v1/ {"timestamp":"2023-06-16T01:55:09.975Z"}
info: Connected to the database. {"timestamp":"2023-06-16T01:55:09.991Z"}
info: Server started at http://localhost:3000/api/v1/ {"timestamp":"2023-06-16T01:55:32.018Z"}
info: Connected to the database. {"timestamp":"2023-06-16T01:55:32.033Z"}
info: Server started at http://localhost:3000/api/v1/ {"timestamp":"2023-06-16T01:55:43.344Z"}
info: Connected to the database. {"timestamp":"2023-06-16T01:55:43.363Z"}
info: Server started at http://localhost:3000/api/v1/ {"timestamp":"2023-06-16T01:55:58.298Z"}
info: Connected to the database. {"timestamp":"2023-06-16T01:55:58.320Z"}
info: Server started at http://localhost:3000/api/v1/ {"timestamp":"2023-06-16T03:22:09.131Z"}
info: Connected to the database. {"timestamp":"2023-06-16T03:22:09.151Z"}
info: Server started at http://localhost:3000/api/v1/ {"timestamp":"2023-06-16T03:23:00.156Z"}
info: Connected to the database. {"timestamp":"2023-06-16T03:23:00.185Z"}
info: Server started at http://localhost:3000/api/v1/ {"timestamp":"2023-06-16T03:27:30.792Z"}
info: Connected to the database. {"timestamp":"2023-06-16T03:27:30.813Z"}
info: Server started at http://localhost:3000/api/v1/ {"timestamp":"2023-06-16T03:28:50.573Z"}
info: Connected to the database. {"timestamp":"2023-06-16T03:28:50.602Z"}
info: Server started at http://localhost:3000/api/v1/ {"timestamp":"2023-06-16T03:29:46.351Z"}
info: Connected to the database. {"timestamp":"2023-06-16T03:29:46.369Z"}
info: Server started at http://localhost:3000/api/v1/ {"timestamp":"2023-06-16T03:29:55.801Z"}
info: Connected to the database. {"timestamp":"2023-06-16T03:29:55.841Z"}
info: Server started at http://localhost:3000/api/v1/ {"timestamp":"2023-06-16T03:34:39.224Z"}
info: Connected to the database. {"timestamp":"2023-06-16T03:34:39.248Z"}
info: Server started at http://localhost:3000/api/v1/ {"timestamp":"2023-06-16T03:36:44.402Z"}
info: Connected to the database. {"timestamp":"2023-06-16T03:36:44.421Z"}
info: Server started at http://localhost:3000/api/v1/ {"timestamp":"2023-06-16T03:43:48.659Z"}
info: Connected to the database. {"timestamp":"2023-06-16T03:43:48.694Z"}
info: Server started at http://localhost:3000/api/v1/ {"timestamp":"2023-06-16T03:44:07.787Z"}
info: Connected to the database. {"timestamp":"2023-06-16T03:44:07.807Z"}
info: Server started at http://localhost:3000/api/v1/ {"timestamp":"2023-06-16T03:59:30.809Z"}
info: Connected to the database. {"timestamp":"2023-06-16T03:59:30.830Z"}
info: Server started at http://localhost:3000/api/v1/ {"timestamp":"2023-06-16T04:00:02.157Z"}
info: Connected to the database. {"timestamp":"2023-06-16T04:00:02.176Z"}
info: Server started at http://localhost:3000/api/v1/ {"timestamp":"2023-06-16T07:48:37.310Z"}
info: Connected to the database. {"timestamp":"2023-06-16T07:48:37.327Z"}
info: Server started at http://localhost:3000/api/v1/ {"timestamp":"2023-06-16T11:01:04.038Z"}
info: Connected to the database. {"timestamp":"2023-06-16T11:01:04.057Z"}
info: Server started at http://localhost:3000/api/v1/ {"timestamp":"2023-06-16T11:20:07.533Z"}
info: Connected to the database. {"timestamp":"2023-06-16T11:20:07.547Z"}
info: Server started at http://localhost:3000/api/v1/ {"timestamp":"2023-06-16T11:20:33.585Z"}
info: Connected to the database. {"timestamp":"2023-06-16T11:20:33.600Z"}
info: Server started at http://localhost:3000/api/v1/ {"timestamp":"2023-06-16T11:21:43.374Z"}
info: Connected to the database. {"timestamp":"2023-06-16T11:21:43.391Z"}
info: Server started at http://localhost:3000/api/v1/ {"timestamp":"2023-06-16T11:22:02.747Z"}
info: Connected to the database. {"timestamp":"2023-06-16T11:22:02.768Z"}
info: Server started at http://localhost:3000/api/v1/ {"timestamp":"2023-06-16T11:23:22.537Z"}
info: Connected to the database. {"timestamp":"2023-06-16T11:23:22.557Z"}
info: Server started at http://localhost:3000/api/v1/ {"timestamp":"2023-06-16T11:24:48.567Z"}
info: Connected to the database. {"timestamp":"2023-06-16T11:24:48.585Z"}
info: Server started at http://localhost:3000/api/v1/ {"timestamp":"2023-06-16T11:25:20.741Z"}
info: Connected to the database. {"timestamp":"2023-06-16T11:25:20.761Z"}
info: Server started at http://localhost:3000/api/v1/ {"timestamp":"2023-06-16T11:58:15.499Z"}
info: Connected to the database. {"timestamp":"2023-06-16T11:58:15.526Z"}
