info: Server started at http://localhost:3000/api/v1/ {"timestamp":"2023-08-30T07:39:05.366Z"}
info: Connected to the database. {"timestamp":"2023-08-30T07:39:05.418Z"}
info: Server started at http://localhost:3000/api/v1/ {"timestamp":"2023-08-30T07:42:18.335Z"}
info: Connected to the database. {"timestamp":"2023-08-30T07:42:18.355Z"}
error: 
    status - 500 
    message - TypeError: Cannot read properties of undefined (reading 'body')
    at userloginCallback (/home/akhil/CFP238/Fundoo_Note/FundooNote/src/controllers/user.controller.js:46:25)
    at userloginCallback (/home/akhil/CFP238/Fundoo_Note/FundooNote/src/controllers/user.controller.js:46:3)
    at userloginCallback (/home/akhil/CFP238/Fundoo_Note/FundooNote/src/controllers/user.controller.js:46:3)
    at Layer.handle [as handle_request] (/home/akhil/CFP238/Fundoo_Note/FundooNote/node_modules/express/lib/router/layer.js:95:5)
    at next (/home/akhil/CFP238/Fundoo_Note/FundooNote/node_modules/express/lib/router/route.js:144:13)
    at Route.dispatch (/home/akhil/CFP238/Fundoo_Note/FundooNote/node_modules/express/lib/router/route.js:114:3)
    at Layer.handle [as handle_request] (/home/akhil/CFP238/Fundoo_Note/FundooNote/node_modules/express/lib/router/layer.js:95:5)
    at /home/akhil/CFP238/Fundoo_Note/FundooNote/node_modules/express/lib/router/index.js:284:15
    at Function.process_params (/home/akhil/CFP238/Fundoo_Note/FundooNote/node_modules/express/lib/router/index.js:346:12)
    at next (/home/akhil/CFP238/Fundoo_Note/FundooNote/node_modules/express/lib/router/index.js:280:10)
    at Function.handle (/home/akhil/CFP238/Fundoo_Note/FundooNote/node_modules/express/lib/router/index.js:175:3)
    at router (/home/akhil/CFP238/Fundoo_Note/FundooNote/node_modules/express/lib/router/index.js:47:12)
    at Layer.handle [as handle_request] (/home/akhil/CFP238/Fundoo_Note/FundooNote/node_modules/express/lib/router/layer.js:95:5)
    at trim_prefix (/home/akhil/CFP238/Fundoo_Note/FundooNote/node_modules/express/lib/router/index.js:328:13)
    at /home/akhil/CFP238/Fundoo_Note/FundooNote/node_modules/express/lib/router/index.js:286:9
    at Function.process_params (/home/akhil/CFP238/Fundoo_Note/FundooNote/node_modules/express/lib/router/index.js:346:12)
    at next (/home/akhil/CFP238/Fundoo_Note/FundooNote/node_modules/express/lib/router/index.js:280:10)
    at Function.handle (/home/akhil/CFP238/Fundoo_Note/FundooNote/node_modules/express/lib/router/index.js:175:3)
    at router (/home/akhil/CFP238/Fundoo_Note/FundooNote/node_modules/express/lib/router/index.js:47:12)
    at Layer.handle [as handle_request] (/home/akhil/CFP238/Fundoo_Note/FundooNote/node_modules/express/lib/router/layer.js:95:5)
    at trim_prefix (/home/akhil/CFP238/Fundoo_Note/FundooNote/node_modules/express/lib/router/index.js:328:13)
    at /home/akhil/CFP238/Fundoo_Note/FundooNote/node_modules/express/lib/router/index.js:286:9
    at Function.process_params (/home/akhil/CFP238/Fundoo_Note/FundooNote/node_modules/express/lib/router/index.js:346:12)
    at next (/home/akhil/CFP238/Fundoo_Note/FundooNote/node_modules/express/lib/router/index.js:280:10)
    at logger (/home/akhil/CFP238/Fundoo_Note/FundooNote/node_modules/morgan/index.js:144:5)
    at Layer.handle [as handle_request] (/home/akhil/CFP238/Fundoo_Note/FundooNote/node_modules/express/lib/router/layer.js:95:5)
    at trim_prefix (/home/akhil/CFP238/Fundoo_Note/FundooNote/node_modules/express/lib/router/index.js:328:13)
    at /home/akhil/CFP238/Fundoo_Note/FundooNote/node_modules/express/lib/router/index.js:286:9
    at Function.process_params (/home/akhil/CFP238/Fundoo_Note/FundooNote/node_modules/express/lib/router/index.js:346:12)
    at next (/home/akhil/CFP238/Fundoo_Note/FundooNote/node_modules/express/lib/router/index.js:280:10)
    at /home/akhil/CFP238/Fundoo_Note/FundooNote/node_modules/body-parser/lib/read.js:137:5
    at AsyncResource.runInAsyncScope (node:async_hooks:202:9)
    at invokeCallback (/home/akhil/CFP238/Fundoo_Note/FundooNote/node_modules/raw-body/index.js:231:16)
    at done (/home/akhil/CFP238/Fundoo_Note/FundooNote/node_modules/raw-body/index.js:220:7)
    at IncomingMessage.onEnd (/home/akhil/CFP238/Fundoo_Note/FundooNote/node_modules/raw-body/index.js:280:7)
    at IncomingMessage.emit (node:events:539:35)
    at IncomingMessage.emit (node:domain:475:12)
    at endReadableNT (node:internal/streams/readable:1345:12)
    at processTicksAndRejections (node:internal/process/task_queues:83:21) 
    url - /api/v1/users/logincall 
    method - POST 
    IP - ::1
   {"timestamp":"2023-08-30T07:42:22.514Z"}
info: Server started at http://localhost:3000/api/v1/ {"timestamp":"2023-08-30T07:43:45.440Z"}
info: Connected to the database. {"timestamp":"2023-08-30T07:43:45.461Z"}
