info: Server started at http://localhost:3000/api/v1/ {"timestamp":"2023-06-27T03:28:17.597Z"}
info: Connected to the database. {"timestamp":"2023-06-27T03:28:17.625Z"}
info: Server started at http://localhost:3000/api/v1/ {"timestamp":"2023-06-27T03:33:48.751Z"}
info: Connected to the database. {"timestamp":"2023-06-27T03:33:48.775Z"}
info: Server started at http://localhost:3000/api/v1/ {"timestamp":"2023-06-27T03:34:18.362Z"}
info: Connected to the database. {"timestamp":"2023-06-27T03:34:18.381Z"}
info: Server started at http://localhost:3000/api/v1/ {"timestamp":"2023-06-27T03:34:23.773Z"}
info: Connected to the database. {"timestamp":"2023-06-27T03:34:23.791Z"}
info: Server started at http://localhost:3000/api/v1/ {"timestamp":"2023-06-27T09:06:19.759Z"}
info: Connected to the database. {"timestamp":"2023-06-27T09:06:19.780Z"}
info: Server started at http://localhost:3000/api/v1/ {"timestamp":"2023-06-27T09:11:37.187Z"}
info: Connected to the database. {"timestamp":"2023-06-27T09:11:37.203Z"}
info: Server started at http://localhost:3000/api/v1/ {"timestamp":"2023-06-27T09:23:32.096Z"}
info: Connected to the database. {"timestamp":"2023-06-27T09:23:32.115Z"}
info: Server started at http://localhost:3000/api/v1/ {"timestamp":"2023-06-27T09:23:53.165Z"}
info: Connected to the database. {"timestamp":"2023-06-27T09:23:53.195Z"}
info: Server started at http://localhost:3000/api/v1/ {"timestamp":"2023-06-27T09:26:24.592Z"}
info: Connected to the database. {"timestamp":"2023-06-27T09:26:24.613Z"}
info: Server started at http://localhost:3000/api/v1/ {"timestamp":"2023-06-27T09:26:38.599Z"}
info: Connected to the database. {"timestamp":"2023-06-27T09:26:38.622Z"}
info: Server started at http://localhost:3000/api/v1/ {"timestamp":"2023-06-27T09:27:30.551Z"}
info: Connected to the database. {"timestamp":"2023-06-27T09:27:30.571Z"}
info: Server started at http://localhost:3000/api/v1/ {"timestamp":"2023-06-27T09:27:41.358Z"}
info: Connected to the database. {"timestamp":"2023-06-27T09:27:41.383Z"}
info: Server started at http://localhost:3000/api/v1/ {"timestamp":"2023-06-27T09:27:50.564Z"}
info: Connected to the database. {"timestamp":"2023-06-27T09:27:50.585Z"}
info: Server started at http://localhost:3000/api/v1/ {"timestamp":"2023-06-27T09:34:44.524Z"}
info: Connected to the database. {"timestamp":"2023-06-27T09:34:44.543Z"}
info: Server started at http://localhost:3000/api/v1/ {"timestamp":"2023-06-27T09:38:09.473Z"}
info: Connected to the database. {"timestamp":"2023-06-27T09:38:09.492Z"}
info: Server started at http://localhost:3000/api/v1/ {"timestamp":"2023-06-27T09:39:52.952Z"}
info: Connected to the database. {"timestamp":"2023-06-27T09:39:52.976Z"}
info: Server started at http://localhost:3000/api/v1/ {"timestamp":"2023-06-27T09:40:28.100Z"}
info: Connected to the database. {"timestamp":"2023-06-27T09:40:28.120Z"}
info: Server started at http://localhost:3000/api/v1/ {"timestamp":"2023-06-27T09:53:26.630Z"}
info: Connected to the database. {"timestamp":"2023-06-27T09:53:26.647Z"}
info: Server started at http://localhost:3000/api/v1/ {"timestamp":"2023-06-27T09:58:02.812Z"}
info: Server started at http://localhost:3000/api/v1/ {"timestamp":"2023-06-27T10:01:34.076Z"}
info: Server started at http://localhost:3000/api/v1/ {"timestamp":"2023-06-27T10:08:58.746Z"}
error: 
    status - 500 
    message - ReferenceError: HttpStatus is not defined
    at newUserValidator (/home/akhil/CFP238/Fundoo_Note/FundooNote/src/validators/user.validator.js:12:16)
    at Layer.handle [as handle_request] (/home/akhil/CFP238/Fundoo_Note/FundooNote/node_modules/express/lib/router/layer.js:95:5)
    at next (/home/akhil/CFP238/Fundoo_Note/FundooNote/node_modules/express/lib/router/route.js:144:13)
    at Route.dispatch (/home/akhil/CFP238/Fundoo_Note/FundooNote/node_modules/express/lib/router/route.js:114:3)
    at Layer.handle [as handle_request] (/home/akhil/CFP238/Fundoo_Note/FundooNote/node_modules/express/lib/router/layer.js:95:5)
    at /home/akhil/CFP238/Fundoo_Note/FundooNote/node_modules/express/lib/router/index.js:284:15
    at Function.process_params (/home/akhil/CFP238/Fundoo_Note/FundooNote/node_modules/express/lib/router/index.js:346:12)
    at next (/home/akhil/CFP238/Fundoo_Note/FundooNote/node_modules/express/lib/router/index.js:280:10)
    at Function.handle (/home/akhil/CFP238/Fundoo_Note/FundooNote/node_modules/express/lib/router/index.js:175:3)
    at router (/home/akhil/CFP238/Fundoo_Note/FundooNote/node_modules/express/lib/router/index.js:47:12)
    at Layer.handle [as handle_request] (/home/akhil/CFP238/Fundoo_Note/FundooNote/node_modules/express/lib/router/layer.js:95:5)
    at trim_prefix (/home/akhil/CFP238/Fundoo_Note/FundooNote/node_modules/express/lib/router/index.js:328:13)
    at /home/akhil/CFP238/Fundoo_Note/FundooNote/node_modules/express/lib/router/index.js:286:9
    at Function.process_params (/home/akhil/CFP238/Fundoo_Note/FundooNote/node_modules/express/lib/router/index.js:346:12)
    at next (/home/akhil/CFP238/Fundoo_Note/FundooNote/node_modules/express/lib/router/index.js:280:10)
    at Function.handle (/home/akhil/CFP238/Fundoo_Note/FundooNote/node_modules/express/lib/router/index.js:175:3)
    at router (/home/akhil/CFP238/Fundoo_Note/FundooNote/node_modules/express/lib/router/index.js:47:12)
    at Layer.handle [as handle_request] (/home/akhil/CFP238/Fundoo_Note/FundooNote/node_modules/express/lib/router/layer.js:95:5)
    at trim_prefix (/home/akhil/CFP238/Fundoo_Note/FundooNote/node_modules/express/lib/router/index.js:328:13)
    at /home/akhil/CFP238/Fundoo_Note/FundooNote/node_modules/express/lib/router/index.js:286:9
    at Function.process_params (/home/akhil/CFP238/Fundoo_Note/FundooNote/node_modules/express/lib/router/index.js:346:12)
    at next (/home/akhil/CFP238/Fundoo_Note/FundooNote/node_modules/express/lib/router/index.js:280:10)
    at logger (/home/akhil/CFP238/Fundoo_Note/FundooNote/node_modules/morgan/index.js:144:5)
    at Layer.handle [as handle_request] (/home/akhil/CFP238/Fundoo_Note/FundooNote/node_modules/express/lib/router/layer.js:95:5)
    at trim_prefix (/home/akhil/CFP238/Fundoo_Note/FundooNote/node_modules/express/lib/router/index.js:328:13)
    at /home/akhil/CFP238/Fundoo_Note/FundooNote/node_modules/express/lib/router/index.js:286:9
    at Function.process_params (/home/akhil/CFP238/Fundoo_Note/FundooNote/node_modules/express/lib/router/index.js:346:12)
    at next (/home/akhil/CFP238/Fundoo_Note/FundooNote/node_modules/express/lib/router/index.js:280:10)
    at /home/akhil/CFP238/Fundoo_Note/FundooNote/node_modules/body-parser/lib/read.js:137:5
    at AsyncResource.runInAsyncScope (node:async_hooks:206:9)
    at invokeCallback (/home/akhil/CFP238/Fundoo_Note/FundooNote/node_modules/raw-body/index.js:231:16)
    at done (/home/akhil/CFP238/Fundoo_Note/FundooNote/node_modules/raw-body/index.js:220:7)
    at IncomingMessage.onEnd (/home/akhil/CFP238/Fundoo_Note/FundooNote/node_modules/raw-body/index.js:280:7)
    at IncomingMessage.emit (node:events:511:28)
    at endReadableNT (node:internal/streams/readable:1367:12)
    at processTicksAndRejections (node:internal/process/task_queues:82:21) 
    url - /api/v1/users 
    method - POST 
    IP - ::ffff:127.0.0.1
   {"timestamp":"2023-06-27T10:09:03.778Z"}
info: Server started at http://localhost:3000/api/v1/ {"timestamp":"2023-06-27T10:10:04.735Z"}
info: Connected to the database. {"timestamp":"2023-06-27T10:10:09.756Z"}
error: 
    status - 500 
    message - ReferenceError: HttpStatus is not defined
    at newUserValidator (/home/akhil/CFP238/Fundoo_Note/FundooNote/src/validators/user.validator.js:12:16)
    at Layer.handle [as handle_request] (/home/akhil/CFP238/Fundoo_Note/FundooNote/node_modules/express/lib/router/layer.js:95:5)
    at next (/home/akhil/CFP238/Fundoo_Note/FundooNote/node_modules/express/lib/router/route.js:144:13)
    at Route.dispatch (/home/akhil/CFP238/Fundoo_Note/FundooNote/node_modules/express/lib/router/route.js:114:3)
    at Layer.handle [as handle_request] (/home/akhil/CFP238/Fundoo_Note/FundooNote/node_modules/express/lib/router/layer.js:95:5)
    at /home/akhil/CFP238/Fundoo_Note/FundooNote/node_modules/express/lib/router/index.js:284:15
    at Function.process_params (/home/akhil/CFP238/Fundoo_Note/FundooNote/node_modules/express/lib/router/index.js:346:12)
    at next (/home/akhil/CFP238/Fundoo_Note/FundooNote/node_modules/express/lib/router/index.js:280:10)
    at Function.handle (/home/akhil/CFP238/Fundoo_Note/FundooNote/node_modules/express/lib/router/index.js:175:3)
    at router (/home/akhil/CFP238/Fundoo_Note/FundooNote/node_modules/express/lib/router/index.js:47:12)
    at Layer.handle [as handle_request] (/home/akhil/CFP238/Fundoo_Note/FundooNote/node_modules/express/lib/router/layer.js:95:5)
    at trim_prefix (/home/akhil/CFP238/Fundoo_Note/FundooNote/node_modules/express/lib/router/index.js:328:13)
    at /home/akhil/CFP238/Fundoo_Note/FundooNote/node_modules/express/lib/router/index.js:286:9
    at Function.process_params (/home/akhil/CFP238/Fundoo_Note/FundooNote/node_modules/express/lib/router/index.js:346:12)
    at next (/home/akhil/CFP238/Fundoo_Note/FundooNote/node_modules/express/lib/router/index.js:280:10)
    at Function.handle (/home/akhil/CFP238/Fundoo_Note/FundooNote/node_modules/express/lib/router/index.js:175:3)
    at router (/home/akhil/CFP238/Fundoo_Note/FundooNote/node_modules/express/lib/router/index.js:47:12)
    at Layer.handle [as handle_request] (/home/akhil/CFP238/Fundoo_Note/FundooNote/node_modules/express/lib/router/layer.js:95:5)
    at trim_prefix (/home/akhil/CFP238/Fundoo_Note/FundooNote/node_modules/express/lib/router/index.js:328:13)
    at /home/akhil/CFP238/Fundoo_Note/FundooNote/node_modules/express/lib/router/index.js:286:9
    at Function.process_params (/home/akhil/CFP238/Fundoo_Note/FundooNote/node_modules/express/lib/router/index.js:346:12)
    at next (/home/akhil/CFP238/Fundoo_Note/FundooNote/node_modules/express/lib/router/index.js:280:10)
    at logger (/home/akhil/CFP238/Fundoo_Note/FundooNote/node_modules/morgan/index.js:144:5)
    at Layer.handle [as handle_request] (/home/akhil/CFP238/Fundoo_Note/FundooNote/node_modules/express/lib/router/layer.js:95:5)
    at trim_prefix (/home/akhil/CFP238/Fundoo_Note/FundooNote/node_modules/express/lib/router/index.js:328:13)
    at /home/akhil/CFP238/Fundoo_Note/FundooNote/node_modules/express/lib/router/index.js:286:9
    at Function.process_params (/home/akhil/CFP238/Fundoo_Note/FundooNote/node_modules/express/lib/router/index.js:346:12)
    at next (/home/akhil/CFP238/Fundoo_Note/FundooNote/node_modules/express/lib/router/index.js:280:10)
    at /home/akhil/CFP238/Fundoo_Note/FundooNote/node_modules/body-parser/lib/read.js:137:5
    at AsyncResource.runInAsyncScope (node:async_hooks:206:9)
    at invokeCallback (/home/akhil/CFP238/Fundoo_Note/FundooNote/node_modules/raw-body/index.js:231:16)
    at done (/home/akhil/CFP238/Fundoo_Note/FundooNote/node_modules/raw-body/index.js:220:7)
    at IncomingMessage.onEnd (/home/akhil/CFP238/Fundoo_Note/FundooNote/node_modules/raw-body/index.js:280:7)
    at IncomingMessage.emit (node:events:511:28)
    at endReadableNT (node:internal/streams/readable:1367:12)
    at processTicksAndRejections (node:internal/process/task_queues:82:21) 
    url - /api/v1/users 
    method - POST 
    IP - ::ffff:127.0.0.1
   {"timestamp":"2023-06-27T10:10:09.782Z"}
info: Server started at http://localhost:3000/api/v1/ {"timestamp":"2023-06-27T10:45:05.246Z"}
error: 
    status - 500 
    message - ReferenceError: HttpStatus is not defined
    at newUserValidator (/home/akhil/CFP238/Fundoo_Note/FundooNote/src/validators/user.validator.js:12:16)
    at Layer.handle [as handle_request] (/home/akhil/CFP238/Fundoo_Note/FundooNote/node_modules/express/lib/router/layer.js:95:5)
    at next (/home/akhil/CFP238/Fundoo_Note/FundooNote/node_modules/express/lib/router/route.js:144:13)
    at Route.dispatch (/home/akhil/CFP238/Fundoo_Note/FundooNote/node_modules/express/lib/router/route.js:114:3)
    at Layer.handle [as handle_request] (/home/akhil/CFP238/Fundoo_Note/FundooNote/node_modules/express/lib/router/layer.js:95:5)
    at /home/akhil/CFP238/Fundoo_Note/FundooNote/node_modules/express/lib/router/index.js:284:15
    at Function.process_params (/home/akhil/CFP238/Fundoo_Note/FundooNote/node_modules/express/lib/router/index.js:346:12)
    at next (/home/akhil/CFP238/Fundoo_Note/FundooNote/node_modules/express/lib/router/index.js:280:10)
    at Function.handle (/home/akhil/CFP238/Fundoo_Note/FundooNote/node_modules/express/lib/router/index.js:175:3)
    at router (/home/akhil/CFP238/Fundoo_Note/FundooNote/node_modules/express/lib/router/index.js:47:12)
    at Layer.handle [as handle_request] (/home/akhil/CFP238/Fundoo_Note/FundooNote/node_modules/express/lib/router/layer.js:95:5)
    at trim_prefix (/home/akhil/CFP238/Fundoo_Note/FundooNote/node_modules/express/lib/router/index.js:328:13)
    at /home/akhil/CFP238/Fundoo_Note/FundooNote/node_modules/express/lib/router/index.js:286:9
    at Function.process_params (/home/akhil/CFP238/Fundoo_Note/FundooNote/node_modules/express/lib/router/index.js:346:12)
    at next (/home/akhil/CFP238/Fundoo_Note/FundooNote/node_modules/express/lib/router/index.js:280:10)
    at Function.handle (/home/akhil/CFP238/Fundoo_Note/FundooNote/node_modules/express/lib/router/index.js:175:3)
    at router (/home/akhil/CFP238/Fundoo_Note/FundooNote/node_modules/express/lib/router/index.js:47:12)
    at Layer.handle [as handle_request] (/home/akhil/CFP238/Fundoo_Note/FundooNote/node_modules/express/lib/router/layer.js:95:5)
    at trim_prefix (/home/akhil/CFP238/Fundoo_Note/FundooNote/node_modules/express/lib/router/index.js:328:13)
    at /home/akhil/CFP238/Fundoo_Note/FundooNote/node_modules/express/lib/router/index.js:286:9
    at Function.process_params (/home/akhil/CFP238/Fundoo_Note/FundooNote/node_modules/express/lib/router/index.js:346:12)
    at next (/home/akhil/CFP238/Fundoo_Note/FundooNote/node_modules/express/lib/router/index.js:280:10)
    at logger (/home/akhil/CFP238/Fundoo_Note/FundooNote/node_modules/morgan/index.js:144:5)
    at Layer.handle [as handle_request] (/home/akhil/CFP238/Fundoo_Note/FundooNote/node_modules/express/lib/router/layer.js:95:5)
    at trim_prefix (/home/akhil/CFP238/Fundoo_Note/FundooNote/node_modules/express/lib/router/index.js:328:13)
    at /home/akhil/CFP238/Fundoo_Note/FundooNote/node_modules/express/lib/router/index.js:286:9
    at Function.process_params (/home/akhil/CFP238/Fundoo_Note/FundooNote/node_modules/express/lib/router/index.js:346:12)
    at next (/home/akhil/CFP238/Fundoo_Note/FundooNote/node_modules/express/lib/router/index.js:280:10)
    at /home/akhil/CFP238/Fundoo_Note/FundooNote/node_modules/body-parser/lib/read.js:137:5
    at AsyncResource.runInAsyncScope (node:async_hooks:206:9)
    at invokeCallback (/home/akhil/CFP238/Fundoo_Note/FundooNote/node_modules/raw-body/index.js:231:16)
    at done (/home/akhil/CFP238/Fundoo_Note/FundooNote/node_modules/raw-body/index.js:220:7)
    at IncomingMessage.onEnd (/home/akhil/CFP238/Fundoo_Note/FundooNote/node_modules/raw-body/index.js:280:7)
    at IncomingMessage.emit (node:events:511:28)
    at endReadableNT (node:internal/streams/readable:1367:12)
    at processTicksAndRejections (node:internal/process/task_queues:82:21) 
    url - /api/v1/users 
    method - POST 
    IP - ::ffff:127.0.0.1
   {"timestamp":"2023-06-27T10:45:10.271Z"}
info: Server started at http://localhost:3000/api/v1/ {"timestamp":"2023-06-27T11:04:22.114Z"}
error: 
    status - 500 
    message - ReferenceError: HttpStatus is not defined
    at newUserValidator (/home/akhil/CFP238/Fundoo_Note/FundooNote/src/validators/user.validator.js:12:16)
    at Layer.handle [as handle_request] (/home/akhil/CFP238/Fundoo_Note/FundooNote/node_modules/express/lib/router/layer.js:95:5)
    at next (/home/akhil/CFP238/Fundoo_Note/FundooNote/node_modules/express/lib/router/route.js:144:13)
    at Route.dispatch (/home/akhil/CFP238/Fundoo_Note/FundooNote/node_modules/express/lib/router/route.js:114:3)
    at Layer.handle [as handle_request] (/home/akhil/CFP238/Fundoo_Note/FundooNote/node_modules/express/lib/router/layer.js:95:5)
    at /home/akhil/CFP238/Fundoo_Note/FundooNote/node_modules/express/lib/router/index.js:284:15
    at Function.process_params (/home/akhil/CFP238/Fundoo_Note/FundooNote/node_modules/express/lib/router/index.js:346:12)
    at next (/home/akhil/CFP238/Fundoo_Note/FundooNote/node_modules/express/lib/router/index.js:280:10)
    at Function.handle (/home/akhil/CFP238/Fundoo_Note/FundooNote/node_modules/express/lib/router/index.js:175:3)
    at router (/home/akhil/CFP238/Fundoo_Note/FundooNote/node_modules/express/lib/router/index.js:47:12)
    at Layer.handle [as handle_request] (/home/akhil/CFP238/Fundoo_Note/FundooNote/node_modules/express/lib/router/layer.js:95:5)
    at trim_prefix (/home/akhil/CFP238/Fundoo_Note/FundooNote/node_modules/express/lib/router/index.js:328:13)
    at /home/akhil/CFP238/Fundoo_Note/FundooNote/node_modules/express/lib/router/index.js:286:9
    at Function.process_params (/home/akhil/CFP238/Fundoo_Note/FundooNote/node_modules/express/lib/router/index.js:346:12)
    at next (/home/akhil/CFP238/Fundoo_Note/FundooNote/node_modules/express/lib/router/index.js:280:10)
    at Function.handle (/home/akhil/CFP238/Fundoo_Note/FundooNote/node_modules/express/lib/router/index.js:175:3)
    at router (/home/akhil/CFP238/Fundoo_Note/FundooNote/node_modules/express/lib/router/index.js:47:12)
    at Layer.handle [as handle_request] (/home/akhil/CFP238/Fundoo_Note/FundooNote/node_modules/express/lib/router/layer.js:95:5)
    at trim_prefix (/home/akhil/CFP238/Fundoo_Note/FundooNote/node_modules/express/lib/router/index.js:328:13)
    at /home/akhil/CFP238/Fundoo_Note/FundooNote/node_modules/express/lib/router/index.js:286:9
    at Function.process_params (/home/akhil/CFP238/Fundoo_Note/FundooNote/node_modules/express/lib/router/index.js:346:12)
    at next (/home/akhil/CFP238/Fundoo_Note/FundooNote/node_modules/express/lib/router/index.js:280:10)
    at logger (/home/akhil/CFP238/Fundoo_Note/FundooNote/node_modules/morgan/index.js:144:5)
    at Layer.handle [as handle_request] (/home/akhil/CFP238/Fundoo_Note/FundooNote/node_modules/express/lib/router/layer.js:95:5)
    at trim_prefix (/home/akhil/CFP238/Fundoo_Note/FundooNote/node_modules/express/lib/router/index.js:328:13)
    at /home/akhil/CFP238/Fundoo_Note/FundooNote/node_modules/express/lib/router/index.js:286:9
    at Function.process_params (/home/akhil/CFP238/Fundoo_Note/FundooNote/node_modules/express/lib/router/index.js:346:12)
    at next (/home/akhil/CFP238/Fundoo_Note/FundooNote/node_modules/express/lib/router/index.js:280:10)
    at /home/akhil/CFP238/Fundoo_Note/FundooNote/node_modules/body-parser/lib/read.js:137:5
    at AsyncResource.runInAsyncScope (node:async_hooks:206:9)
    at invokeCallback (/home/akhil/CFP238/Fundoo_Note/FundooNote/node_modules/raw-body/index.js:231:16)
    at done (/home/akhil/CFP238/Fundoo_Note/FundooNote/node_modules/raw-body/index.js:220:7)
    at IncomingMessage.onEnd (/home/akhil/CFP238/Fundoo_Note/FundooNote/node_modules/raw-body/index.js:280:7)
    at IncomingMessage.emit (node:events:511:28)
    at endReadableNT (node:internal/streams/readable:1367:12)
    at processTicksAndRejections (node:internal/process/task_queues:82:21) 
    url - /api/v1/users 
    method - POST 
    IP - ::ffff:127.0.0.1
   {"timestamp":"2023-06-27T11:04:27.146Z"}
error: Could not connect to the database. Invalid connection string {"name":"MongoParseError","stack":"MongoParseError: Invalid connection string\n    at parseConnectionString (/home/akhil/CFP238/Fundoo_Note/FundooNote/node_modules/mongodb/lib/core/uri_parser.js:585:21)\n    at connect (/home/akhil/CFP238/Fundoo_Note/FundooNote/node_modules/mongodb/lib/operations/connect.js:283:3)\n    at /home/akhil/CFP238/Fundoo_Note/FundooNote/node_modules/mongodb/lib/mongo_client.js:284:5\n    at maybePromise (/home/akhil/CFP238/Fundoo_Note/FundooNote/node_modules/mongodb/lib/utils.js:692:3)\n    at MongoClient.connect (/home/akhil/CFP238/Fundoo_Note/FundooNote/node_modules/mongodb/lib/mongo_client.js:280:10)\n    at /home/akhil/CFP238/Fundoo_Note/FundooNote/node_modules/mongoose/lib/connection.js:836:12\n    at new Promise (<anonymous>)\n    at NativeConnection.Connection.openUri (/home/akhil/CFP238/Fundoo_Note/FundooNote/node_modules/mongoose/lib/connection.js:832:19)\n    at /home/akhil/CFP238/Fundoo_Note/FundooNote/node_modules/mongoose/lib/index.js:351:10\n    at /home/akhil/CFP238/Fundoo_Note/FundooNote/node_modules/mongoose/lib/helpers/promiseOrCallback.js:32:5\n    at new Promise (<anonymous>)\n    at promiseOrCallback (/home/akhil/CFP238/Fundoo_Note/FundooNote/node_modules/mongoose/lib/helpers/promiseOrCallback.js:31:10)\n    at Mongoose._promiseOrCallback (/home/akhil/CFP238/Fundoo_Note/FundooNote/node_modules/mongoose/lib/index.js:1149:10)\n    at Mongoose.connect (/home/akhil/CFP238/Fundoo_Note/FundooNote/node_modules/mongoose/lib/index.js:350:20)\n    at _callee$ (/home/akhil/CFP238/Fundoo_Note/FundooNote/src/config/database.js:12:20)\n    at tryCatch (/home/akhil/CFP238/Fundoo_Note/FundooNote/node_modules/@babel/runtime/helpers/regeneratorRuntime.js:44:17)\n    at Generator.<anonymous> (/home/akhil/CFP238/Fundoo_Note/FundooNote/node_modules/@babel/runtime/helpers/regeneratorRuntime.js:125:22)\n    at Generator.next (/home/akhil/CFP238/Fundoo_Note/FundooNote/node_modules/@babel/runtime/helpers/regeneratorRuntime.js:69:21)\n    at asyncGeneratorStep (/home/akhil/CFP238/Fundoo_Note/FundooNote/node_modules/@babel/runtime/helpers/asyncToGenerator.js:3:24)\n    at _next (/home/akhil/CFP238/Fundoo_Note/FundooNote/node_modules/@babel/runtime/helpers/asyncToGenerator.js:22:9)\n    at /home/akhil/CFP238/Fundoo_Note/FundooNote/node_modules/@babel/runtime/helpers/asyncToGenerator.js:27:7\n    at new Promise (<anonymous>)\n    at apply (/home/akhil/CFP238/Fundoo_Note/FundooNote/node_modules/@babel/runtime/helpers/asyncToGenerator.js:19:12)\n    at database (/home/akhil/CFP238/Fundoo_Note/FundooNote/src/config/database.js:4:15)\n    at Object.<anonymous> (/home/akhil/CFP238/Fundoo_Note/FundooNote/src/index.js:30:9)\n    at Module._compile (node:internal/modules/cjs/loader:1257:14)\n    at Module._compile (/home/akhil/CFP238/Fundoo_Note/FundooNote/node_modules/pirates/lib/index.js:136:24)\n    at Module._extensions..js (node:internal/modules/cjs/loader:1311:10)\n    at Object.newLoader [as .js] (/home/akhil/CFP238/Fundoo_Note/FundooNote/node_modules/pirates/lib/index.js:141:7)\n    at Module.load (node:internal/modules/cjs/loader:1115:32)\n    at Function.Module._load (node:internal/modules/cjs/loader:962:12)\n    at Module.require (node:internal/modules/cjs/loader:1139:19)\n    at require (node:internal/modules/helpers:121:18)\n    at Object.<anonymous> (/home/akhil/CFP238/Fundoo_Note/FundooNote/tests/integration/user.test.js:5:1)\n    at Module._compile (node:internal/modules/cjs/loader:1257:14)\n    at Module._compile (/home/akhil/CFP238/Fundoo_Note/FundooNote/node_modules/pirates/lib/index.js:136:24)\n    at Module._extensions..js (node:internal/modules/cjs/loader:1311:10)\n    at Object.newLoader [as .js] (/home/akhil/CFP238/Fundoo_Note/FundooNote/node_modules/pirates/lib/index.js:141:7)\n    at Module.load (node:internal/modules/cjs/loader:1115:32)\n    at Function.Module._load (node:internal/modules/cjs/loader:962:12)\n    at Module.require (node:internal/modules/cjs/loader:1139:19)\n    at require (node:internal/modules/helpers:121:18)\n    at Object.exports.requireOrImport (/home/akhil/CFP238/Fundoo_Note/FundooNote/node_modules/mocha/lib/esm-utils.js:42:12)\n    at Object.exports.loadFilesAsync (/home/akhil/CFP238/Fundoo_Note/FundooNote/node_modules/mocha/lib/esm-utils.js:55:34)\n    at Mocha.loadFilesAsync (/home/akhil/CFP238/Fundoo_Note/FundooNote/node_modules/mocha/lib/mocha.js:473:19)\n    at singleRun (/home/akhil/CFP238/Fundoo_Note/FundooNote/node_modules/mocha/lib/cli/run-helpers.js:125:15)\n    at exports.runMocha (/home/akhil/CFP238/Fundoo_Note/FundooNote/node_modules/mocha/lib/cli/run-helpers.js:190:10)\n    at Object.exports.handler (/home/akhil/CFP238/Fundoo_Note/FundooNote/node_modules/mocha/lib/cli/run.js:362:11)\n    at /home/akhil/CFP238/Fundoo_Note/FundooNote/node_modules/yargs/build/index.cjs:443:71","timestamp":"2023-06-27T11:11:59.390Z"}
info: Server started at http://localhost:3000/api/v1/ {"timestamp":"2023-06-27T11:11:59.398Z"}
error: 
    status - 500 
    message - ReferenceError: HttpStatus is not defined
    at newUserValidator (/home/akhil/CFP238/Fundoo_Note/FundooNote/src/validators/user.validator.js:12:16)
    at Layer.handle [as handle_request] (/home/akhil/CFP238/Fundoo_Note/FundooNote/node_modules/express/lib/router/layer.js:95:5)
    at next (/home/akhil/CFP238/Fundoo_Note/FundooNote/node_modules/express/lib/router/route.js:144:13)
    at Route.dispatch (/home/akhil/CFP238/Fundoo_Note/FundooNote/node_modules/express/lib/router/route.js:114:3)
    at Layer.handle [as handle_request] (/home/akhil/CFP238/Fundoo_Note/FundooNote/node_modules/express/lib/router/layer.js:95:5)
    at /home/akhil/CFP238/Fundoo_Note/FundooNote/node_modules/express/lib/router/index.js:284:15
    at Function.process_params (/home/akhil/CFP238/Fundoo_Note/FundooNote/node_modules/express/lib/router/index.js:346:12)
    at next (/home/akhil/CFP238/Fundoo_Note/FundooNote/node_modules/express/lib/router/index.js:280:10)
    at Function.handle (/home/akhil/CFP238/Fundoo_Note/FundooNote/node_modules/express/lib/router/index.js:175:3)
    at router (/home/akhil/CFP238/Fundoo_Note/FundooNote/node_modules/express/lib/router/index.js:47:12)
    at Layer.handle [as handle_request] (/home/akhil/CFP238/Fundoo_Note/FundooNote/node_modules/express/lib/router/layer.js:95:5)
    at trim_prefix (/home/akhil/CFP238/Fundoo_Note/FundooNote/node_modules/express/lib/router/index.js:328:13)
    at /home/akhil/CFP238/Fundoo_Note/FundooNote/node_modules/express/lib/router/index.js:286:9
    at Function.process_params (/home/akhil/CFP238/Fundoo_Note/FundooNote/node_modules/express/lib/router/index.js:346:12)
    at next (/home/akhil/CFP238/Fundoo_Note/FundooNote/node_modules/express/lib/router/index.js:280:10)
    at Function.handle (/home/akhil/CFP238/Fundoo_Note/FundooNote/node_modules/express/lib/router/index.js:175:3)
    at router (/home/akhil/CFP238/Fundoo_Note/FundooNote/node_modules/express/lib/router/index.js:47:12)
    at Layer.handle [as handle_request] (/home/akhil/CFP238/Fundoo_Note/FundooNote/node_modules/express/lib/router/layer.js:95:5)
    at trim_prefix (/home/akhil/CFP238/Fundoo_Note/FundooNote/node_modules/express/lib/router/index.js:328:13)
    at /home/akhil/CFP238/Fundoo_Note/FundooNote/node_modules/express/lib/router/index.js:286:9
    at Function.process_params (/home/akhil/CFP238/Fundoo_Note/FundooNote/node_modules/express/lib/router/index.js:346:12)
    at next (/home/akhil/CFP238/Fundoo_Note/FundooNote/node_modules/express/lib/router/index.js:280:10)
    at logger (/home/akhil/CFP238/Fundoo_Note/FundooNote/node_modules/morgan/index.js:144:5)
    at Layer.handle [as handle_request] (/home/akhil/CFP238/Fundoo_Note/FundooNote/node_modules/express/lib/router/layer.js:95:5)
    at trim_prefix (/home/akhil/CFP238/Fundoo_Note/FundooNote/node_modules/express/lib/router/index.js:328:13)
    at /home/akhil/CFP238/Fundoo_Note/FundooNote/node_modules/express/lib/router/index.js:286:9
    at Function.process_params (/home/akhil/CFP238/Fundoo_Note/FundooNote/node_modules/express/lib/router/index.js:346:12)
    at next (/home/akhil/CFP238/Fundoo_Note/FundooNote/node_modules/express/lib/router/index.js:280:10)
    at /home/akhil/CFP238/Fundoo_Note/FundooNote/node_modules/body-parser/lib/read.js:137:5
    at AsyncResource.runInAsyncScope (node:async_hooks:206:9)
    at invokeCallback (/home/akhil/CFP238/Fundoo_Note/FundooNote/node_modules/raw-body/index.js:231:16)
    at done (/home/akhil/CFP238/Fundoo_Note/FundooNote/node_modules/raw-body/index.js:220:7)
    at IncomingMessage.onEnd (/home/akhil/CFP238/Fundoo_Note/FundooNote/node_modules/raw-body/index.js:280:7)
    at IncomingMessage.emit (node:events:511:28)
    at endReadableNT (node:internal/streams/readable:1367:12)
    at processTicksAndRejections (node:internal/process/task_queues:82:21) 
    url - /api/v1/users 
    method - POST 
    IP - ::ffff:127.0.0.1
   {"timestamp":"2023-06-27T11:12:04.418Z"}
info: Server started at http://localhost:3000/api/v1/ {"timestamp":"2023-06-27T11:13:01.446Z"}
info: Connected to the database. {"timestamp":"2023-06-27T11:13:01.468Z"}
error: 
    status - 500 
    message - ReferenceError: HttpStatus is not defined
    at newUserValidator (/home/akhil/CFP238/Fundoo_Note/FundooNote/src/validators/user.validator.js:12:16)
    at Layer.handle [as handle_request] (/home/akhil/CFP238/Fundoo_Note/FundooNote/node_modules/express/lib/router/layer.js:95:5)
    at next (/home/akhil/CFP238/Fundoo_Note/FundooNote/node_modules/express/lib/router/route.js:144:13)
    at Route.dispatch (/home/akhil/CFP238/Fundoo_Note/FundooNote/node_modules/express/lib/router/route.js:114:3)
    at Layer.handle [as handle_request] (/home/akhil/CFP238/Fundoo_Note/FundooNote/node_modules/express/lib/router/layer.js:95:5)
    at /home/akhil/CFP238/Fundoo_Note/FundooNote/node_modules/express/lib/router/index.js:284:15
    at Function.process_params (/home/akhil/CFP238/Fundoo_Note/FundooNote/node_modules/express/lib/router/index.js:346:12)
    at next (/home/akhil/CFP238/Fundoo_Note/FundooNote/node_modules/express/lib/router/index.js:280:10)
    at Function.handle (/home/akhil/CFP238/Fundoo_Note/FundooNote/node_modules/express/lib/router/index.js:175:3)
    at router (/home/akhil/CFP238/Fundoo_Note/FundooNote/node_modules/express/lib/router/index.js:47:12)
    at Layer.handle [as handle_request] (/home/akhil/CFP238/Fundoo_Note/FundooNote/node_modules/express/lib/router/layer.js:95:5)
    at trim_prefix (/home/akhil/CFP238/Fundoo_Note/FundooNote/node_modules/express/lib/router/index.js:328:13)
    at /home/akhil/CFP238/Fundoo_Note/FundooNote/node_modules/express/lib/router/index.js:286:9
    at Function.process_params (/home/akhil/CFP238/Fundoo_Note/FundooNote/node_modules/express/lib/router/index.js:346:12)
    at next (/home/akhil/CFP238/Fundoo_Note/FundooNote/node_modules/express/lib/router/index.js:280:10)
    at Function.handle (/home/akhil/CFP238/Fundoo_Note/FundooNote/node_modules/express/lib/router/index.js:175:3)
    at router (/home/akhil/CFP238/Fundoo_Note/FundooNote/node_modules/express/lib/router/index.js:47:12)
    at Layer.handle [as handle_request] (/home/akhil/CFP238/Fundoo_Note/FundooNote/node_modules/express/lib/router/layer.js:95:5)
    at trim_prefix (/home/akhil/CFP238/Fundoo_Note/FundooNote/node_modules/express/lib/router/index.js:328:13)
    at /home/akhil/CFP238/Fundoo_Note/FundooNote/node_modules/express/lib/router/index.js:286:9
    at Function.process_params (/home/akhil/CFP238/Fundoo_Note/FundooNote/node_modules/express/lib/router/index.js:346:12)
    at next (/home/akhil/CFP238/Fundoo_Note/FundooNote/node_modules/express/lib/router/index.js:280:10)
    at logger (/home/akhil/CFP238/Fundoo_Note/FundooNote/node_modules/morgan/index.js:144:5)
    at Layer.handle [as handle_request] (/home/akhil/CFP238/Fundoo_Note/FundooNote/node_modules/express/lib/router/layer.js:95:5)
    at trim_prefix (/home/akhil/CFP238/Fundoo_Note/FundooNote/node_modules/express/lib/router/index.js:328:13)
    at /home/akhil/CFP238/Fundoo_Note/FundooNote/node_modules/express/lib/router/index.js:286:9
    at Function.process_params (/home/akhil/CFP238/Fundoo_Note/FundooNote/node_modules/express/lib/router/index.js:346:12)
    at next (/home/akhil/CFP238/Fundoo_Note/FundooNote/node_modules/express/lib/router/index.js:280:10)
    at /home/akhil/CFP238/Fundoo_Note/FundooNote/node_modules/body-parser/lib/read.js:137:5
    at AsyncResource.runInAsyncScope (node:async_hooks:206:9)
    at invokeCallback (/home/akhil/CFP238/Fundoo_Note/FundooNote/node_modules/raw-body/index.js:231:16)
    at done (/home/akhil/CFP238/Fundoo_Note/FundooNote/node_modules/raw-body/index.js:220:7)
    at IncomingMessage.onEnd (/home/akhil/CFP238/Fundoo_Note/FundooNote/node_modules/raw-body/index.js:280:7)
    at IncomingMessage.emit (node:events:511:28)
    at endReadableNT (node:internal/streams/readable:1367:12)
    at processTicksAndRejections (node:internal/process/task_queues:82:21) 
    url - /api/v1/users 
    method - POST 
    IP - ::ffff:127.0.0.1
   {"timestamp":"2023-06-27T11:13:01.626Z"}
info: Server started at http://localhost:3000/api/v1/ {"timestamp":"2023-06-27T11:46:19.868Z"}
info: Connected to the database. {"timestamp":"2023-06-27T11:46:19.887Z"}
error: 
    status - 500 
    message - ReferenceError: HttpStatus is not defined
    at newUserValidator (/home/akhil/CFP238/Fundoo_Note/FundooNote/src/validators/user.validator.js:12:16)
    at Layer.handle [as handle_request] (/home/akhil/CFP238/Fundoo_Note/FundooNote/node_modules/express/lib/router/layer.js:95:5)
    at next (/home/akhil/CFP238/Fundoo_Note/FundooNote/node_modules/express/lib/router/route.js:144:13)
    at Route.dispatch (/home/akhil/CFP238/Fundoo_Note/FundooNote/node_modules/express/lib/router/route.js:114:3)
    at Layer.handle [as handle_request] (/home/akhil/CFP238/Fundoo_Note/FundooNote/node_modules/express/lib/router/layer.js:95:5)
    at /home/akhil/CFP238/Fundoo_Note/FundooNote/node_modules/express/lib/router/index.js:284:15
    at Function.process_params (/home/akhil/CFP238/Fundoo_Note/FundooNote/node_modules/express/lib/router/index.js:346:12)
    at next (/home/akhil/CFP238/Fundoo_Note/FundooNote/node_modules/express/lib/router/index.js:280:10)
    at Function.handle (/home/akhil/CFP238/Fundoo_Note/FundooNote/node_modules/express/lib/router/index.js:175:3)
    at router (/home/akhil/CFP238/Fundoo_Note/FundooNote/node_modules/express/lib/router/index.js:47:12)
    at Layer.handle [as handle_request] (/home/akhil/CFP238/Fundoo_Note/FundooNote/node_modules/express/lib/router/layer.js:95:5)
    at trim_prefix (/home/akhil/CFP238/Fundoo_Note/FundooNote/node_modules/express/lib/router/index.js:328:13)
    at /home/akhil/CFP238/Fundoo_Note/FundooNote/node_modules/express/lib/router/index.js:286:9
    at Function.process_params (/home/akhil/CFP238/Fundoo_Note/FundooNote/node_modules/express/lib/router/index.js:346:12)
    at next (/home/akhil/CFP238/Fundoo_Note/FundooNote/node_modules/express/lib/router/index.js:280:10)
    at Function.handle (/home/akhil/CFP238/Fundoo_Note/FundooNote/node_modules/express/lib/router/index.js:175:3)
    at router (/home/akhil/CFP238/Fundoo_Note/FundooNote/node_modules/express/lib/router/index.js:47:12)
    at Layer.handle [as handle_request] (/home/akhil/CFP238/Fundoo_Note/FundooNote/node_modules/express/lib/router/layer.js:95:5)
    at trim_prefix (/home/akhil/CFP238/Fundoo_Note/FundooNote/node_modules/express/lib/router/index.js:328:13)
    at /home/akhil/CFP238/Fundoo_Note/FundooNote/node_modules/express/lib/router/index.js:286:9
    at Function.process_params (/home/akhil/CFP238/Fundoo_Note/FundooNote/node_modules/express/lib/router/index.js:346:12)
    at next (/home/akhil/CFP238/Fundoo_Note/FundooNote/node_modules/express/lib/router/index.js:280:10)
    at logger (/home/akhil/CFP238/Fundoo_Note/FundooNote/node_modules/morgan/index.js:144:5)
    at Layer.handle [as handle_request] (/home/akhil/CFP238/Fundoo_Note/FundooNote/node_modules/express/lib/router/layer.js:95:5)
    at trim_prefix (/home/akhil/CFP238/Fundoo_Note/FundooNote/node_modules/express/lib/router/index.js:328:13)
    at /home/akhil/CFP238/Fundoo_Note/FundooNote/node_modules/express/lib/router/index.js:286:9
    at Function.process_params (/home/akhil/CFP238/Fundoo_Note/FundooNote/node_modules/express/lib/router/index.js:346:12)
    at next (/home/akhil/CFP238/Fundoo_Note/FundooNote/node_modules/express/lib/router/index.js:280:10)
    at /home/akhil/CFP238/Fundoo_Note/FundooNote/node_modules/body-parser/lib/read.js:137:5
    at AsyncResource.runInAsyncScope (node:async_hooks:206:9)
    at invokeCallback (/home/akhil/CFP238/Fundoo_Note/FundooNote/node_modules/raw-body/index.js:231:16)
    at done (/home/akhil/CFP238/Fundoo_Note/FundooNote/node_modules/raw-body/index.js:220:7)
    at IncomingMessage.onEnd (/home/akhil/CFP238/Fundoo_Note/FundooNote/node_modules/raw-body/index.js:280:7)
    at IncomingMessage.emit (node:events:511:28)
    at endReadableNT (node:internal/streams/readable:1367:12)
    at processTicksAndRejections (node:internal/process/task_queues:82:21) 
    url - /api/v1/users 
    method - POST 
    IP - ::ffff:127.0.0.1
   {"timestamp":"2023-06-27T11:46:20.067Z"}
info: Server started at http://localhost:3000/api/v1/ {"timestamp":"2023-06-27T11:47:39.790Z"}
info: Connected to the database. {"timestamp":"2023-06-27T11:47:39.808Z"}
error: 
    status - 500 
    message - ReferenceError: HttpStatus is not defined
    at newUserValidator (/home/akhil/CFP238/Fundoo_Note/FundooNote/src/validators/user.validator.js:12:16)
    at Layer.handle [as handle_request] (/home/akhil/CFP238/Fundoo_Note/FundooNote/node_modules/express/lib/router/layer.js:95:5)
    at next (/home/akhil/CFP238/Fundoo_Note/FundooNote/node_modules/express/lib/router/route.js:144:13)
    at Route.dispatch (/home/akhil/CFP238/Fundoo_Note/FundooNote/node_modules/express/lib/router/route.js:114:3)
    at Layer.handle [as handle_request] (/home/akhil/CFP238/Fundoo_Note/FundooNote/node_modules/express/lib/router/layer.js:95:5)
    at /home/akhil/CFP238/Fundoo_Note/FundooNote/node_modules/express/lib/router/index.js:284:15
    at Function.process_params (/home/akhil/CFP238/Fundoo_Note/FundooNote/node_modules/express/lib/router/index.js:346:12)
    at next (/home/akhil/CFP238/Fundoo_Note/FundooNote/node_modules/express/lib/router/index.js:280:10)
    at Function.handle (/home/akhil/CFP238/Fundoo_Note/FundooNote/node_modules/express/lib/router/index.js:175:3)
    at router (/home/akhil/CFP238/Fundoo_Note/FundooNote/node_modules/express/lib/router/index.js:47:12)
    at Layer.handle [as handle_request] (/home/akhil/CFP238/Fundoo_Note/FundooNote/node_modules/express/lib/router/layer.js:95:5)
    at trim_prefix (/home/akhil/CFP238/Fundoo_Note/FundooNote/node_modules/express/lib/router/index.js:328:13)
    at /home/akhil/CFP238/Fundoo_Note/FundooNote/node_modules/express/lib/router/index.js:286:9
    at Function.process_params (/home/akhil/CFP238/Fundoo_Note/FundooNote/node_modules/express/lib/router/index.js:346:12)
    at next (/home/akhil/CFP238/Fundoo_Note/FundooNote/node_modules/express/lib/router/index.js:280:10)
    at Function.handle (/home/akhil/CFP238/Fundoo_Note/FundooNote/node_modules/express/lib/router/index.js:175:3)
    at router (/home/akhil/CFP238/Fundoo_Note/FundooNote/node_modules/express/lib/router/index.js:47:12)
    at Layer.handle [as handle_request] (/home/akhil/CFP238/Fundoo_Note/FundooNote/node_modules/express/lib/router/layer.js:95:5)
    at trim_prefix (/home/akhil/CFP238/Fundoo_Note/FundooNote/node_modules/express/lib/router/index.js:328:13)
    at /home/akhil/CFP238/Fundoo_Note/FundooNote/node_modules/express/lib/router/index.js:286:9
    at Function.process_params (/home/akhil/CFP238/Fundoo_Note/FundooNote/node_modules/express/lib/router/index.js:346:12)
    at next (/home/akhil/CFP238/Fundoo_Note/FundooNote/node_modules/express/lib/router/index.js:280:10)
    at logger (/home/akhil/CFP238/Fundoo_Note/FundooNote/node_modules/morgan/index.js:144:5)
    at Layer.handle [as handle_request] (/home/akhil/CFP238/Fundoo_Note/FundooNote/node_modules/express/lib/router/layer.js:95:5)
    at trim_prefix (/home/akhil/CFP238/Fundoo_Note/FundooNote/node_modules/express/lib/router/index.js:328:13)
    at /home/akhil/CFP238/Fundoo_Note/FundooNote/node_modules/express/lib/router/index.js:286:9
    at Function.process_params (/home/akhil/CFP238/Fundoo_Note/FundooNote/node_modules/express/lib/router/index.js:346:12)
    at next (/home/akhil/CFP238/Fundoo_Note/FundooNote/node_modules/express/lib/router/index.js:280:10)
    at /home/akhil/CFP238/Fundoo_Note/FundooNote/node_modules/body-parser/lib/read.js:137:5
    at AsyncResource.runInAsyncScope (node:async_hooks:206:9)
    at invokeCallback (/home/akhil/CFP238/Fundoo_Note/FundooNote/node_modules/raw-body/index.js:231:16)
    at done (/home/akhil/CFP238/Fundoo_Note/FundooNote/node_modules/raw-body/index.js:220:7)
    at IncomingMessage.onEnd (/home/akhil/CFP238/Fundoo_Note/FundooNote/node_modules/raw-body/index.js:280:7)
    at IncomingMessage.emit (node:events:511:28)
    at endReadableNT (node:internal/streams/readable:1367:12)
    at processTicksAndRejections (node:internal/process/task_queues:82:21) 
    url - /api/v1/users 
    method - POST 
    IP - ::ffff:127.0.0.1
   {"timestamp":"2023-06-27T11:47:39.977Z"}
info: Server started at http://localhost:3000/api/v1/ {"timestamp":"2023-06-27T11:48:00.136Z"}
info: Connected to the database. {"timestamp":"2023-06-27T11:48:00.153Z"}
error: 
    status - 500 
    message - ReferenceError: HttpStatus is not defined
    at newUserValidator (/home/akhil/CFP238/Fundoo_Note/FundooNote/src/validators/user.validator.js:12:16)
    at Layer.handle [as handle_request] (/home/akhil/CFP238/Fundoo_Note/FundooNote/node_modules/express/lib/router/layer.js:95:5)
    at next (/home/akhil/CFP238/Fundoo_Note/FundooNote/node_modules/express/lib/router/route.js:144:13)
    at Route.dispatch (/home/akhil/CFP238/Fundoo_Note/FundooNote/node_modules/express/lib/router/route.js:114:3)
    at Layer.handle [as handle_request] (/home/akhil/CFP238/Fundoo_Note/FundooNote/node_modules/express/lib/router/layer.js:95:5)
    at /home/akhil/CFP238/Fundoo_Note/FundooNote/node_modules/express/lib/router/index.js:284:15
    at Function.process_params (/home/akhil/CFP238/Fundoo_Note/FundooNote/node_modules/express/lib/router/index.js:346:12)
    at next (/home/akhil/CFP238/Fundoo_Note/FundooNote/node_modules/express/lib/router/index.js:280:10)
    at Function.handle (/home/akhil/CFP238/Fundoo_Note/FundooNote/node_modules/express/lib/router/index.js:175:3)
    at router (/home/akhil/CFP238/Fundoo_Note/FundooNote/node_modules/express/lib/router/index.js:47:12)
    at Layer.handle [as handle_request] (/home/akhil/CFP238/Fundoo_Note/FundooNote/node_modules/express/lib/router/layer.js:95:5)
    at trim_prefix (/home/akhil/CFP238/Fundoo_Note/FundooNote/node_modules/express/lib/router/index.js:328:13)
    at /home/akhil/CFP238/Fundoo_Note/FundooNote/node_modules/express/lib/router/index.js:286:9
    at Function.process_params (/home/akhil/CFP238/Fundoo_Note/FundooNote/node_modules/express/lib/router/index.js:346:12)
    at next (/home/akhil/CFP238/Fundoo_Note/FundooNote/node_modules/express/lib/router/index.js:280:10)
    at Function.handle (/home/akhil/CFP238/Fundoo_Note/FundooNote/node_modules/express/lib/router/index.js:175:3)
    at router (/home/akhil/CFP238/Fundoo_Note/FundooNote/node_modules/express/lib/router/index.js:47:12)
    at Layer.handle [as handle_request] (/home/akhil/CFP238/Fundoo_Note/FundooNote/node_modules/express/lib/router/layer.js:95:5)
    at trim_prefix (/home/akhil/CFP238/Fundoo_Note/FundooNote/node_modules/express/lib/router/index.js:328:13)
    at /home/akhil/CFP238/Fundoo_Note/FundooNote/node_modules/express/lib/router/index.js:286:9
    at Function.process_params (/home/akhil/CFP238/Fundoo_Note/FundooNote/node_modules/express/lib/router/index.js:346:12)
    at next (/home/akhil/CFP238/Fundoo_Note/FundooNote/node_modules/express/lib/router/index.js:280:10)
    at logger (/home/akhil/CFP238/Fundoo_Note/FundooNote/node_modules/morgan/index.js:144:5)
    at Layer.handle [as handle_request] (/home/akhil/CFP238/Fundoo_Note/FundooNote/node_modules/express/lib/router/layer.js:95:5)
    at trim_prefix (/home/akhil/CFP238/Fundoo_Note/FundooNote/node_modules/express/lib/router/index.js:328:13)
    at /home/akhil/CFP238/Fundoo_Note/FundooNote/node_modules/express/lib/router/index.js:286:9
    at Function.process_params (/home/akhil/CFP238/Fundoo_Note/FundooNote/node_modules/express/lib/router/index.js:346:12)
    at next (/home/akhil/CFP238/Fundoo_Note/FundooNote/node_modules/express/lib/router/index.js:280:10)
    at /home/akhil/CFP238/Fundoo_Note/FundooNote/node_modules/body-parser/lib/read.js:137:5
    at AsyncResource.runInAsyncScope (node:async_hooks:206:9)
    at invokeCallback (/home/akhil/CFP238/Fundoo_Note/FundooNote/node_modules/raw-body/index.js:231:16)
    at done (/home/akhil/CFP238/Fundoo_Note/FundooNote/node_modules/raw-body/index.js:220:7)
    at IncomingMessage.onEnd (/home/akhil/CFP238/Fundoo_Note/FundooNote/node_modules/raw-body/index.js:280:7)
    at IncomingMessage.emit (node:events:511:28)
    at endReadableNT (node:internal/streams/readable:1367:12)
    at processTicksAndRejections (node:internal/process/task_queues:82:21) 
    url - /api/v1/users 
    method - POST 
    IP - ::ffff:127.0.0.1
   {"timestamp":"2023-06-27T11:48:00.303Z"}
info: Server started at http://localhost:3000/api/v1/ {"timestamp":"2023-06-27T11:50:14.574Z"}
info: Connected to the database. {"timestamp":"2023-06-27T11:50:14.592Z"}
error: 
    status - 500 
    message - ReferenceError: HttpStatus is not defined
    at newUserValidator (/home/akhil/CFP238/Fundoo_Note/FundooNote/src/validators/user.validator.js:12:16)
    at Layer.handle [as handle_request] (/home/akhil/CFP238/Fundoo_Note/FundooNote/node_modules/express/lib/router/layer.js:95:5)
    at next (/home/akhil/CFP238/Fundoo_Note/FundooNote/node_modules/express/lib/router/route.js:144:13)
    at Route.dispatch (/home/akhil/CFP238/Fundoo_Note/FundooNote/node_modules/express/lib/router/route.js:114:3)
    at Layer.handle [as handle_request] (/home/akhil/CFP238/Fundoo_Note/FundooNote/node_modules/express/lib/router/layer.js:95:5)
    at /home/akhil/CFP238/Fundoo_Note/FundooNote/node_modules/express/lib/router/index.js:284:15
    at Function.process_params (/home/akhil/CFP238/Fundoo_Note/FundooNote/node_modules/express/lib/router/index.js:346:12)
    at next (/home/akhil/CFP238/Fundoo_Note/FundooNote/node_modules/express/lib/router/index.js:280:10)
    at Function.handle (/home/akhil/CFP238/Fundoo_Note/FundooNote/node_modules/express/lib/router/index.js:175:3)
    at router (/home/akhil/CFP238/Fundoo_Note/FundooNote/node_modules/express/lib/router/index.js:47:12)
    at Layer.handle [as handle_request] (/home/akhil/CFP238/Fundoo_Note/FundooNote/node_modules/express/lib/router/layer.js:95:5)
    at trim_prefix (/home/akhil/CFP238/Fundoo_Note/FundooNote/node_modules/express/lib/router/index.js:328:13)
    at /home/akhil/CFP238/Fundoo_Note/FundooNote/node_modules/express/lib/router/index.js:286:9
    at Function.process_params (/home/akhil/CFP238/Fundoo_Note/FundooNote/node_modules/express/lib/router/index.js:346:12)
    at next (/home/akhil/CFP238/Fundoo_Note/FundooNote/node_modules/express/lib/router/index.js:280:10)
    at Function.handle (/home/akhil/CFP238/Fundoo_Note/FundooNote/node_modules/express/lib/router/index.js:175:3)
    at router (/home/akhil/CFP238/Fundoo_Note/FundooNote/node_modules/express/lib/router/index.js:47:12)
    at Layer.handle [as handle_request] (/home/akhil/CFP238/Fundoo_Note/FundooNote/node_modules/express/lib/router/layer.js:95:5)
    at trim_prefix (/home/akhil/CFP238/Fundoo_Note/FundooNote/node_modules/express/lib/router/index.js:328:13)
    at /home/akhil/CFP238/Fundoo_Note/FundooNote/node_modules/express/lib/router/index.js:286:9
    at Function.process_params (/home/akhil/CFP238/Fundoo_Note/FundooNote/node_modules/express/lib/router/index.js:346:12)
    at next (/home/akhil/CFP238/Fundoo_Note/FundooNote/node_modules/express/lib/router/index.js:280:10)
    at logger (/home/akhil/CFP238/Fundoo_Note/FundooNote/node_modules/morgan/index.js:144:5)
    at Layer.handle [as handle_request] (/home/akhil/CFP238/Fundoo_Note/FundooNote/node_modules/express/lib/router/layer.js:95:5)
    at trim_prefix (/home/akhil/CFP238/Fundoo_Note/FundooNote/node_modules/express/lib/router/index.js:328:13)
    at /home/akhil/CFP238/Fundoo_Note/FundooNote/node_modules/express/lib/router/index.js:286:9
    at Function.process_params (/home/akhil/CFP238/Fundoo_Note/FundooNote/node_modules/express/lib/router/index.js:346:12)
    at next (/home/akhil/CFP238/Fundoo_Note/FundooNote/node_modules/express/lib/router/index.js:280:10)
    at /home/akhil/CFP238/Fundoo_Note/FundooNote/node_modules/body-parser/lib/read.js:137:5
    at AsyncResource.runInAsyncScope (node:async_hooks:206:9)
    at invokeCallback (/home/akhil/CFP238/Fundoo_Note/FundooNote/node_modules/raw-body/index.js:231:16)
    at done (/home/akhil/CFP238/Fundoo_Note/FundooNote/node_modules/raw-body/index.js:220:7)
    at IncomingMessage.onEnd (/home/akhil/CFP238/Fundoo_Note/FundooNote/node_modules/raw-body/index.js:280:7)
    at IncomingMessage.emit (node:events:511:28)
    at IncomingMessage.emit (node:domain:489:12)
    at endReadableNT (node:internal/streams/readable:1367:12)
    at processTicksAndRejections (node:internal/process/task_queues:82:21) 
    url - /api/v1/users/ 
    method - POST 
    IP - ::1
   {"timestamp":"2023-06-27T11:50:17.801Z"}
info: Server started at http://localhost:3000/api/v1/ {"timestamp":"2023-06-27T11:51:44.646Z"}
info: Connected to the database. {"timestamp":"2023-06-27T11:51:44.670Z"}
info: Server started at http://localhost:3000/api/v1/ {"timestamp":"2023-06-27T11:51:53.444Z"}
info: Connected to the database. {"timestamp":"2023-06-27T11:51:53.468Z"}
