info: Server started at http://localhost:3000/api/v1/ {"timestamp":"2023-06-29T02:21:24.879Z"}
info: Connected to the database. {"timestamp":"2023-06-29T02:21:24.897Z"}
info: Server started at http://localhost:3000/api/v1/ {"timestamp":"2023-06-29T02:22:00.909Z"}
info: Connected to the database. {"timestamp":"2023-06-29T02:22:00.931Z"}
info: Server started at http://localhost:3000/api/v1/ {"timestamp":"2023-06-29T02:24:33.790Z"}
info: Connected to the database. {"timestamp":"2023-06-29T02:24:33.816Z"}
info: Server started at http://localhost:3000/api/v1/ {"timestamp":"2023-06-29T02:25:39.933Z"}
info: Connected to the database. {"timestamp":"2023-06-29T02:25:39.958Z"}
info: Server started at http://localhost:3000/api/v1/ {"timestamp":"2023-06-29T02:26:28.646Z"}
info: Connected to the database. {"timestamp":"2023-06-29T02:26:28.668Z"}
info: Server started at http://localhost:3000/api/v1/ {"timestamp":"2023-06-29T04:17:57.168Z"}
info: Connected to the database. {"timestamp":"2023-06-29T04:17:57.196Z"}
info: Server started at http://localhost:3000/api/v1/ {"timestamp":"2023-06-29T09:39:15.777Z"}
info: Connected to the database. {"timestamp":"2023-06-29T09:39:15.797Z"}
info: Server started at http://localhost:3000/api/v1/ {"timestamp":"2023-06-29T09:42:00.713Z"}
info: Connected to the database. {"timestamp":"2023-06-29T09:42:00.739Z"}
info: Server started at http://localhost:3000/api/v1/ {"timestamp":"2023-06-29T09:46:59.201Z"}
info: Connected to the database. {"timestamp":"2023-06-29T09:46:59.219Z"}
info: Server started at http://localhost:3000/api/v1/ {"timestamp":"2023-06-29T10:04:14.121Z"}
info: Connected to the database. {"timestamp":"2023-06-29T10:04:14.139Z"}
info: Server started at http://localhost:3000/api/v1/ {"timestamp":"2023-06-29T10:05:36.865Z"}
info: Connected to the database. {"timestamp":"2023-06-29T10:05:36.883Z"}
info: Server started at http://localhost:3000/api/v1/ {"timestamp":"2023-06-29T10:07:30.141Z"}
info: Connected to the database. {"timestamp":"2023-06-29T10:07:30.175Z"}
info: Server started at http://localhost:3000/api/v1/ {"timestamp":"2023-06-29T10:09:13.424Z"}
info: Connected to the database. {"timestamp":"2023-06-29T10:09:13.460Z"}
info: Server started at http://localhost:3000/api/v1/ {"timestamp":"2023-06-29T10:12:38.645Z"}
info: Connected to the database. {"timestamp":"2023-06-29T10:12:38.670Z"}
info: Server started at http://localhost:3000/api/v1/ {"timestamp":"2023-06-29T10:13:01.887Z"}
info: Connected to the database. {"timestamp":"2023-06-29T10:13:01.904Z"}
info: Server started at http://localhost:3000/api/v1/ {"timestamp":"2023-06-29T14:06:37.370Z"}
info: Connected to the database. {"timestamp":"2023-06-29T14:06:37.430Z"}
error: 
    status - 500 
    message - TokenExpiredError: jwt expired
    at /home/akhil/CFP238/Fundoo_Note/FundooNote/node_modules/jsonwebtoken/verify.js:152:21
    at getSecret (/home/akhil/CFP238/Fundoo_Note/FundooNote/node_modules/jsonwebtoken/verify.js:90:14)
    at Object.verify (/home/akhil/CFP238/Fundoo_Note/FundooNote/node_modules/jsonwebtoken/verify.js:94:10)
    at _callee$ (/home/akhil/CFP238/Fundoo_Note/FundooNote/src/middlewares/auth.middleware.js:25:28)
    at tryCatch (/home/akhil/CFP238/Fundoo_Note/FundooNote/node_modules/@babel/runtime/helpers/regeneratorRuntime.js:44:17)
    at Generator.<anonymous> (/home/akhil/CFP238/Fundoo_Note/FundooNote/node_modules/@babel/runtime/helpers/regeneratorRuntime.js:125:22)
    at Generator.next (/home/akhil/CFP238/Fundoo_Note/FundooNote/node_modules/@babel/runtime/helpers/regeneratorRuntime.js:69:21)
    at asyncGeneratorStep (/home/akhil/CFP238/Fundoo_Note/FundooNote/node_modules/@babel/runtime/helpers/asyncToGenerator.js:3:24)
    at _next (/home/akhil/CFP238/Fundoo_Note/FundooNote/node_modules/@babel/runtime/helpers/asyncToGenerator.js:22:9)
    at /home/akhil/CFP238/Fundoo_Note/FundooNote/node_modules/@babel/runtime/helpers/asyncToGenerator.js:27:7
    at new Promise (<anonymous>)
    at apply (/home/akhil/CFP238/Fundoo_Note/FundooNote/node_modules/@babel/runtime/helpers/asyncToGenerator.js:19:12)
    at userAuth (/home/akhil/CFP238/Fundoo_Note/FundooNote/src/middlewares/auth.middleware.js:15:22)
    at Layer.handle [as handle_request] (/home/akhil/CFP238/Fundoo_Note/FundooNote/node_modules/express/lib/router/layer.js:95:5)
    at next (/home/akhil/CFP238/Fundoo_Note/FundooNote/node_modules/express/lib/router/route.js:144:13)
    at newNoteValidator (/home/akhil/CFP238/Fundoo_Note/FundooNote/src/validators/note.validator.js:17:5)
    at Layer.handle [as handle_request] (/home/akhil/CFP238/Fundoo_Note/FundooNote/node_modules/express/lib/router/layer.js:95:5)
    at next (/home/akhil/CFP238/Fundoo_Note/FundooNote/node_modules/express/lib/router/route.js:144:13)
    at Route.dispatch (/home/akhil/CFP238/Fundoo_Note/FundooNote/node_modules/express/lib/router/route.js:114:3)
    at Layer.handle [as handle_request] (/home/akhil/CFP238/Fundoo_Note/FundooNote/node_modules/express/lib/router/layer.js:95:5)
    at /home/akhil/CFP238/Fundoo_Note/FundooNote/node_modules/express/lib/router/index.js:284:15
    at Function.process_params (/home/akhil/CFP238/Fundoo_Note/FundooNote/node_modules/express/lib/router/index.js:346:12)
    at next (/home/akhil/CFP238/Fundoo_Note/FundooNote/node_modules/express/lib/router/index.js:280:10)
    at Function.handle (/home/akhil/CFP238/Fundoo_Note/FundooNote/node_modules/express/lib/router/index.js:175:3)
    at router (/home/akhil/CFP238/Fundoo_Note/FundooNote/node_modules/express/lib/router/index.js:47:12)
    at Layer.handle [as handle_request] (/home/akhil/CFP238/Fundoo_Note/FundooNote/node_modules/express/lib/router/layer.js:95:5)
    at trim_prefix (/home/akhil/CFP238/Fundoo_Note/FundooNote/node_modules/express/lib/router/index.js:328:13)
    at /home/akhil/CFP238/Fundoo_Note/FundooNote/node_modules/express/lib/router/index.js:286:9
    at Function.process_params (/home/akhil/CFP238/Fundoo_Note/FundooNote/node_modules/express/lib/router/index.js:346:12)
    at next (/home/akhil/CFP238/Fundoo_Note/FundooNote/node_modules/express/lib/router/index.js:280:10)
    at Function.handle (/home/akhil/CFP238/Fundoo_Note/FundooNote/node_modules/express/lib/router/index.js:175:3)
    at router (/home/akhil/CFP238/Fundoo_Note/FundooNote/node_modules/express/lib/router/index.js:47:12)
    at Layer.handle [as handle_request] (/home/akhil/CFP238/Fundoo_Note/FundooNote/node_modules/express/lib/router/layer.js:95:5)
    at trim_prefix (/home/akhil/CFP238/Fundoo_Note/FundooNote/node_modules/express/lib/router/index.js:328:13)
    at /home/akhil/CFP238/Fundoo_Note/FundooNote/node_modules/express/lib/router/index.js:286:9
    at Function.process_params (/home/akhil/CFP238/Fundoo_Note/FundooNote/node_modules/express/lib/router/index.js:346:12)
    at next (/home/akhil/CFP238/Fundoo_Note/FundooNote/node_modules/express/lib/router/index.js:280:10)
    at logger (/home/akhil/CFP238/Fundoo_Note/FundooNote/node_modules/morgan/index.js:144:5)
    at Layer.handle [as handle_request] (/home/akhil/CFP238/Fundoo_Note/FundooNote/node_modules/express/lib/router/layer.js:95:5)
    at trim_prefix (/home/akhil/CFP238/Fundoo_Note/FundooNote/node_modules/express/lib/router/index.js:328:13)
    at /home/akhil/CFP238/Fundoo_Note/FundooNote/node_modules/express/lib/router/index.js:286:9
    at Function.process_params (/home/akhil/CFP238/Fundoo_Note/FundooNote/node_modules/express/lib/router/index.js:346:12)
    at next (/home/akhil/CFP238/Fundoo_Note/FundooNote/node_modules/express/lib/router/index.js:280:10)
    at /home/akhil/CFP238/Fundoo_Note/FundooNote/node_modules/body-parser/lib/read.js:137:5
    at AsyncResource.runInAsyncScope (node:async_hooks:206:9)
    at invokeCallback (/home/akhil/CFP238/Fundoo_Note/FundooNote/node_modules/raw-body/index.js:231:16)
    at done (/home/akhil/CFP238/Fundoo_Note/FundooNote/node_modules/raw-body/index.js:220:7)
    at IncomingMessage.onEnd (/home/akhil/CFP238/Fundoo_Note/FundooNote/node_modules/raw-body/index.js:280:7)
    at IncomingMessage.emit (node:events:511:28)
    at IncomingMessage.emit (node:domain:489:12) 
    url - /api/v1/notes 
    method - POST 
    IP - ::1
   {"timestamp":"2023-06-29T14:06:40.796Z"}
info: Server started at http://localhost:3000/api/v1/ {"timestamp":"2023-06-29T14:11:16.203Z"}
info: Connected to the database. {"timestamp":"2023-06-29T14:11:16.226Z"}
info: Server started at http://localhost:3000/api/v1/ {"timestamp":"2023-06-29T14:26:35.420Z"}
info: Connected to the database. {"timestamp":"2023-06-29T14:26:35.439Z"}
info: Server started at http://localhost:3000/api/v1/ {"timestamp":"2023-06-29T14:27:05.253Z"}
info: Connected to the database. {"timestamp":"2023-06-29T14:27:05.279Z"}
info: Server started at http://localhost:3000/api/v1/ {"timestamp":"2023-06-29T14:28:49.560Z"}
info: Connected to the database. {"timestamp":"2023-06-29T14:28:49.576Z"}
info: Server started at http://localhost:3000/api/v1/ {"timestamp":"2023-06-29T14:30:51.326Z"}
info: Connected to the database. {"timestamp":"2023-06-29T14:30:51.345Z"}
info: Server started at http://localhost:3000/api/v1/ {"timestamp":"2023-06-29T14:33:23.809Z"}
info: Connected to the database. {"timestamp":"2023-06-29T14:33:23.826Z"}
info: Server started at http://localhost:3000/api/v1/ {"timestamp":"2023-06-29T14:34:03.400Z"}
info: Connected to the database. {"timestamp":"2023-06-29T14:34:03.422Z"}
info: Server started at http://localhost:3000/api/v1/ {"timestamp":"2023-06-29T14:40:05.821Z"}
info: Connected to the database. {"timestamp":"2023-06-29T14:40:05.839Z"}
info: Server started at http://localhost:3000/api/v1/ {"timestamp":"2023-06-29T14:53:01.642Z"}
info: Connected to the database. {"timestamp":"2023-06-29T14:53:01.669Z"}
info: Server started at http://localhost:3000/api/v1/ {"timestamp":"2023-06-29T14:53:52.819Z"}
info: Connected to the database. {"timestamp":"2023-06-29T14:53:52.853Z"}
info: Server started at http://localhost:3000/api/v1/ {"timestamp":"2023-06-29T14:54:13.182Z"}
info: Connected to the database. {"timestamp":"2023-06-29T14:54:13.202Z"}
info: Server started at http://localhost:3000/api/v1/ {"timestamp":"2023-06-29T14:54:20.610Z"}
info: Connected to the database. {"timestamp":"2023-06-29T14:54:20.627Z"}
info: Server started at http://localhost:3000/api/v1/ {"timestamp":"2023-06-29T14:57:19.875Z"}
info: Connected to the database. {"timestamp":"2023-06-29T14:57:19.893Z"}
info: Server started at http://localhost:3000/api/v1/ {"timestamp":"2023-06-29T14:57:53.294Z"}
info: Connected to the database. {"timestamp":"2023-06-29T14:57:53.315Z"}
info: Server started at http://localhost:3000/api/v1/ {"timestamp":"2023-06-29T15:05:49.945Z"}
info: Connected to the database. {"timestamp":"2023-06-29T15:05:49.967Z"}
info: Server started at http://localhost:3000/api/v1/ {"timestamp":"2023-06-29T15:06:47.117Z"}
info: Connected to the database. {"timestamp":"2023-06-29T15:06:47.136Z"}
info: Server started at http://localhost:3000/api/v1/ {"timestamp":"2023-06-29T15:08:35.045Z"}
info: Connected to the database. {"timestamp":"2023-06-29T15:08:35.063Z"}
info: Server started at http://localhost:3000/api/v1/ {"timestamp":"2023-06-29T15:13:05.397Z"}
info: Connected to the database. {"timestamp":"2023-06-29T15:13:05.419Z"}
info: Server started at http://localhost:3000/api/v1/ {"timestamp":"2023-06-29T15:17:03.418Z"}
info: Connected to the database. {"timestamp":"2023-06-29T15:17:03.436Z"}
info: Server started at http://localhost:3000/api/v1/ {"timestamp":"2023-06-29T15:17:28.581Z"}
info: Connected to the database. {"timestamp":"2023-06-29T15:17:28.598Z"}
info: Server started at http://localhost:3000/api/v1/ {"timestamp":"2023-06-29T15:17:56.724Z"}
info: Connected to the database. {"timestamp":"2023-06-29T15:17:56.742Z"}
info: Server started at http://localhost:3000/api/v1/ {"timestamp":"2023-06-29T15:18:02.541Z"}
info: Connected to the database. {"timestamp":"2023-06-29T15:18:02.559Z"}
info: Server started at http://localhost:3000/api/v1/ {"timestamp":"2023-06-29T15:20:05.123Z"}
info: Connected to the database. {"timestamp":"2023-06-29T15:20:05.142Z"}
info: Server started at http://localhost:3000/api/v1/ {"timestamp":"2023-06-29T15:24:05.160Z"}
info: Connected to the database. {"timestamp":"2023-06-29T15:24:05.186Z"}
info: Server started at http://localhost:3000/api/v1/ {"timestamp":"2023-06-29T15:24:53.418Z"}
info: Connected to the database. {"timestamp":"2023-06-29T15:24:53.437Z"}
info: Server started at http://localhost:3000/api/v1/ {"timestamp":"2023-06-29T15:25:33.697Z"}
info: Connected to the database. {"timestamp":"2023-06-29T15:25:33.716Z"}
info: Server started at http://localhost:3000/api/v1/ {"timestamp":"2023-06-29T15:25:49.878Z"}
info: Connected to the database. {"timestamp":"2023-06-29T15:25:49.897Z"}
info: Server started at http://localhost:3000/api/v1/ {"timestamp":"2023-06-29T15:31:05.423Z"}
info: Connected to the database. {"timestamp":"2023-06-29T15:31:05.441Z"}
info: Server started at http://localhost:3000/api/v1/ {"timestamp":"2023-06-29T15:32:37.917Z"}
info: Connected to the database. {"timestamp":"2023-06-29T15:32:37.936Z"}
info: Server started at http://localhost:3000/api/v1/ {"timestamp":"2023-06-29T15:33:37.848Z"}
info: Connected to the database. {"timestamp":"2023-06-29T15:33:37.870Z"}
info: Server started at http://localhost:3000/api/v1/ {"timestamp":"2023-06-29T15:34:22.258Z"}
info: Connected to the database. {"timestamp":"2023-06-29T15:34:22.275Z"}
info: Server started at http://localhost:3000/api/v1/ {"timestamp":"2023-06-29T15:35:30.042Z"}
info: Connected to the database. {"timestamp":"2023-06-29T15:35:30.058Z"}
info: Server started at http://localhost:3000/api/v1/ {"timestamp":"2023-06-29T15:36:32.929Z"}
info: Connected to the database. {"timestamp":"2023-06-29T15:36:32.960Z"}
info: Server started at http://localhost:3000/api/v1/ {"timestamp":"2023-06-29T15:37:57.355Z"}
info: Connected to the database. {"timestamp":"2023-06-29T15:37:57.372Z"}
info: Server started at http://localhost:3000/api/v1/ {"timestamp":"2023-06-29T15:38:31.493Z"}
info: Connected to the database. {"timestamp":"2023-06-29T15:38:31.509Z"}
info: Server started at http://localhost:3000/api/v1/ {"timestamp":"2023-06-29T15:40:37.734Z"}
info: Connected to the database. {"timestamp":"2023-06-29T15:40:37.768Z"}
info: Server started at http://localhost:3000/api/v1/ {"timestamp":"2023-06-29T15:40:58.854Z"}
info: Connected to the database. {"timestamp":"2023-06-29T15:40:58.871Z"}
info: Server started at http://localhost:3000/api/v1/ {"timestamp":"2023-06-29T15:41:17.786Z"}
info: Connected to the database. {"timestamp":"2023-06-29T15:41:17.803Z"}
info: Server started at http://localhost:3000/api/v1/ {"timestamp":"2023-06-29T15:41:38.469Z"}
info: Connected to the database. {"timestamp":"2023-06-29T15:41:38.488Z"}
info: Server started at http://localhost:3000/api/v1/ {"timestamp":"2023-06-29T15:43:04.808Z"}
info: Connected to the database. {"timestamp":"2023-06-29T15:43:04.845Z"}
info: Server started at http://localhost:3000/api/v1/ {"timestamp":"2023-06-29T15:44:10.374Z"}
info: Connected to the database. {"timestamp":"2023-06-29T15:44:10.395Z"}
