info: Server started at http://localhost:3000/api/v1/ {"timestamp":"2023-06-15T04:19:43.695Z"}
info: Connected to the database. {"timestamp":"2023-06-15T04:19:48.267Z"}
info: Server started at http://localhost:3000/api/v1/ {"timestamp":"2023-06-15T05:56:12.620Z"}
info: Connected to the database. {"timestamp":"2023-06-15T05:56:12.635Z"}
info: Server started at http://localhost:3000/api/v1/ {"timestamp":"2023-06-15T06:04:09.125Z"}
info: Connected to the database. {"timestamp":"2023-06-15T06:04:09.142Z"}
info: Server started at http://localhost:3000/api/v1/ {"timestamp":"2023-06-15T10:58:16.056Z"}
info: Connected to the database. {"timestamp":"2023-06-15T10:58:16.073Z"}
info: Server started at http://localhost:3000/api/v1/ {"timestamp":"2023-06-15T10:58:53.190Z"}
info: Connected to the database. {"timestamp":"2023-06-15T10:58:53.211Z"}
info: Server started at http://localhost:3000/api/v1/ {"timestamp":"2023-06-15T11:03:30.449Z"}
info: Connected to the database. {"timestamp":"2023-06-15T11:03:30.464Z"}
info: Server started at http://localhost:3000/api/v1/ {"timestamp":"2023-06-15T11:04:05.371Z"}
info: Connected to the database. {"timestamp":"2023-06-15T11:04:05.388Z"}
info: Server started at http://localhost:3000/api/v1/ {"timestamp":"2023-06-15T12:13:16.089Z"}
info: Connected to the database. {"timestamp":"2023-06-15T12:13:16.105Z"}
info: Server started at http://localhost:3000/api/v1/ {"timestamp":"2023-06-16T00:49:56.615Z"}
info: Server started at http://localhost:3000/api/v1/ {"timestamp":"2023-06-16T00:50:30.944Z"}
info: Connected to the database. {"timestamp":"2023-06-16T00:50:30.964Z"}
error: 
    status - 500 
    message - CastError: Cast to ObjectId failed for value "pawanbiker21@gmail.com" (type string) at path "_id" for model "User"
    at model.Query.exec (/home/akhil/CFP238/Fundoo_Note/FundooNote/node_modules/mongoose/lib/query.js:4498:21)
    at model.Query.Query.then (/home/akhil/CFP238/Fundoo_Note/FundooNote/node_modules/mongoose/lib/query.js:4592:15)
    at processTicksAndRejections (node:internal/process/task_queues:95:5) 
    url - /api/v1/users/pawanbiker21@gmail.com 
    method - GET 
    IP - ::1
   {"timestamp":"2023-06-16T00:51:02.311Z"}
error: 
    status - 500 
    message - CastError: Cast to ObjectId failed for value "_emailId=pawanbiker21@gmail.com" (type string) at path "_id" for model "User"
    at model.Query.exec (/home/akhil/CFP238/Fundoo_Note/FundooNote/node_modules/mongoose/lib/query.js:4498:21)
    at model.Query.Query.then (/home/akhil/CFP238/Fundoo_Note/FundooNote/node_modules/mongoose/lib/query.js:4592:15)
    at processTicksAndRejections (node:internal/process/task_queues:95:5) 
    url - /api/v1/users/_emailId=pawanbiker21@gmail.com 
    method - GET 
    IP - ::1
   {"timestamp":"2023-06-16T00:51:44.440Z"}
info: Server started at http://localhost:3000/api/v1/ {"timestamp":"2023-06-16T01:02:34.135Z"}
info: Connected to the database. {"timestamp":"2023-06-16T01:02:34.153Z"}
error: 
    status - 500 
    message - CastError: Cast to ObjectId failed for value "search" (type string) at path "_id" for model "User"
    at model.Query.exec (/home/akhil/CFP238/Fundoo_Note/FundooNote/node_modules/mongoose/lib/query.js:4498:21)
    at model.Query.Query.then (/home/akhil/CFP238/Fundoo_Note/FundooNote/node_modules/mongoose/lib/query.js:4592:15)
    at processTicksAndRejections (node:internal/process/task_queues:95:5) 
    url - /api/v1/users/search/?emailId=pawanbiker21@gmail.com 
    method - GET 
    IP - ::1
   {"timestamp":"2023-06-16T01:02:58.795Z"}
info: Server started at http://localhost:3000/api/v1/ {"timestamp":"2023-06-16T01:04:13.965Z"}
info: Connected to the database. {"timestamp":"2023-06-16T01:04:13.983Z"}
error: 
    status - 500 
    message - CastError: Cast to ObjectId failed for value "search" (type string) at path "_id" for model "User"
    at model.Query.exec (/home/akhil/CFP238/Fundoo_Note/FundooNote/node_modules/mongoose/lib/query.js:4498:21)
    at model.Query.Query.then (/home/akhil/CFP238/Fundoo_Note/FundooNote/node_modules/mongoose/lib/query.js:4592:15)
    at processTicksAndRejections (node:internal/process/task_queues:95:5) 
    url - /api/v1/users/search/?emailId=pawanbiker21@gmail.com 
    method - GET 
    IP - ::1
   {"timestamp":"2023-06-16T01:04:54.792Z"}
info: Server started at http://localhost:3000/api/v1/ {"timestamp":"2023-06-16T01:10:36.545Z"}
info: Connected to the database. {"timestamp":"2023-06-16T01:10:36.560Z"}
error: 
    status - 500 
    message - CastError: Cast to ObjectId failed for value "search" (type string) at path "_id" for model "User"
    at model.Query.exec (/home/akhil/CFP238/Fundoo_Note/FundooNote/node_modules/mongoose/lib/query.js:4498:21)
    at model.Query.Query.then (/home/akhil/CFP238/Fundoo_Note/FundooNote/node_modules/mongoose/lib/query.js:4592:15)
    at processTicksAndRejections (node:internal/process/task_queues:95:5) 
    url - /api/v1/users/search/?emailId=pawanbiker21@gmail.com 
    method - GET 
    IP - ::1
   {"timestamp":"2023-06-16T01:12:07.441Z"}
info: Server started at http://localhost:3000/api/v1/ {"timestamp":"2023-06-16T01:19:04.467Z"}
info: Connected to the database. {"timestamp":"2023-06-16T01:19:04.482Z"}
error: 
    status - 500 
    message - CastError: Cast to ObjectId failed for value "search" (type string) at path "_id" for model "User"
    at model.Query.exec (/home/akhil/CFP238/Fundoo_Note/FundooNote/node_modules/mongoose/lib/query.js:4498:21)
    at model.Query.Query.then (/home/akhil/CFP238/Fundoo_Note/FundooNote/node_modules/mongoose/lib/query.js:4592:15)
    at processTicksAndRejections (node:internal/process/task_queues:95:5) 
    url - /api/v1/users/search/?emailId=pawanbiker21@gmail.com 
    method - GET 
    IP - ::1
   {"timestamp":"2023-06-16T01:19:17.599Z"}
error: 
    status - 500 
    message - CastError: Cast to ObjectId failed for value "pawanbiker21@gmail.com" (type string) at path "_id" for model "User"
    at model.Query.exec (/home/akhil/CFP238/Fundoo_Note/FundooNote/node_modules/mongoose/lib/query.js:4498:21)
    at model.Query.Query.then (/home/akhil/CFP238/Fundoo_Note/FundooNote/node_modules/mongoose/lib/query.js:4592:15)
    at processTicksAndRejections (node:internal/process/task_queues:95:5) 
    url - /api/v1/users/pawanbiker21@gmail.com 
    method - GET 
    IP - ::1
   {"timestamp":"2023-06-16T01:19:39.614Z"}
error: 
    status - 500 
    message - CastError: Cast to ObjectId failed for value "pawanbiker21@gmail.com" (type string) at path "_id" for model "User"
    at model.Query.exec (/home/akhil/CFP238/Fundoo_Note/FundooNote/node_modules/mongoose/lib/query.js:4498:21)
    at model.Query.Query.then (/home/akhil/CFP238/Fundoo_Note/FundooNote/node_modules/mongoose/lib/query.js:4592:15)
    at processTicksAndRejections (node:internal/process/task_queues:95:5) 
    url - /api/v1/users/pawanbiker21@gmail.com 
    method - GET 
    IP - ::1
   {"timestamp":"2023-06-16T01:19:58.735Z"}
info: Server started at http://localhost:3000/api/v1/ {"timestamp":"2023-06-16T01:21:14.334Z"}
info: Connected to the database. {"timestamp":"2023-06-16T01:21:14.351Z"}
info: Server started at http://localhost:3000/api/v1/ {"timestamp":"2023-06-16T01:23:08.749Z"}
info: Connected to the database. {"timestamp":"2023-06-16T01:23:08.768Z"}
info: Server started at http://localhost:3000/api/v1/ {"timestamp":"2023-06-16T01:33:33.329Z"}
info: Connected to the database. {"timestamp":"2023-06-16T01:33:33.355Z"}
info: Server started at http://localhost:3000/api/v1/ {"timestamp":"2023-06-16T01:55:09.975Z"}
info: Connected to the database. {"timestamp":"2023-06-16T01:55:09.991Z"}
info: Server started at http://localhost:3000/api/v1/ {"timestamp":"2023-06-16T01:55:32.018Z"}
info: Connected to the database. {"timestamp":"2023-06-16T01:55:32.033Z"}
info: Server started at http://localhost:3000/api/v1/ {"timestamp":"2023-06-16T01:55:43.344Z"}
info: Connected to the database. {"timestamp":"2023-06-16T01:55:43.363Z"}
info: Server started at http://localhost:3000/api/v1/ {"timestamp":"2023-06-16T01:55:58.298Z"}
info: Connected to the database. {"timestamp":"2023-06-16T01:55:58.320Z"}
info: Server started at http://localhost:3000/api/v1/ {"timestamp":"2023-06-16T03:22:09.131Z"}
info: Connected to the database. {"timestamp":"2023-06-16T03:22:09.151Z"}
info: Server started at http://localhost:3000/api/v1/ {"timestamp":"2023-06-16T03:23:00.156Z"}
info: Connected to the database. {"timestamp":"2023-06-16T03:23:00.185Z"}
info: Server started at http://localhost:3000/api/v1/ {"timestamp":"2023-06-16T03:27:30.792Z"}
info: Connected to the database. {"timestamp":"2023-06-16T03:27:30.813Z"}
info: Server started at http://localhost:3000/api/v1/ {"timestamp":"2023-06-16T03:28:50.573Z"}
info: Connected to the database. {"timestamp":"2023-06-16T03:28:50.602Z"}
info: Server started at http://localhost:3000/api/v1/ {"timestamp":"2023-06-16T03:29:46.351Z"}
info: Connected to the database. {"timestamp":"2023-06-16T03:29:46.369Z"}
info: Server started at http://localhost:3000/api/v1/ {"timestamp":"2023-06-16T03:29:55.801Z"}
info: Connected to the database. {"timestamp":"2023-06-16T03:29:55.841Z"}
info: Server started at http://localhost:3000/api/v1/ {"timestamp":"2023-06-16T03:34:39.224Z"}
info: Connected to the database. {"timestamp":"2023-06-16T03:34:39.248Z"}
info: Server started at http://localhost:3000/api/v1/ {"timestamp":"2023-06-16T03:36:44.402Z"}
info: Connected to the database. {"timestamp":"2023-06-16T03:36:44.421Z"}
info: Server started at http://localhost:3000/api/v1/ {"timestamp":"2023-06-16T03:43:48.659Z"}
info: Connected to the database. {"timestamp":"2023-06-16T03:43:48.694Z"}
info: Server started at http://localhost:3000/api/v1/ {"timestamp":"2023-06-16T03:44:07.787Z"}
info: Connected to the database. {"timestamp":"2023-06-16T03:44:07.807Z"}
info: Server started at http://localhost:3000/api/v1/ {"timestamp":"2023-06-16T03:59:30.809Z"}
info: Connected to the database. {"timestamp":"2023-06-16T03:59:30.830Z"}
info: Server started at http://localhost:3000/api/v1/ {"timestamp":"2023-06-16T04:00:02.157Z"}
info: Connected to the database. {"timestamp":"2023-06-16T04:00:02.176Z"}
info: Server started at http://localhost:3000/api/v1/ {"timestamp":"2023-06-16T07:48:37.310Z"}
info: Connected to the database. {"timestamp":"2023-06-16T07:48:37.327Z"}
info: Server started at http://localhost:3000/api/v1/ {"timestamp":"2023-06-16T11:01:04.038Z"}
info: Connected to the database. {"timestamp":"2023-06-16T11:01:04.057Z"}
info: Server started at http://localhost:3000/api/v1/ {"timestamp":"2023-06-16T11:20:07.533Z"}
info: Connected to the database. {"timestamp":"2023-06-16T11:20:07.547Z"}
info: Server started at http://localhost:3000/api/v1/ {"timestamp":"2023-06-16T11:20:33.585Z"}
info: Connected to the database. {"timestamp":"2023-06-16T11:20:33.600Z"}
info: Server started at http://localhost:3000/api/v1/ {"timestamp":"2023-06-16T11:21:43.374Z"}
info: Connected to the database. {"timestamp":"2023-06-16T11:21:43.391Z"}
info: Server started at http://localhost:3000/api/v1/ {"timestamp":"2023-06-16T11:22:02.747Z"}
info: Connected to the database. {"timestamp":"2023-06-16T11:22:02.768Z"}
info: Server started at http://localhost:3000/api/v1/ {"timestamp":"2023-06-16T11:23:22.537Z"}
info: Connected to the database. {"timestamp":"2023-06-16T11:23:22.557Z"}
info: Server started at http://localhost:3000/api/v1/ {"timestamp":"2023-06-16T11:24:48.567Z"}
info: Connected to the database. {"timestamp":"2023-06-16T11:24:48.585Z"}
info: Server started at http://localhost:3000/api/v1/ {"timestamp":"2023-06-16T11:25:20.741Z"}
info: Connected to the database. {"timestamp":"2023-06-16T11:25:20.761Z"}
info: Server started at http://localhost:3000/api/v1/ {"timestamp":"2023-06-16T11:58:15.499Z"}
info: Connected to the database. {"timestamp":"2023-06-16T11:58:15.526Z"}
info: Server started at http://localhost:3000/api/v1/ {"timestamp":"2023-06-17T05:30:28.414Z"}
error: Could not connect to the database. connect ECONNREFUSED 127.0.0.1:27017 {"reason":{"commonWireVersion":null,"compatibilityError":null,"compatible":true,"heartbeatFrequencyMS":10000,"localThresholdMS":15,"logicalSessionTimeoutMinutes":null,"maxElectionId":null,"maxSetVersion":null,"servers":{},"setName":null,"stale":false,"type":"Single"},"stack":"MongooseServerSelectionError: connect ECONNREFUSED 127.0.0.1:27017\n    at NativeConnection.Connection.openUri (/home/akhil/CFP238/Fundoo_Note/FundooNote/node_modules/mongoose/lib/connection.js:847:32)\n    at /home/akhil/CFP238/Fundoo_Note/FundooNote/node_modules/mongoose/lib/index.js:351:10\n    at /home/akhil/CFP238/Fundoo_Note/FundooNote/node_modules/mongoose/lib/helpers/promiseOrCallback.js:32:5\n    at new Promise (<anonymous>)\n    at promiseOrCallback (/home/akhil/CFP238/Fundoo_Note/FundooNote/node_modules/mongoose/lib/helpers/promiseOrCallback.js:31:10)\n    at Mongoose._promiseOrCallback (/home/akhil/CFP238/Fundoo_Note/FundooNote/node_modules/mongoose/lib/index.js:1149:10)\n    at Mongoose.connect (/home/akhil/CFP238/Fundoo_Note/FundooNote/node_modules/mongoose/lib/index.js:350:20)\n    at _callee$ (/home/akhil/CFP238/Fundoo_Note/FundooNote/src/config/database.js:12:20)\n    at tryCatch (/home/akhil/CFP238/Fundoo_Note/FundooNote/node_modules/@babel/runtime/helpers/regeneratorRuntime.js:44:17)\n    at Generator.<anonymous> (/home/akhil/CFP238/Fundoo_Note/FundooNote/node_modules/@babel/runtime/helpers/regeneratorRuntime.js:125:22)\n    at Generator.next (/home/akhil/CFP238/Fundoo_Note/FundooNote/node_modules/@babel/runtime/helpers/regeneratorRuntime.js:69:21)\n    at asyncGeneratorStep (/home/akhil/CFP238/Fundoo_Note/FundooNote/node_modules/@babel/runtime/helpers/asyncToGenerator.js:3:24)\n    at _next (/home/akhil/CFP238/Fundoo_Note/FundooNote/node_modules/@babel/runtime/helpers/asyncToGenerator.js:22:9)\n    at /home/akhil/CFP238/Fundoo_Note/FundooNote/node_modules/@babel/runtime/helpers/asyncToGenerator.js:27:7\n    at new Promise (<anonymous>)\n    at apply (/home/akhil/CFP238/Fundoo_Note/FundooNote/node_modules/@babel/runtime/helpers/asyncToGenerator.js:19:12)\n    at database (/home/akhil/CFP238/Fundoo_Note/FundooNote/src/config/database.js:4:15)\n    at Object.<anonymous> (/home/akhil/CFP238/Fundoo_Note/FundooNote/src/index.js:30:9)\n    at Module._compile (node:internal/modules/cjs/loader:1255:14)\n    at Module._compile (/home/akhil/CFP238/Fundoo_Note/FundooNote/node_modules/pirates/lib/index.js:136:24)\n    at Module._extensions..js (node:internal/modules/cjs/loader:1309:10)\n    at Object.newLoader [as .js] (/home/akhil/CFP238/Fundoo_Note/FundooNote/node_modules/pirates/lib/index.js:141:7)\n    at Module.load (node:internal/modules/cjs/loader:1113:32)\n    at Function.Module._load (node:internal/modules/cjs/loader:960:12)\n    at Function.runMain (node:internal/modules/run_main:83:12)\n    at Object.<anonymous> (/home/akhil/CFP238/Fundoo_Note/FundooNote/node_modules/@babel/node/src/_babel-node.ts:222:12)\n    at Module._compile (node:internal/modules/cjs/loader:1255:14)\n    at Object.Module._extensions..js (node:internal/modules/cjs/loader:1309:10)\n    at Module.load (node:internal/modules/cjs/loader:1113:32)\n    at Function.Module._load (node:internal/modules/cjs/loader:960:12)\n    at Function.executeUserEntryPoint [as runMain] (node:internal/modules/run_main:83:12)\n    at node:internal/main/run_main_module:23:47","timestamp":"2023-06-17T05:30:58.436Z"}
info: Server started at http://localhost:3000/api/v1/ {"timestamp":"2023-06-19T02:42:54.288Z"}
info: Connected to the database. {"timestamp":"2023-06-19T02:42:54.317Z"}
info: Server started at http://localhost:3000/api/v1/ {"timestamp":"2023-06-19T02:53:18.435Z"}
info: Connected to the database. {"timestamp":"2023-06-19T02:53:18.464Z"}
info: Server started at http://localhost:3000/api/v1/ {"timestamp":"2023-06-19T03:48:50.109Z"}
info: Connected to the database. {"timestamp":"2023-06-19T03:48:50.136Z"}
info: Server started at http://localhost:3000/api/v1/ {"timestamp":"2023-06-19T03:51:20.697Z"}
info: Connected to the database. {"timestamp":"2023-06-19T03:51:20.721Z"}
info: Server started at http://localhost:3000/api/v1/ {"timestamp":"2023-06-19T03:51:34.604Z"}
info: Connected to the database. {"timestamp":"2023-06-19T03:51:34.628Z"}
info: Server started at http://localhost:3000/api/v1/ {"timestamp":"2023-06-19T06:09:16.644Z"}
info: Connected to the database. {"timestamp":"2023-06-19T06:09:42.771Z"}
error: 
    status - 500 
    message - Error: User is already Present. 
    at _callee$ (/home/akhil/CFP238/Fundoo_Note/FundooNote/src/services/user.service.js:9:11)
    at tryCatch (/home/akhil/CFP238/Fundoo_Note/FundooNote/node_modules/@babel/runtime/helpers/regeneratorRuntime.js:44:17)
    at Generator.<anonymous> (/home/akhil/CFP238/Fundoo_Note/FundooNote/node_modules/@babel/runtime/helpers/regeneratorRuntime.js:125:22)
    at Generator.next (/home/akhil/CFP238/Fundoo_Note/FundooNote/node_modules/@babel/runtime/helpers/regeneratorRuntime.js:69:21)
    at asyncGeneratorStep (/home/akhil/CFP238/Fundoo_Note/FundooNote/node_modules/@babel/runtime/helpers/asyncToGenerator.js:3:24)
    at _next (/home/akhil/CFP238/Fundoo_Note/FundooNote/node_modules/@babel/runtime/helpers/asyncToGenerator.js:22:9)
    at processTicksAndRejections (node:internal/process/task_queues:95:5) 
    url - /api/v1/users/ 
    method - POST 
    IP - ::1
   {"timestamp":"2023-06-19T06:10:22.627Z"}
error: 
    status - 500 
    message - Error: User is already Present. 
    at _callee$ (/home/akhil/CFP238/Fundoo_Note/FundooNote/src/services/user.service.js:9:11)
    at tryCatch (/home/akhil/CFP238/Fundoo_Note/FundooNote/node_modules/@babel/runtime/helpers/regeneratorRuntime.js:44:17)
    at Generator.<anonymous> (/home/akhil/CFP238/Fundoo_Note/FundooNote/node_modules/@babel/runtime/helpers/regeneratorRuntime.js:125:22)
    at Generator.next (/home/akhil/CFP238/Fundoo_Note/FundooNote/node_modules/@babel/runtime/helpers/regeneratorRuntime.js:69:21)
    at asyncGeneratorStep (/home/akhil/CFP238/Fundoo_Note/FundooNote/node_modules/@babel/runtime/helpers/asyncToGenerator.js:3:24)
    at _next (/home/akhil/CFP238/Fundoo_Note/FundooNote/node_modules/@babel/runtime/helpers/asyncToGenerator.js:22:9)
    at processTicksAndRejections (node:internal/process/task_queues:95:5) 
    url - /api/v1/users/ 
    method - POST 
    IP - ::1
   {"timestamp":"2023-06-19T06:13:39.872Z"}
info: Server started at http://localhost:3000/api/v1/ {"timestamp":"2023-06-19T08:42:02.602Z"}
info: Connected to the database. {"timestamp":"2023-06-19T08:42:02.627Z"}
info: Server started at http://localhost:3000/api/v1/ {"timestamp":"2023-06-19T08:44:47.107Z"}
info: Connected to the database. {"timestamp":"2023-06-19T08:44:47.123Z"}
info: Server started at http://localhost:3000/api/v1/ {"timestamp":"2023-06-19T08:45:08.417Z"}
info: Connected to the database. {"timestamp":"2023-06-19T08:45:08.441Z"}
error: 
    status - 500 
    message - Error: User is already Present. 
    at _callee$ (/home/akhil/CFP238/Fundoo_Note/FundooNote/src/services/user.service.js:9:11)
    at tryCatch (/home/akhil/CFP238/Fundoo_Note/FundooNote/node_modules/@babel/runtime/helpers/regeneratorRuntime.js:44:17)
    at Generator.<anonymous> (/home/akhil/CFP238/Fundoo_Note/FundooNote/node_modules/@babel/runtime/helpers/regeneratorRuntime.js:125:22)
    at Generator.next (/home/akhil/CFP238/Fundoo_Note/FundooNote/node_modules/@babel/runtime/helpers/regeneratorRuntime.js:69:21)
    at asyncGeneratorStep (/home/akhil/CFP238/Fundoo_Note/FundooNote/node_modules/@babel/runtime/helpers/asyncToGenerator.js:3:24)
    at _next (/home/akhil/CFP238/Fundoo_Note/FundooNote/node_modules/@babel/runtime/helpers/asyncToGenerator.js:22:9)
    at processTicksAndRejections (node:internal/process/task_queues:95:5) 
    url - /api/v1/users/ 
    method - POST 
    IP - ::1
   {"timestamp":"2023-06-19T08:48:24.210Z"}
info: Server started at http://localhost:3000/api/v1/ {"timestamp":"2023-06-20T03:44:25.825Z"}
info: Connected to the database. {"timestamp":"2023-06-20T03:44:43.411Z"}
info: Server started at http://localhost:3000/api/v1/ {"timestamp":"2023-06-20T03:50:17.159Z"}
info: Connected to the database. {"timestamp":"2023-06-20T03:50:17.183Z"}
info: Server started at http://localhost:3000/api/v1/ {"timestamp":"2023-06-20T04:04:51.173Z"}
info: Connected to the database. {"timestamp":"2023-06-20T04:04:51.203Z"}
info: Server started at http://localhost:3000/api/v1/ {"timestamp":"2023-06-20T04:06:21.027Z"}
info: Connected to the database. {"timestamp":"2023-06-20T04:06:21.051Z"}
info: Server started at http://localhost:3000/api/v1/ {"timestamp":"2023-06-20T04:06:23.487Z"}
info: Connected to the database. {"timestamp":"2023-06-20T04:06:23.504Z"}
info: Server started at http://localhost:3000/api/v1/ {"timestamp":"2023-06-20T05:25:21.512Z"}
info: Connected to the database. {"timestamp":"2023-06-20T05:25:21.534Z"}
info: Server started at http://localhost:3000/api/v1/ {"timestamp":"2023-06-20T09:08:00.626Z"}
info: Connected to the database. {"timestamp":"2023-06-20T09:08:00.642Z"}
info: Server started at http://localhost:3000/api/v1/ {"timestamp":"2023-06-20T09:10:23.005Z"}
info: Connected to the database. {"timestamp":"2023-06-20T09:10:23.020Z"}
info: Server started at http://localhost:3000/api/v1/ {"timestamp":"2023-06-20T09:11:11.113Z"}
info: Connected to the database. {"timestamp":"2023-06-20T09:11:11.133Z"}
info: Server started at http://localhost:3000/api/v1/ {"timestamp":"2023-06-20T09:15:26.729Z"}
info: Connected to the database. {"timestamp":"2023-06-20T09:15:26.748Z"}
info: Server started at http://localhost:3000/api/v1/ {"timestamp":"2023-06-20T09:18:17.130Z"}
info: Connected to the database. {"timestamp":"2023-06-20T09:18:17.146Z"}
info: Server started at http://localhost:3000/api/v1/ {"timestamp":"2023-06-20T09:21:38.055Z"}
info: Connected to the database. {"timestamp":"2023-06-20T09:21:38.072Z"}
info: Server started at http://localhost:3000/api/v1/ {"timestamp":"2023-06-20T09:31:19.595Z"}
info: Connected to the database. {"timestamp":"2023-06-20T09:31:19.616Z"}
info: Server started at http://localhost:3000/api/v1/ {"timestamp":"2023-06-20T09:32:15.272Z"}
info: Connected to the database. {"timestamp":"2023-06-20T09:32:15.301Z"}
info: Server started at http://localhost:3000/api/v1/ {"timestamp":"2023-06-20T09:34:33.081Z"}
info: Connected to the database. {"timestamp":"2023-06-20T09:34:33.111Z"}
info: Server started at http://localhost:3000/api/v1/ {"timestamp":"2023-06-20T09:36:32.326Z"}
info: Connected to the database. {"timestamp":"2023-06-20T09:36:32.346Z"}
info: Server started at http://localhost:3000/api/v1/ {"timestamp":"2023-06-20T09:38:29.551Z"}
info: Connected to the database. {"timestamp":"2023-06-20T09:38:29.567Z"}
info: Server started at http://localhost:3000/api/v1/ {"timestamp":"2023-06-20T09:57:15.831Z"}
info: Connected to the database. {"timestamp":"2023-06-20T09:57:15.859Z"}
info: Server started at http://localhost:3000/api/v1/ {"timestamp":"2023-06-20T10:06:21.335Z"}
info: Connected to the database. {"timestamp":"2023-06-20T10:06:21.350Z"}
info: Server started at http://localhost:3000/api/v1/ {"timestamp":"2023-06-20T10:26:50.273Z"}
info: Connected to the database. {"timestamp":"2023-06-20T10:26:50.295Z"}
info: Server started at http://localhost:3000/api/v1/ {"timestamp":"2023-06-20T10:32:07.686Z"}
info: Connected to the database. {"timestamp":"2023-06-20T10:32:07.702Z"}
info: Server started at http://localhost:3000/api/v1/ {"timestamp":"2023-06-20T10:32:20.718Z"}
info: Connected to the database. {"timestamp":"2023-06-20T10:32:20.737Z"}
info: Server started at http://localhost:3000/api/v1/ {"timestamp":"2023-06-20T11:09:22.815Z"}
info: Connected to the database. {"timestamp":"2023-06-20T11:09:22.835Z"}
info: Server started at http://localhost:3000/api/v1/ {"timestamp":"2023-06-20T11:25:05.007Z"}
info: Connected to the database. {"timestamp":"2023-06-20T11:25:05.022Z"}
info: Server started at http://localhost:3000/api/v1/ {"timestamp":"2023-06-20T11:37:04.050Z"}
info: Connected to the database. {"timestamp":"2023-06-20T11:37:04.067Z"}
info: Server started at http://localhost:3000/api/v1/ {"timestamp":"2023-06-20T11:42:39.897Z"}
info: Connected to the database. {"timestamp":"2023-06-20T11:42:39.918Z"}
info: Server started at http://localhost:3000/api/v1/ {"timestamp":"2023-06-20T11:43:29.261Z"}
info: Connected to the database. {"timestamp":"2023-06-20T11:43:29.278Z"}
info: Server started at http://localhost:3000/api/v1/ {"timestamp":"2023-06-20T11:55:32.778Z"}
info: Connected to the database. {"timestamp":"2023-06-20T11:55:32.796Z"}
info: Server started at http://localhost:3000/api/v1/ {"timestamp":"2023-06-20T11:56:08.662Z"}
info: Connected to the database. {"timestamp":"2023-06-20T11:56:08.683Z"}
info: Server started at http://localhost:3000/api/v1/ {"timestamp":"2023-06-20T11:59:00.092Z"}
info: Connected to the database. {"timestamp":"2023-06-20T11:59:00.107Z"}
info: Server started at http://localhost:3000/api/v1/ {"timestamp":"2023-06-21T03:04:47.447Z"}
error: Could not connect to the database. connect ECONNREFUSED 127.0.0.1:27017 {"reason":{"commonWireVersion":null,"compatibilityError":null,"compatible":true,"heartbeatFrequencyMS":10000,"localThresholdMS":15,"logicalSessionTimeoutMinutes":null,"maxElectionId":null,"maxSetVersion":null,"servers":{},"setName":null,"stale":false,"type":"Single"},"stack":"MongooseServerSelectionError: connect ECONNREFUSED 127.0.0.1:27017\n    at NativeConnection.Connection.openUri (/home/akhil/CFP238/Fundoo_Note/FundooNote/node_modules/mongoose/lib/connection.js:847:32)\n    at /home/akhil/CFP238/Fundoo_Note/FundooNote/node_modules/mongoose/lib/index.js:351:10\n    at /home/akhil/CFP238/Fundoo_Note/FundooNote/node_modules/mongoose/lib/helpers/promiseOrCallback.js:32:5\n    at new Promise (<anonymous>)\n    at promiseOrCallback (/home/akhil/CFP238/Fundoo_Note/FundooNote/node_modules/mongoose/lib/helpers/promiseOrCallback.js:31:10)\n    at Mongoose._promiseOrCallback (/home/akhil/CFP238/Fundoo_Note/FundooNote/node_modules/mongoose/lib/index.js:1149:10)\n    at Mongoose.connect (/home/akhil/CFP238/Fundoo_Note/FundooNote/node_modules/mongoose/lib/index.js:350:20)\n    at _callee$ (/home/akhil/CFP238/Fundoo_Note/FundooNote/src/config/database.js:12:20)\n    at tryCatch (/home/akhil/CFP238/Fundoo_Note/FundooNote/node_modules/@babel/runtime/helpers/regeneratorRuntime.js:44:17)\n    at Generator.<anonymous> (/home/akhil/CFP238/Fundoo_Note/FundooNote/node_modules/@babel/runtime/helpers/regeneratorRuntime.js:125:22)\n    at Generator.next (/home/akhil/CFP238/Fundoo_Note/FundooNote/node_modules/@babel/runtime/helpers/regeneratorRuntime.js:69:21)\n    at asyncGeneratorStep (/home/akhil/CFP238/Fundoo_Note/FundooNote/node_modules/@babel/runtime/helpers/asyncToGenerator.js:3:24)\n    at _next (/home/akhil/CFP238/Fundoo_Note/FundooNote/node_modules/@babel/runtime/helpers/asyncToGenerator.js:22:9)\n    at /home/akhil/CFP238/Fundoo_Note/FundooNote/node_modules/@babel/runtime/helpers/asyncToGenerator.js:27:7\n    at new Promise (<anonymous>)\n    at /home/akhil/CFP238/Fundoo_Note/FundooNote/node_modules/@babel/runtime/helpers/asyncToGenerator.js:19:12","timestamp":"2023-06-21T03:05:17.454Z"}
info: Server started at http://localhost:3000/api/v1/ {"timestamp":"2023-06-21T03:21:18.434Z"}
error: Could not connect to the database. connect ECONNREFUSED 127.0.0.1:27017 {"reason":{"commonWireVersion":null,"compatibilityError":null,"compatible":true,"heartbeatFrequencyMS":10000,"localThresholdMS":15,"logicalSessionTimeoutMinutes":null,"maxElectionId":null,"maxSetVersion":null,"servers":{},"setName":null,"stale":false,"type":"Single"},"stack":"MongooseServerSelectionError: connect ECONNREFUSED 127.0.0.1:27017\n    at NativeConnection.Connection.openUri (/home/akhil/CFP238/Fundoo_Note/FundooNote/node_modules/mongoose/lib/connection.js:847:32)\n    at /home/akhil/CFP238/Fundoo_Note/FundooNote/node_modules/mongoose/lib/index.js:351:10\n    at /home/akhil/CFP238/Fundoo_Note/FundooNote/node_modules/mongoose/lib/helpers/promiseOrCallback.js:32:5\n    at new Promise (<anonymous>)\n    at promiseOrCallback (/home/akhil/CFP238/Fundoo_Note/FundooNote/node_modules/mongoose/lib/helpers/promiseOrCallback.js:31:10)\n    at Mongoose._promiseOrCallback (/home/akhil/CFP238/Fundoo_Note/FundooNote/node_modules/mongoose/lib/index.js:1149:10)\n    at Mongoose.connect (/home/akhil/CFP238/Fundoo_Note/FundooNote/node_modules/mongoose/lib/index.js:350:20)\n    at _callee$ (/home/akhil/CFP238/Fundoo_Note/FundooNote/src/config/database.js:12:20)\n    at tryCatch (/home/akhil/CFP238/Fundoo_Note/FundooNote/node_modules/@babel/runtime/helpers/regeneratorRuntime.js:44:17)\n    at Generator.<anonymous> (/home/akhil/CFP238/Fundoo_Note/FundooNote/node_modules/@babel/runtime/helpers/regeneratorRuntime.js:125:22)\n    at Generator.next (/home/akhil/CFP238/Fundoo_Note/FundooNote/node_modules/@babel/runtime/helpers/regeneratorRuntime.js:69:21)\n    at asyncGeneratorStep (/home/akhil/CFP238/Fundoo_Note/FundooNote/node_modules/@babel/runtime/helpers/asyncToGenerator.js:3:24)\n    at _next (/home/akhil/CFP238/Fundoo_Note/FundooNote/node_modules/@babel/runtime/helpers/asyncToGenerator.js:22:9)\n    at /home/akhil/CFP238/Fundoo_Note/FundooNote/node_modules/@babel/runtime/helpers/asyncToGenerator.js:27:7\n    at new Promise (<anonymous>)\n    at /home/akhil/CFP238/Fundoo_Note/FundooNote/node_modules/@babel/runtime/helpers/asyncToGenerator.js:19:12","timestamp":"2023-06-21T03:21:48.444Z"}
info: Server started at http://localhost:3000/api/v1/ {"timestamp":"2023-06-21T04:31:03.186Z"}
error: Could not connect to the database. connect ECONNREFUSED 127.0.0.1:27017 {"reason":{"commonWireVersion":null,"compatibilityError":null,"compatible":true,"heartbeatFrequencyMS":10000,"localThresholdMS":15,"logicalSessionTimeoutMinutes":null,"maxElectionId":null,"maxSetVersion":null,"servers":{},"setName":null,"stale":false,"type":"Single"},"stack":"MongooseServerSelectionError: connect ECONNREFUSED 127.0.0.1:27017\n    at NativeConnection.Connection.openUri (/home/akhil/CFP238/Fundoo_Note/FundooNote/node_modules/mongoose/lib/connection.js:847:32)\n    at /home/akhil/CFP238/Fundoo_Note/FundooNote/node_modules/mongoose/lib/index.js:351:10\n    at /home/akhil/CFP238/Fundoo_Note/FundooNote/node_modules/mongoose/lib/helpers/promiseOrCallback.js:32:5\n    at new Promise (<anonymous>)\n    at promiseOrCallback (/home/akhil/CFP238/Fundoo_Note/FundooNote/node_modules/mongoose/lib/helpers/promiseOrCallback.js:31:10)\n    at Mongoose._promiseOrCallback (/home/akhil/CFP238/Fundoo_Note/FundooNote/node_modules/mongoose/lib/index.js:1149:10)\n    at Mongoose.connect (/home/akhil/CFP238/Fundoo_Note/FundooNote/node_modules/mongoose/lib/index.js:350:20)\n    at _callee$ (/home/akhil/CFP238/Fundoo_Note/FundooNote/src/config/database.js:12:20)\n    at tryCatch (/home/akhil/CFP238/Fundoo_Note/FundooNote/node_modules/@babel/runtime/helpers/regeneratorRuntime.js:44:17)\n    at Generator.<anonymous> (/home/akhil/CFP238/Fundoo_Note/FundooNote/node_modules/@babel/runtime/helpers/regeneratorRuntime.js:125:22)\n    at Generator.next (/home/akhil/CFP238/Fundoo_Note/FundooNote/node_modules/@babel/runtime/helpers/regeneratorRuntime.js:69:21)\n    at asyncGeneratorStep (/home/akhil/CFP238/Fundoo_Note/FundooNote/node_modules/@babel/runtime/helpers/asyncToGenerator.js:3:24)\n    at _next (/home/akhil/CFP238/Fundoo_Note/FundooNote/node_modules/@babel/runtime/helpers/asyncToGenerator.js:22:9)\n    at /home/akhil/CFP238/Fundoo_Note/FundooNote/node_modules/@babel/runtime/helpers/asyncToGenerator.js:27:7\n    at new Promise (<anonymous>)\n    at /home/akhil/CFP238/Fundoo_Note/FundooNote/node_modules/@babel/runtime/helpers/asyncToGenerator.js:19:12","timestamp":"2023-06-21T04:31:33.196Z"}
info: Server started at http://localhost:3000/api/v1/ {"timestamp":"2023-06-21T04:33:46.511Z"}
error: Could not connect to the database. connect ECONNREFUSED 127.0.0.1:27017 {"reason":{"commonWireVersion":null,"compatibilityError":null,"compatible":true,"heartbeatFrequencyMS":10000,"localThresholdMS":15,"logicalSessionTimeoutMinutes":null,"maxElectionId":null,"maxSetVersion":null,"servers":{},"setName":null,"stale":false,"type":"Single"},"stack":"MongooseServerSelectionError: connect ECONNREFUSED 127.0.0.1:27017\n    at NativeConnection.Connection.openUri (/home/akhil/CFP238/Fundoo_Note/FundooNote/node_modules/mongoose/lib/connection.js:847:32)\n    at /home/akhil/CFP238/Fundoo_Note/FundooNote/node_modules/mongoose/lib/index.js:351:10\n    at /home/akhil/CFP238/Fundoo_Note/FundooNote/node_modules/mongoose/lib/helpers/promiseOrCallback.js:32:5\n    at new Promise (<anonymous>)\n    at promiseOrCallback (/home/akhil/CFP238/Fundoo_Note/FundooNote/node_modules/mongoose/lib/helpers/promiseOrCallback.js:31:10)\n    at Mongoose._promiseOrCallback (/home/akhil/CFP238/Fundoo_Note/FundooNote/node_modules/mongoose/lib/index.js:1149:10)\n    at Mongoose.connect (/home/akhil/CFP238/Fundoo_Note/FundooNote/node_modules/mongoose/lib/index.js:350:20)\n    at _callee$ (/home/akhil/CFP238/Fundoo_Note/FundooNote/src/config/database.js:12:20)\n    at tryCatch (/home/akhil/CFP238/Fundoo_Note/FundooNote/node_modules/@babel/runtime/helpers/regeneratorRuntime.js:44:17)\n    at Generator.<anonymous> (/home/akhil/CFP238/Fundoo_Note/FundooNote/node_modules/@babel/runtime/helpers/regeneratorRuntime.js:125:22)\n    at Generator.next (/home/akhil/CFP238/Fundoo_Note/FundooNote/node_modules/@babel/runtime/helpers/regeneratorRuntime.js:69:21)\n    at asyncGeneratorStep (/home/akhil/CFP238/Fundoo_Note/FundooNote/node_modules/@babel/runtime/helpers/asyncToGenerator.js:3:24)\n    at _next (/home/akhil/CFP238/Fundoo_Note/FundooNote/node_modules/@babel/runtime/helpers/asyncToGenerator.js:22:9)\n    at /home/akhil/CFP238/Fundoo_Note/FundooNote/node_modules/@babel/runtime/helpers/asyncToGenerator.js:27:7\n    at new Promise (<anonymous>)\n    at /home/akhil/CFP238/Fundoo_Note/FundooNote/node_modules/@babel/runtime/helpers/asyncToGenerator.js:19:12","timestamp":"2023-06-21T04:34:16.516Z"}
info: Server started at http://localhost:3000/api/v1/ {"timestamp":"2023-06-21T04:38:13.011Z"}
error: Could not connect to the database. connect ECONNREFUSED 127.0.0.1:27017 {"reason":{"commonWireVersion":null,"compatibilityError":null,"compatible":true,"heartbeatFrequencyMS":10000,"localThresholdMS":15,"logicalSessionTimeoutMinutes":null,"maxElectionId":null,"maxSetVersion":null,"servers":{},"setName":null,"stale":false,"type":"Single"},"stack":"MongooseServerSelectionError: connect ECONNREFUSED 127.0.0.1:27017\n    at NativeConnection.Connection.openUri (/home/akhil/CFP238/Fundoo_Note/FundooNote/node_modules/mongoose/lib/connection.js:847:32)\n    at /home/akhil/CFP238/Fundoo_Note/FundooNote/node_modules/mongoose/lib/index.js:351:10\n    at /home/akhil/CFP238/Fundoo_Note/FundooNote/node_modules/mongoose/lib/helpers/promiseOrCallback.js:32:5\n    at new Promise (<anonymous>)\n    at promiseOrCallback (/home/akhil/CFP238/Fundoo_Note/FundooNote/node_modules/mongoose/lib/helpers/promiseOrCallback.js:31:10)\n    at Mongoose._promiseOrCallback (/home/akhil/CFP238/Fundoo_Note/FundooNote/node_modules/mongoose/lib/index.js:1149:10)\n    at Mongoose.connect (/home/akhil/CFP238/Fundoo_Note/FundooNote/node_modules/mongoose/lib/index.js:350:20)\n    at _callee$ (/home/akhil/CFP238/Fundoo_Note/FundooNote/src/config/database.js:12:20)\n    at tryCatch (/home/akhil/CFP238/Fundoo_Note/FundooNote/node_modules/@babel/runtime/helpers/regeneratorRuntime.js:44:17)\n    at Generator.<anonymous> (/home/akhil/CFP238/Fundoo_Note/FundooNote/node_modules/@babel/runtime/helpers/regeneratorRuntime.js:125:22)\n    at Generator.next (/home/akhil/CFP238/Fundoo_Note/FundooNote/node_modules/@babel/runtime/helpers/regeneratorRuntime.js:69:21)\n    at asyncGeneratorStep (/home/akhil/CFP238/Fundoo_Note/FundooNote/node_modules/@babel/runtime/helpers/asyncToGenerator.js:3:24)\n    at _next (/home/akhil/CFP238/Fundoo_Note/FundooNote/node_modules/@babel/runtime/helpers/asyncToGenerator.js:22:9)\n    at /home/akhil/CFP238/Fundoo_Note/FundooNote/node_modules/@babel/runtime/helpers/asyncToGenerator.js:27:7\n    at new Promise (<anonymous>)\n    at /home/akhil/CFP238/Fundoo_Note/FundooNote/node_modules/@babel/runtime/helpers/asyncToGenerator.js:19:12","timestamp":"2023-06-21T04:38:43.020Z"}
info: Server started at http://localhost:3000/api/v1/ {"timestamp":"2023-06-21T04:40:11.904Z"}
info: Server started at http://localhost:3000/api/v1/ {"timestamp":"2023-06-21T04:40:54.310Z"}
error: Could not connect to the database. connect ECONNREFUSED 0.0.0.0:27017 {"reason":{"commonWireVersion":null,"compatibilityError":null,"compatible":true,"heartbeatFrequencyMS":10000,"localThresholdMS":15,"logicalSessionTimeoutMinutes":null,"maxElectionId":null,"maxSetVersion":null,"servers":{},"setName":null,"stale":false,"type":"Single"},"stack":"MongooseServerSelectionError: connect ECONNREFUSED 0.0.0.0:27017\n    at NativeConnection.Connection.openUri (/home/akhil/CFP238/Fundoo_Note/FundooNote/node_modules/mongoose/lib/connection.js:847:32)\n    at /home/akhil/CFP238/Fundoo_Note/FundooNote/node_modules/mongoose/lib/index.js:351:10\n    at /home/akhil/CFP238/Fundoo_Note/FundooNote/node_modules/mongoose/lib/helpers/promiseOrCallback.js:32:5\n    at new Promise (<anonymous>)\n    at promiseOrCallback (/home/akhil/CFP238/Fundoo_Note/FundooNote/node_modules/mongoose/lib/helpers/promiseOrCallback.js:31:10)\n    at Mongoose._promiseOrCallback (/home/akhil/CFP238/Fundoo_Note/FundooNote/node_modules/mongoose/lib/index.js:1149:10)\n    at Mongoose.connect (/home/akhil/CFP238/Fundoo_Note/FundooNote/node_modules/mongoose/lib/index.js:350:20)\n    at _callee$ (/home/akhil/CFP238/Fundoo_Note/FundooNote/src/config/database.js:12:20)\n    at tryCatch (/home/akhil/CFP238/Fundoo_Note/FundooNote/node_modules/@babel/runtime/helpers/regeneratorRuntime.js:44:17)\n    at Generator.<anonymous> (/home/akhil/CFP238/Fundoo_Note/FundooNote/node_modules/@babel/runtime/helpers/regeneratorRuntime.js:125:22)\n    at Generator.next (/home/akhil/CFP238/Fundoo_Note/FundooNote/node_modules/@babel/runtime/helpers/regeneratorRuntime.js:69:21)\n    at asyncGeneratorStep (/home/akhil/CFP238/Fundoo_Note/FundooNote/node_modules/@babel/runtime/helpers/asyncToGenerator.js:3:24)\n    at _next (/home/akhil/CFP238/Fundoo_Note/FundooNote/node_modules/@babel/runtime/helpers/asyncToGenerator.js:22:9)\n    at /home/akhil/CFP238/Fundoo_Note/FundooNote/node_modules/@babel/runtime/helpers/asyncToGenerator.js:27:7\n    at new Promise (<anonymous>)\n    at /home/akhil/CFP238/Fundoo_Note/FundooNote/node_modules/@babel/runtime/helpers/asyncToGenerator.js:19:12","timestamp":"2023-06-21T04:41:24.314Z"}
info: Server started at http://localhost:3000/api/v1/ {"timestamp":"2023-06-21T06:22:43.915Z"}
info: Connected to the database. {"timestamp":"2023-06-21T06:22:43.934Z"}
info: Server started at http://localhost:3000/api/v1/ {"timestamp":"2023-06-21T06:24:47.682Z"}
error: Could not connect to the database. Invalid message size: 1347703880, max allowed: 67108864 {"reason":{"commonWireVersion":null,"compatibilityError":null,"compatible":true,"heartbeatFrequencyMS":10000,"localThresholdMS":15,"logicalSessionTimeoutMinutes":null,"maxElectionId":null,"maxSetVersion":null,"servers":{},"setName":null,"stale":false,"type":"Single"},"stack":"MongooseServerSelectionError: Invalid message size: 1347703880, max allowed: 67108864\n    at NativeConnection.Connection.openUri (/home/akhil/CFP238/Fundoo_Note/FundooNote/node_modules/mongoose/lib/connection.js:847:32)\n    at /home/akhil/CFP238/Fundoo_Note/FundooNote/node_modules/mongoose/lib/index.js:351:10\n    at /home/akhil/CFP238/Fundoo_Note/FundooNote/node_modules/mongoose/lib/helpers/promiseOrCallback.js:32:5\n    at new Promise (<anonymous>)\n    at promiseOrCallback (/home/akhil/CFP238/Fundoo_Note/FundooNote/node_modules/mongoose/lib/helpers/promiseOrCallback.js:31:10)\n    at Mongoose._promiseOrCallback (/home/akhil/CFP238/Fundoo_Note/FundooNote/node_modules/mongoose/lib/index.js:1149:10)\n    at Mongoose.connect (/home/akhil/CFP238/Fundoo_Note/FundooNote/node_modules/mongoose/lib/index.js:350:20)\n    at _callee$ (/home/akhil/CFP238/Fundoo_Note/FundooNote/src/config/database.js:12:20)\n    at tryCatch (/home/akhil/CFP238/Fundoo_Note/FundooNote/node_modules/@babel/runtime/helpers/regeneratorRuntime.js:44:17)\n    at Generator.<anonymous> (/home/akhil/CFP238/Fundoo_Note/FundooNote/node_modules/@babel/runtime/helpers/regeneratorRuntime.js:125:22)\n    at Generator.next (/home/akhil/CFP238/Fundoo_Note/FundooNote/node_modules/@babel/runtime/helpers/regeneratorRuntime.js:69:21)\n    at asyncGeneratorStep (/home/akhil/CFP238/Fundoo_Note/FundooNote/node_modules/@babel/runtime/helpers/asyncToGenerator.js:3:24)\n    at _next (/home/akhil/CFP238/Fundoo_Note/FundooNote/node_modules/@babel/runtime/helpers/asyncToGenerator.js:22:9)\n    at /home/akhil/CFP238/Fundoo_Note/FundooNote/node_modules/@babel/runtime/helpers/asyncToGenerator.js:27:7\n    at new Promise (<anonymous>)\n    at /home/akhil/CFP238/Fundoo_Note/FundooNote/node_modules/@babel/runtime/helpers/asyncToGenerator.js:19:12","timestamp":"2023-06-21T06:25:17.690Z"}
info: Server started at http://localhost:3000/api/v1/ {"timestamp":"2023-06-21T06:25:40.644Z"}
info: Connected to the database. {"timestamp":"2023-06-21T06:25:40.664Z"}
info: Server started at http://localhost:3000/api/v1/ {"timestamp":"2023-06-21T06:28:08.186Z"}
info: Connected to the database. {"timestamp":"2023-06-21T06:28:08.228Z"}
error: 
    status - 500 
    message - ReferenceError: HttpStatus is not defined
    at newUserValidator (/home/akhil/CFP238/Fundoo_Note/FundooNote/src/validators/user.validator.js:12:16)
    at Layer.handle [as handle_request] (/home/akhil/CFP238/Fundoo_Note/FundooNote/node_modules/express/lib/router/layer.js:95:5)
    at next (/home/akhil/CFP238/Fundoo_Note/FundooNote/node_modules/express/lib/router/route.js:144:13)
    at Route.dispatch (/home/akhil/CFP238/Fundoo_Note/FundooNote/node_modules/express/lib/router/route.js:114:3)
    at Layer.handle [as handle_request] (/home/akhil/CFP238/Fundoo_Note/FundooNote/node_modules/express/lib/router/layer.js:95:5)
    at /home/akhil/CFP238/Fundoo_Note/FundooNote/node_modules/express/lib/router/index.js:284:15
    at Function.process_params (/home/akhil/CFP238/Fundoo_Note/FundooNote/node_modules/express/lib/router/index.js:346:12)
    at next (/home/akhil/CFP238/Fundoo_Note/FundooNote/node_modules/express/lib/router/index.js:280:10)
    at Function.handle (/home/akhil/CFP238/Fundoo_Note/FundooNote/node_modules/express/lib/router/index.js:175:3)
    at router (/home/akhil/CFP238/Fundoo_Note/FundooNote/node_modules/express/lib/router/index.js:47:12)
    at Layer.handle [as handle_request] (/home/akhil/CFP238/Fundoo_Note/FundooNote/node_modules/express/lib/router/layer.js:95:5)
    at trim_prefix (/home/akhil/CFP238/Fundoo_Note/FundooNote/node_modules/express/lib/router/index.js:328:13)
    at /home/akhil/CFP238/Fundoo_Note/FundooNote/node_modules/express/lib/router/index.js:286:9
    at Function.process_params (/home/akhil/CFP238/Fundoo_Note/FundooNote/node_modules/express/lib/router/index.js:346:12)
    at next (/home/akhil/CFP238/Fundoo_Note/FundooNote/node_modules/express/lib/router/index.js:280:10)
    at Function.handle (/home/akhil/CFP238/Fundoo_Note/FundooNote/node_modules/express/lib/router/index.js:175:3) 
    url - /api/v1/users/ 
    method - POST 
    IP - ::1
   {"timestamp":"2023-06-21T06:30:09.540Z"}
error: 
    status - 500 
    message - ReferenceError: HttpStatus is not defined
    at newUserValidator (/home/akhil/CFP238/Fundoo_Note/FundooNote/src/validators/user.validator.js:12:16)
    at Layer.handle [as handle_request] (/home/akhil/CFP238/Fundoo_Note/FundooNote/node_modules/express/lib/router/layer.js:95:5)
    at next (/home/akhil/CFP238/Fundoo_Note/FundooNote/node_modules/express/lib/router/route.js:144:13)
    at Route.dispatch (/home/akhil/CFP238/Fundoo_Note/FundooNote/node_modules/express/lib/router/route.js:114:3)
    at Layer.handle [as handle_request] (/home/akhil/CFP238/Fundoo_Note/FundooNote/node_modules/express/lib/router/layer.js:95:5)
    at /home/akhil/CFP238/Fundoo_Note/FundooNote/node_modules/express/lib/router/index.js:284:15
    at Function.process_params (/home/akhil/CFP238/Fundoo_Note/FundooNote/node_modules/express/lib/router/index.js:346:12)
    at next (/home/akhil/CFP238/Fundoo_Note/FundooNote/node_modules/express/lib/router/index.js:280:10)
    at Function.handle (/home/akhil/CFP238/Fundoo_Note/FundooNote/node_modules/express/lib/router/index.js:175:3)
    at router (/home/akhil/CFP238/Fundoo_Note/FundooNote/node_modules/express/lib/router/index.js:47:12)
    at Layer.handle [as handle_request] (/home/akhil/CFP238/Fundoo_Note/FundooNote/node_modules/express/lib/router/layer.js:95:5)
    at trim_prefix (/home/akhil/CFP238/Fundoo_Note/FundooNote/node_modules/express/lib/router/index.js:328:13)
    at /home/akhil/CFP238/Fundoo_Note/FundooNote/node_modules/express/lib/router/index.js:286:9
    at Function.process_params (/home/akhil/CFP238/Fundoo_Note/FundooNote/node_modules/express/lib/router/index.js:346:12)
    at next (/home/akhil/CFP238/Fundoo_Note/FundooNote/node_modules/express/lib/router/index.js:280:10)
    at Function.handle (/home/akhil/CFP238/Fundoo_Note/FundooNote/node_modules/express/lib/router/index.js:175:3) 
    url - /api/v1/users/ 
    method - POST 
    IP - ::1
   {"timestamp":"2023-06-21T06:32:01.327Z"}
info: Server started at http://localhost:3000/api/v1/ {"timestamp":"2023-06-21T06:35:03.167Z"}
error: Could not connect to the database. Invalid message size: 1347703880, max allowed: 67108864 {"reason":{"commonWireVersion":null,"compatibilityError":null,"compatible":true,"heartbeatFrequencyMS":10000,"localThresholdMS":15,"logicalSessionTimeoutMinutes":null,"maxElectionId":null,"maxSetVersion":null,"servers":{},"setName":null,"stale":false,"type":"Single"},"stack":"MongooseServerSelectionError: Invalid message size: 1347703880, max allowed: 67108864\n    at NativeConnection.Connection.openUri (/home/akhil/CFP238/Fundoo_Note/FundooNote/node_modules/mongoose/lib/connection.js:847:32)\n    at /home/akhil/CFP238/Fundoo_Note/FundooNote/node_modules/mongoose/lib/index.js:351:10\n    at /home/akhil/CFP238/Fundoo_Note/FundooNote/node_modules/mongoose/lib/helpers/promiseOrCallback.js:32:5\n    at new Promise (<anonymous>)\n    at promiseOrCallback (/home/akhil/CFP238/Fundoo_Note/FundooNote/node_modules/mongoose/lib/helpers/promiseOrCallback.js:31:10)\n    at Mongoose._promiseOrCallback (/home/akhil/CFP238/Fundoo_Note/FundooNote/node_modules/mongoose/lib/index.js:1149:10)\n    at Mongoose.connect (/home/akhil/CFP238/Fundoo_Note/FundooNote/node_modules/mongoose/lib/index.js:350:20)\n    at _callee$ (/home/akhil/CFP238/Fundoo_Note/FundooNote/src/config/database.js:12:20)\n    at tryCatch (/home/akhil/CFP238/Fundoo_Note/FundooNote/node_modules/@babel/runtime/helpers/regeneratorRuntime.js:44:17)\n    at Generator.<anonymous> (/home/akhil/CFP238/Fundoo_Note/FundooNote/node_modules/@babel/runtime/helpers/regeneratorRuntime.js:125:22)\n    at Generator.next (/home/akhil/CFP238/Fundoo_Note/FundooNote/node_modules/@babel/runtime/helpers/regeneratorRuntime.js:69:21)\n    at asyncGeneratorStep (/home/akhil/CFP238/Fundoo_Note/FundooNote/node_modules/@babel/runtime/helpers/asyncToGenerator.js:3:24)\n    at _next (/home/akhil/CFP238/Fundoo_Note/FundooNote/node_modules/@babel/runtime/helpers/asyncToGenerator.js:22:9)\n    at /home/akhil/CFP238/Fundoo_Note/FundooNote/node_modules/@babel/runtime/helpers/asyncToGenerator.js:27:7\n    at new Promise (<anonymous>)\n    at /home/akhil/CFP238/Fundoo_Note/FundooNote/node_modules/@babel/runtime/helpers/asyncToGenerator.js:19:12","timestamp":"2023-06-21T06:35:33.173Z"}
info: Server started at http://localhost:3000/api/v1/ {"timestamp":"2023-06-21T06:36:10.618Z"}
info: Connected to the database. {"timestamp":"2023-06-21T06:36:10.635Z"}
error: 
    status - 500 
    message - ReferenceError: HttpStatus is not defined
    at newUserValidator (/home/akhil/CFP238/Fundoo_Note/FundooNote/src/validators/user.validator.js:12:16)
    at Layer.handle [as handle_request] (/home/akhil/CFP238/Fundoo_Note/FundooNote/node_modules/express/lib/router/layer.js:95:5)
    at next (/home/akhil/CFP238/Fundoo_Note/FundooNote/node_modules/express/lib/router/route.js:144:13)
    at Route.dispatch (/home/akhil/CFP238/Fundoo_Note/FundooNote/node_modules/express/lib/router/route.js:114:3)
    at Layer.handle [as handle_request] (/home/akhil/CFP238/Fundoo_Note/FundooNote/node_modules/express/lib/router/layer.js:95:5)
    at /home/akhil/CFP238/Fundoo_Note/FundooNote/node_modules/express/lib/router/index.js:284:15
    at Function.process_params (/home/akhil/CFP238/Fundoo_Note/FundooNote/node_modules/express/lib/router/index.js:346:12)
    at next (/home/akhil/CFP238/Fundoo_Note/FundooNote/node_modules/express/lib/router/index.js:280:10)
    at Function.handle (/home/akhil/CFP238/Fundoo_Note/FundooNote/node_modules/express/lib/router/index.js:175:3)
    at router (/home/akhil/CFP238/Fundoo_Note/FundooNote/node_modules/express/lib/router/index.js:47:12)
    at Layer.handle [as handle_request] (/home/akhil/CFP238/Fundoo_Note/FundooNote/node_modules/express/lib/router/layer.js:95:5)
    at trim_prefix (/home/akhil/CFP238/Fundoo_Note/FundooNote/node_modules/express/lib/router/index.js:328:13)
    at /home/akhil/CFP238/Fundoo_Note/FundooNote/node_modules/express/lib/router/index.js:286:9
    at Function.process_params (/home/akhil/CFP238/Fundoo_Note/FundooNote/node_modules/express/lib/router/index.js:346:12)
    at next (/home/akhil/CFP238/Fundoo_Note/FundooNote/node_modules/express/lib/router/index.js:280:10)
    at Function.handle (/home/akhil/CFP238/Fundoo_Note/FundooNote/node_modules/express/lib/router/index.js:175:3) 
    url - /api/v1/users/ 
    method - POST 
    IP - ::1
   {"timestamp":"2023-06-21T06:36:30.026Z"}
info: Server started at http://localhost:3000/api/v1/ {"timestamp":"2023-06-21T10:19:03.732Z"}
info: Connected to the database. {"timestamp":"2023-06-21T10:19:20.315Z"}
info: Server started at http://localhost:3000/api/v1/ {"timestamp":"2023-06-21T10:38:07.249Z"}
info: Connected to the database. {"timestamp":"2023-06-21T10:38:07.264Z"}
info: Server started at http://localhost:3000/api/v1/ {"timestamp":"2023-06-21T10:38:36.190Z"}
info: Connected to the database. {"timestamp":"2023-06-21T10:38:36.210Z"}
info: Server started at http://localhost:3000/api/v1/ {"timestamp":"2023-06-21T10:43:12.975Z"}
info: Connected to the database. {"timestamp":"2023-06-21T10:43:12.995Z"}
info: Server started at http://localhost:3000/api/v1/ {"timestamp":"2023-06-21T10:47:26.880Z"}
info: Connected to the database. {"timestamp":"2023-06-21T10:47:26.898Z"}
info: Server started at http://localhost:3000/api/v1/ {"timestamp":"2023-06-21T11:24:30.359Z"}
info: Connected to the database. {"timestamp":"2023-06-21T11:24:30.378Z"}
error: 
      status - 400
      message - Authorization token is required 
      url - /api/v1/users/login 
      method - POST 
      IP - ::1
     {"timestamp":"2023-06-21T11:24:59.429Z"}
info: Server started at http://localhost:3000/api/v1/ {"timestamp":"2023-06-21T12:15:01.048Z"}
info: Connected to the database. {"timestamp":"2023-06-21T12:15:01.078Z"}
info: Server started at http://localhost:3000/api/v1/ {"timestamp":"2023-06-21T12:15:07.633Z"}
info: Connected to the database. {"timestamp":"2023-06-21T12:15:07.672Z"}
error: 
    status - 500 
    message - JsonWebTokenError: invalid token
    at Object.verify (/home/akhil/CFP238/Fundoo_Note/FundooNote/node_modules/jsonwebtoken/verify.js:75:17)
    at _callee$ (/home/akhil/CFP238/Fundoo_Note/FundooNote/src/middlewares/auth.middleware.js:26:29)
    at tryCatch (/home/akhil/CFP238/Fundoo_Note/FundooNote/node_modules/@babel/runtime/helpers/regeneratorRuntime.js:44:17)
    at Generator.<anonymous> (/home/akhil/CFP238/Fundoo_Note/FundooNote/node_modules/@babel/runtime/helpers/regeneratorRuntime.js:125:22)
    at Generator.next (/home/akhil/CFP238/Fundoo_Note/FundooNote/node_modules/@babel/runtime/helpers/regeneratorRuntime.js:69:21)
    at asyncGeneratorStep (/home/akhil/CFP238/Fundoo_Note/FundooNote/node_modules/@babel/runtime/helpers/asyncToGenerator.js:3:24)
    at _next (/home/akhil/CFP238/Fundoo_Note/FundooNote/node_modules/@babel/runtime/helpers/asyncToGenerator.js:22:9)
    at /home/akhil/CFP238/Fundoo_Note/FundooNote/node_modules/@babel/runtime/helpers/asyncToGenerator.js:27:7
    at new Promise (<anonymous>)
    at apply (/home/akhil/CFP238/Fundoo_Note/FundooNote/node_modules/@babel/runtime/helpers/asyncToGenerator.js:19:12)
    at userAuth (/home/akhil/CFP238/Fundoo_Note/FundooNote/src/middlewares/auth.middleware.js:15:22)
    at Layer.handle [as handle_request] (/home/akhil/CFP238/Fundoo_Note/FundooNote/node_modules/express/lib/router/layer.js:95:5)
    at next (/home/akhil/CFP238/Fundoo_Note/FundooNote/node_modules/express/lib/router/route.js:144:13)
    at Route.dispatch (/home/akhil/CFP238/Fundoo_Note/FundooNote/node_modules/express/lib/router/route.js:114:3)
    at Layer.handle [as handle_request] (/home/akhil/CFP238/Fundoo_Note/FundooNote/node_modules/express/lib/router/layer.js:95:5)
    at /home/akhil/CFP238/Fundoo_Note/FundooNote/node_modules/express/lib/router/index.js:284:15 
    url - /api/v1/users/login 
    method - POST 
    IP - ::1
   {"timestamp":"2023-06-21T12:15:12.474Z"}
info: Server started at http://localhost:3000/api/v1/ {"timestamp":"2023-06-27T03:28:17.597Z"}
info: Connected to the database. {"timestamp":"2023-06-27T03:28:17.625Z"}
info: Server started at http://localhost:3000/api/v1/ {"timestamp":"2023-06-27T03:33:48.751Z"}
info: Connected to the database. {"timestamp":"2023-06-27T03:33:48.775Z"}
info: Server started at http://localhost:3000/api/v1/ {"timestamp":"2023-06-27T03:34:18.362Z"}
info: Connected to the database. {"timestamp":"2023-06-27T03:34:18.381Z"}
info: Server started at http://localhost:3000/api/v1/ {"timestamp":"2023-06-27T03:34:23.773Z"}
info: Connected to the database. {"timestamp":"2023-06-27T03:34:23.791Z"}
