info: ::1 - - [15/Jun/2023:06:09:41 +0000] "GET /api/v1/users/ HTTP/1.1" 200 65 "-" "PostmanRuntime/7.32.2"

info: ::1 - - [15/Jun/2023:06:12:03 +0000] "POST /api/v1/users/ HTTP/1.1" 201 273 "-" "PostmanRuntime/7.32.2"

info: ::1 - - [15/Jun/2023:06:13:30 +0000] "POST /api/v1/users/ HTTP/1.1" 201 285 "-" "PostmanRuntime/7.32.2"

info: ::1 - - [15/Jun/2023:06:18:46 +0000] "POST /api/v1/users/ HTTP/1.1" 201 277 "-" "PostmanRuntime/7.32.2"

info: ::1 - - [15/Jun/2023:16:47:59 +0000] "GET /api/v1/users/?emailId=pawanbiker21@gmail.com HTTP/1.1" 200 879 "-" "PostmanRuntime/7.32.2"

info: ::1 - - [15/Jun/2023:16:48:34 +0000] "GET /api/v1/users/?emailId=pawanbiker21@gmail.com HTTP/1.1" 200 879 "-" "PostmanRuntime/7.32.2"

info: ::1 - - [16/Jun/2023:00:50:47 +0000] "GET /api/v1/users/?emailId=pawanbiker21@gmail.com HTTP/1.1" 200 879 "-" "PostmanRuntime/7.32.2"

info: ::1 - - [16/Jun/2023:00:51:02 +0000] "GET /api/v1/users/pawanbiker21@gmail.com HTTP/1.1" 500 144 "-" "PostmanRuntime/7.32.2"

info: ::1 - - [16/Jun/2023:00:51:44 +0000] "GET /api/v1/users/_emailId=pawanbiker21@gmail.com HTTP/1.1" 500 153 "-" "PostmanRuntime/7.32.2"

info: ::1 - - [16/Jun/2023:00:52:40 +0000] "GET /api/v1/users/?emailId=pawanbiker21@gmail.com HTTP/1.1" 200 879 "-" "PostmanRuntime/7.32.2"

info: ::1 - - [16/Jun/2023:01:02:58 +0000] "GET /api/v1/users/search/?emailId=pawanbiker21@gmail.com HTTP/1.1" 500 128 "-" "PostmanRuntime/7.32.2"

info: ::1 - - [16/Jun/2023:01:04:54 +0000] "GET /api/v1/users/search/?emailId=pawanbiker21@gmail.com HTTP/1.1" 500 128 "-" "PostmanRuntime/7.32.2"

info: ::1 - - [16/Jun/2023:01:05:03 +0000] "GET /api/v1/users/search/pawanbiker21@gmail.com HTTP/1.1" 404 47 "-" "PostmanRuntime/7.32.2"

info: ::1 - - [16/Jun/2023:01:05:05 +0000] "GET /api/v1/users/search/pawanbiker21@gmail.com HTTP/1.1" 404 47 "-" "PostmanRuntime/7.32.2"

info: ::1 - - [16/Jun/2023:01:11:16 +0000] "GET /api/v1/users/search/pawanbiker21@gmail.com HTTP/1.1" 404 47 "-" "PostmanRuntime/7.32.2"

info: ::1 - - [16/Jun/2023:01:12:07 +0000] "GET /api/v1/users/search/?emailId=pawanbiker21@gmail.com HTTP/1.1" 500 128 "-" "PostmanRuntime/7.32.2"

info: ::1 - - [16/Jun/2023:01:19:17 +0000] "GET /api/v1/users/search/?emailId=pawanbiker21@gmail.com HTTP/1.1" 500 128 "-" "PostmanRuntime/7.32.2"

info: ::1 - - [16/Jun/2023:01:19:27 +0000] "GET /api/v1/users/search/pawanbiker21@gmail.com HTTP/1.1" 404 47 "-" "PostmanRuntime/7.32.2"

info: ::1 - - [16/Jun/2023:01:19:39 +0000] "GET /api/v1/users/pawanbiker21@gmail.com HTTP/1.1" 500 144 "-" "PostmanRuntime/7.32.2"

info: ::1 - - [16/Jun/2023:01:19:58 +0000] "GET /api/v1/users/pawanbiker21@gmail.com HTTP/1.1" 500 144 "-" "PostmanRuntime/7.32.2"

info: ::1 - - [16/Jun/2023:03:01:16 +0000] "GET /api/v1/users/?emailId=mongodb://127.0.0.1:27017/myapp HTTP/1.1" 200 879 "-" "PostmanRuntime/7.32.2"

info: ::1 - - [16/Jun/2023:03:01:48 +0000] "GET /api/v1/users/?emailId=pawanbiker21@gmail.com HTTP/1.1" 200 879 "-" "PostmanRuntime/7.32.2"

info: ::1 - - [16/Jun/2023:03:31:36 +0000] "GET /api/v1/users/?emailId= HTTP/1.1" 404 47 "-" "PostmanRuntime/7.32.2"

info: ::1 - - [16/Jun/2023:03:31:41 +0000] "POST /api/v1/users/?emailId= HTTP/1.1" 201 237 "-" "PostmanRuntime/7.32.2"

info: ::1 - - [16/Jun/2023:03:32:37 +0000] "POST /api/v1/users/login HTTP/1.1" 400 63 "-" "PostmanRuntime/7.32.2"

info: ::1 - - [16/Jun/2023:03:34:43 +0000] "POST /api/v1/users/login HTTP/1.1" 202 279 "-" "PostmanRuntime/7.32.2"

info: ::1 - - [16/Jun/2023:03:36:50 +0000] "POST /api/v1/users/login HTTP/1.1" 202 279 "-" "PostmanRuntime/7.32.2"

info: ::1 - - [16/Jun/2023:03:44:12 +0000] "POST /api/v1/users/login HTTP/1.1" 202 279 "-" "PostmanRuntime/7.32.2"

info: ::1 - - [16/Jun/2023:07:57:09 +0000] "POST /api/v1/users/login HTTP/1.1" 400 49 "-" "PostmanRuntime/7.32.2"

info: ::1 - - [16/Jun/2023:11:01:13 +0000] "POST /api/v1/users/login HTTP/1.1" 400 49 "-" "PostmanRuntime/7.32.2"

info: ::1 - - [16/Jun/2023:11:27:08 +0000] "POST /api/v1/users/logname HTTP/1.1" 202 284 "-" "PostmanRuntime/7.32.2"

info: ::1 - - [16/Jun/2023:11:27:23 +0000] "POST /api/v1/users/logname HTTP/1.1" 400 49 "-" "PostmanRuntime/7.32.2"

info: ::1 - - [16/Jun/2023:11:27:40 +0000] "POST /api/v1/users/logname HTTP/1.1" 400 51 "-" "PostmanRuntime/7.32.2"

info: ::1 - - [16/Jun/2023:11:27:54 +0000] "POST /api/v1/users/logname HTTP/1.1" 400 49 "-" "PostmanRuntime/7.32.2"

info: ::1 - - [16/Jun/2023:11:28:03 +0000] "POST /api/v1/users/logname HTTP/1.1" 202 284 "-" "PostmanRuntime/7.32.2"

info: ::1 - - [19/Jun/2023:02:53:22 +0000] "POST /api/v1/users/login HTTP/1.1" 202 275 "-" "PostmanRuntime/7.32.3"

info: ::1 - - [19/Jun/2023:03:24:49 +0000] "POST /api/v1/users/login HTTP/1.1" 400 48 "-" "PostmanRuntime/7.32.3"

info: ::1 - - [19/Jun/2023:03:25:09 +0000] "POST /api/v1/users/ HTTP/1.1" 201 268 "-" "PostmanRuntime/7.32.3"

info: ::1 - - [19/Jun/2023:03:25:53 +0000] "POST /api/v1/users/login HTTP/1.1" 202 270 "-" "PostmanRuntime/7.32.3"

info: ::1 - - [19/Jun/2023:03:48:59 +0000] "POST /api/v1/users/ HTTP/1.1" 201 266 "-" "PostmanRuntime/7.32.3"

info: ::1 - - [19/Jun/2023:03:51:53 +0000] "POST /api/v1/users/ HTTP/1.1" 201 320 "-" "PostmanRuntime/7.32.3"

info: ::1 - - [19/Jun/2023:06:10:22 +0000] "POST /api/v1/users/ HTTP/1.1" 500 60 "-" "PostmanRuntime/7.32.3"

info: ::1 - - [19/Jun/2023:06:13:39 +0000] "POST /api/v1/users/ HTTP/1.1" 500 60 "-" "PostmanRuntime/7.32.3"

info: ::1 - - [19/Jun/2023:06:13:57 +0000] "POST /api/v1/users/ HTTP/1.1" 201 324 "-" "PostmanRuntime/7.32.3"

info: ::1 - - [19/Jun/2023:08:48:11 +0000] "POST /api/v1/users/ HTTP/1.1" 201 322 "-" "PostmanRuntime/7.32.3"

info: ::1 - - [19/Jun/2023:08:48:24 +0000] "POST /api/v1/users/ HTTP/1.1" 500 60 "-" "PostmanRuntime/7.32.3"

info: ::1 - - [19/Jun/2023:08:50:04 +0000] "POST /api/v1/users/login HTTP/1.1" 202 324 "-" "PostmanRuntime/7.32.3"

info: ::1 - - [20/Jun/2023:03:44:51 +0000] "POST /api/v1/users/login HTTP/1.1" 202 183 "-" "PostmanRuntime/7.32.3"

info: ::1 - - [20/Jun/2023:03:50:23 +0000] "POST /api/v1/users/login HTTP/1.1" 202 213 "-" "PostmanRuntime/7.32.3"

info: ::1 - - [20/Jun/2023:05:25:28 +0000] "POST /api/v1/note/ HTTP/1.1" 404 47 "-" "PostmanRuntime/7.32.3"

info: ::1 - - [20/Jun/2023:05:25:58 +0000] "POST /api/v1/user/ HTTP/1.1" 404 47 "-" "PostmanRuntime/7.32.3"

info: ::1 - - [20/Jun/2023:05:26:07 +0000] "POST /api/v1/user/login HTTP/1.1" 404 47 "-" "PostmanRuntime/7.32.3"

info: ::1 - - [20/Jun/2023:05:26:27 +0000] "POST /api/v1/note/ HTTP/1.1" 404 47 "-" "PostmanRuntime/7.32.3"

info: ::1 - - [20/Jun/2023:05:26:44 +0000] "POST /api/v1/users/login HTTP/1.1" 400 48 "-" "PostmanRuntime/7.32.3"

info: ::1 - - [20/Jun/2023:05:28:20 +0000] "POST /api/v1/users/login HTTP/1.1" 400 48 "-" "PostmanRuntime/7.32.3"

info: ::1 - - [20/Jun/2023:09:12:34 +0000] "POST /api/v1/users/login HTTP/1.1" 400 48 "-" "PostmanRuntime/7.32.3"

info: ::1 - - [20/Jun/2023:09:14:26 +0000] "POST /api/v1/users/ HTTP/1.1" 201 329 "-" "PostmanRuntime/7.32.3"

info: ::1 - - [20/Jun/2023:09:14:45 +0000] "POST /api/v1/users/login HTTP/1.1" 400 68 "-" "PostmanRuntime/7.32.3"

info: ::1 - - [20/Jun/2023:09:15:31 +0000] "POST /api/v1/users/login HTTP/1.1" 202 233 "-" "PostmanRuntime/7.32.3"

info: ::1 - - [20/Jun/2023:09:18:23 +0000] "POST /api/v1/users/login HTTP/1.1" 400 68 "-" "PostmanRuntime/7.32.3"

info: ::1 - - [20/Jun/2023:09:21:45 +0000] "POST /api/v1/users/login HTTP/1.1" 202 233 "-" "PostmanRuntime/7.32.3"

info: ::1 - - [20/Jun/2023:10:06:40 +0000] "POST /api/v1/users/login HTTP/1.1" 202 233 "-" "PostmanRuntime/7.32.3"

info: ::1 - - [20/Jun/2023:10:12:00 +0000] "POST /api/v1/users/login HTTP/1.1" 202 233 "-" "PostmanRuntime/7.32.3"

info: ::1 - - [20/Jun/2023:10:12:34 +0000] "POST /api/v1/users/login HTTP/1.1" 202 233 "-" "PostmanRuntime/7.32.3"

info: ::1 - - [20/Jun/2023:11:56:42 +0000] "POST /api/v1/users/login HTTP/1.1" 202 275 "-" "PostmanRuntime/7.32.3"

info: ::1 - - [21/Jun/2023:06:30:09 +0000] "POST /api/v1/users/ HTTP/1.1" 500 60 "-" "PostmanRuntime/7.32.3"

info: ::1 - - [21/Jun/2023:06:32:01 +0000] "POST /api/v1/users/ HTTP/1.1" 500 60 "-" "PostmanRuntime/7.32.3"

info: ::1 - - [21/Jun/2023:06:36:30 +0000] "POST /api/v1/users/ HTTP/1.1" 500 60 "-" "PostmanRuntime/7.32.3"

info: ::1 - - [21/Jun/2023:06:38:01 +0000] "POST /api/v1/users/ HTTP/1.1" 201 321 "-" "PostmanRuntime/7.32.3"

info: ::1 - - [21/Jun/2023:06:40:14 +0000] "POST /api/v1/users/ HTTP/1.1" 201 324 "-" "PostmanRuntime/7.32.3"

info: ::1 - - [21/Jun/2023:07:51:50 +0000] "POST /api/v1/users/ HTTP/1.1" 201 332 "-" "PostmanRuntime/7.32.3"

info: ::1 - - [21/Jun/2023:10:19:28 +0000] "POST /api/v1/users/login HTTP/1.1" 202 282 "-" "PostmanRuntime/7.32.3"

info: ::1 - - [21/Jun/2023:11:24:59 +0000] "POST /api/v1/users/login HTTP/1.1" 400 56 "-" "PostmanRuntime/7.32.3"

info: ::1 - - [21/Jun/2023:11:26:00 +0000] "POST /api/v1/users/login HTTP/1.1" 202 282 "-" "PostmanRuntime/7.32.3"

info: ::1 - - [21/Jun/2023:12:15:12 +0000] "POST /api/v1/users/login HTTP/1.1" 500 48 "-" "PostmanRuntime/7.32.3"

info: ::1 - - [27/Jun/2023:03:28:22 +0000] "PUT /api/v1/users/resetpassword/649a40fddf2aba14f7b55811 HTTP/1.1" 404 47 "-" "PostmanRuntime/7.32.3"

info: ::1 - - [27/Jun/2023:03:28:33 +0000] "PUT /api/v1/users/resetpassword/649a40fddf2aba14f7b55811 HTTP/1.1" 404 47 "-" "PostmanRuntime/7.32.3"

info: ::1 - - [27/Jun/2023:03:35:03 +0000] "PUT /api/v1/users/resetpassword/649a40fddf2aba14f7b55811 HTTP/1.1" 202 334 "-" "PostmanRuntime/7.32.3"

info: ::1 - - [27/Jun/2023:09:06:25 +0000] "POST /api/v1/users/ HTTP/1.1" 201 334 "-" "PostmanRuntime/7.32.3"

info: ::1 - - [27/Jun/2023:09:06:48 +0000] "POST /api/v1/users/forgetpass HTTP/1.1" 200 298 "-" "PostmanRuntime/7.32.3"

info: ::1 - - [27/Jun/2023:09:07:30 +0000] "GET /eyJhbGciOiJIUzI1NiIsInR5cCI6IkpXVCJ9.eyJlbWFpbElkIjoiYWtoaWxtYW5kYWxmYW1pbHlAb3V0bG9vay5jb20iLCJfaWQiOiI2NDlhYTY5MTcyN2NhMTQ2ODAwNzljMTciLCJpYXQiOjE2ODc4NTY4MDMsImV4cCI6MTY4Nzg2NzYwM30.VB975CZ4Y9fjYUL0DQ3s09ByS8pl-4Xg0WwjnaDZc1E HTTP/1.1" 404 47 "-" "Mozilla/5.0 (X11; Linux x86_64) AppleWebKit/537.36 (KHTML, like Gecko) Chrome/114.0.0.0 Safari/537.36"

info: ::1 - - [27/Jun/2023:09:08:25 +0000] "PUT /api/v1/users/resetpassword/eyJhbGciOiJIUzI1NiIsInR5cCI6IkpXVCJ9.eyJlbWFpbElkIjoiYWtoaWxtYW5kYWxmYW1pbHlAb3V0bG9vay5jb20iLCJfaWQiOiI2NDlhYTY5MTcyN2NhMTQ2ODAwNzljMTciLCJpYXQiOjE2ODc4NTY4MDMsImV4cCI6MTY4Nzg2NzYwM30.VB975CZ4Y9fjYUL0DQ3s09ByS8pl-4Xg0WwjnaDZc1E HTTP/1.1" 400 163 "-" "PostmanRuntime/7.32.3"

info: ::1 - - [27/Jun/2023:09:11:55 +0000] "PUT /api/v1/users/resetpassword/eyJhbGciOiJIUzI1NiIsInR5cCI6IkpXVCJ9.eyJlbWFpbElkIjoiYWtoaWxtYW5kYWxmYW1pbHlAb3V0bG9vay5jb20iLCJfaWQiOiI2NDlhYTY5MTcyN2NhMTQ2ODAwNzljMTciLCJpYXQiOjE2ODc4NTY4MDMsImV4cCI6MTY4Nzg2NzYwM30.VB975CZ4Y9fjYUL0DQ3s09ByS8pl-4Xg0WwjnaDZc1E HTTP/1.1" 400 167 "-" "PostmanRuntime/7.32.3"

info: ::1 - - [27/Jun/2023:09:24:01 +0000] "PUT /api/v1/users/resetpassword/eyJhbGciOiJIUzI1NiIsInR5cCI6IkpXVCJ9.eyJlbWFpbElkIjoiYWtoaWxtYW5kYWxmYW1pbHlAb3V0bG9vay5jb20iLCJfaWQiOiI2NDlhYTY5MTcyN2NhMTQ2ODAwNzljMTciLCJpYXQiOjE2ODc4NTY4MDMsImV4cCI6MTY4Nzg2NzYwM30.VB975CZ4Y9fjYUL0DQ3s09ByS8pl-4Xg0WwjnaDZc1E HTTP/1.1" 400 141 "-" "PostmanRuntime/7.32.3"

info: ::1 - - [27/Jun/2023:09:28:15 +0000] "PUT /api/v1/users/resetpassword/eyJhbGciOiJIUzI1NiIsInR5cCI6IkpXVCJ9.eyJlbWFpbElkIjoiYWtoaWxtYW5kYWxmYW1pbHlAb3V0bG9vay5jb20iLCJfaWQiOiI2NDlhYTY5MTcyN2NhMTQ2ODAwNzljMTciLCJpYXQiOjE2ODc4NTY4MDMsImV4cCI6MTY4Nzg2NzYwM30.VB975CZ4Y9fjYUL0DQ3s09ByS8pl-4Xg0WwjnaDZc1E HTTP/1.1" 400 64 "-" "PostmanRuntime/7.32.3"

info: ::1 - - [27/Jun/2023:09:29:27 +0000] "PUT /api/v1/users/resetpassword/eyJhbGciOiJIUzI1NiIsInR5cCI6IkpXVCJ9.eyJlbWFpbElkIjoiYWtoaWxtYW5kYWxmYW1pbHlAb3V0bG9vay5jb20iLCJfaWQiOiI2NDlhYTY5MTcyN2NhMTQ2ODAwNzljMTciLCJpYXQiOjE2ODc4NTY4MDMsImV4cCI6MTY4Nzg2NzYwM30.VB975CZ4Y9fjYUL0DQ3s09ByS8pl-4Xg0WwjnaDZc1E HTTP/1.1" 400 167 "-" "PostmanRuntime/7.32.3"

info: ::1 - - [27/Jun/2023:09:34:51 +0000] "PUT /api/v1/users/resetpassword/eyJhbGciOiJIUzI1NiIsInR5cCI6IkpXVCJ9.eyJlbWFpbElkIjoiYWtoaWxtYW5kYWxmYW1pbHlAb3V0bG9vay5jb20iLCJfaWQiOiI2NDlhYTY5MTcyN2NhMTQ2ODAwNzljMTciLCJpYXQiOjE2ODc4NTY4MDMsImV4cCI6MTY4Nzg2NzYwM30.VB975CZ4Y9fjYUL0DQ3s09ByS8pl-4Xg0WwjnaDZc1E HTTP/1.1" 400 163 "-" "PostmanRuntime/7.32.3"

info: ::1 - - [27/Jun/2023:09:38:11 +0000] "PUT /api/v1/users/resetpassword/eyJhbGciOiJIUzI1NiIsInR5cCI6IkpXVCJ9.eyJlbWFpbElkIjoiYWtoaWxtYW5kYWxmYW1pbHlAb3V0bG9vay5jb20iLCJfaWQiOiI2NDlhYTY5MTcyN2NhMTQ2ODAwNzljMTciLCJpYXQiOjE2ODc4NTY4MDMsImV4cCI6MTY4Nzg2NzYwM30.VB975CZ4Y9fjYUL0DQ3s09ByS8pl-4Xg0WwjnaDZc1E HTTP/1.1" 400 163 "-" "PostmanRuntime/7.32.3"

info: ::1 - - [27/Jun/2023:09:39:56 +0000] "PUT /api/v1/users/resetpassword/eyJhbGciOiJIUzI1NiIsInR5cCI6IkpXVCJ9.eyJlbWFpbElkIjoiYWtoaWxtYW5kYWxmYW1pbHlAb3V0bG9vay5jb20iLCJfaWQiOiI2NDlhYTY5MTcyN2NhMTQ2ODAwNzljMTciLCJpYXQiOjE2ODc4NTY4MDMsImV4cCI6MTY4Nzg2NzYwM30.VB975CZ4Y9fjYUL0DQ3s09ByS8pl-4Xg0WwjnaDZc1E HTTP/1.1" 202 336 "-" "PostmanRuntime/7.32.3"

info: ::1 - - [27/Jun/2023:09:40:03 +0000] "PUT /api/v1/users/resetpassword/eyJhbGciOiJIUzI1NiIsInR5cCI6IkpXVCJ9.eyJlbWFpbElkIjoiYWtoaWxtYW5kYWxmYW1pbHlAb3V0bG9vay5jb20iLCJfaWQiOiI2NDlhYTY5MTcyN2NhMTQ2ODAwNzljMTciLCJpYXQiOjE2ODc4NTY4MDMsImV4cCI6MTY4Nzg2NzYwM30.VB975CZ4Y9fjYUL0DQ3s09ByS8pl-4Xg0WwjnaDZc1E HTTP/1.1" 202 336 "-" "PostmanRuntime/7.32.3"

info: ::1 - - [27/Jun/2023:09:40:05 +0000] "PUT /api/v1/users/resetpassword/eyJhbGciOiJIUzI1NiIsInR5cCI6IkpXVCJ9.eyJlbWFpbElkIjoiYWtoaWxtYW5kYWxmYW1pbHlAb3V0bG9vay5jb20iLCJfaWQiOiI2NDlhYTY5MTcyN2NhMTQ2ODAwNzljMTciLCJpYXQiOjE2ODc4NTY4MDMsImV4cCI6MTY4Nzg2NzYwM30.VB975CZ4Y9fjYUL0DQ3s09ByS8pl-4Xg0WwjnaDZc1E HTTP/1.1" 202 336 "-" "PostmanRuntime/7.32.3"

info: ::ffff:127.0.0.1 - - [27/Jun/2023:09:58:02 +0000] "GET /api/v1/users HTTP/1.1" 404 47 "-" "node-superagent/3.8.3"

error: uncaughtException: expected 404 to equal 200
AssertionError: expected 404 to equal 200
    at Test.<anonymous> (/home/akhil/CFP238/Fundoo_Note/FundooNote/tests/integration/user.test.js:34:40)
    at Test.assert (/home/akhil/CFP238/Fundoo_Note/FundooNote/node_modules/supertest/lib/test.js:181:6)
    at Server.localAssert (/home/akhil/CFP238/Fundoo_Note/FundooNote/node_modules/supertest/lib/test.js:131:12)
    at Object.onceWrapper (node:events:625:28)
    at Server.emit (node:events:511:28)
    at emitCloseNT (node:net:2223:8)
    at processTicksAndRejections (node:internal/process/task_queues:81:21) {"date":"Tue Jun 27 2023 15:28:02 GMT+0530 (India Standard Time)","error":{"actual":404,"expected":200,"message":"expected 404 to equal 200","name":"AssertionError","operator":"strictEqual","showDiff":true,"stack":"AssertionError: expected 404 to equal 200\n    at Test.<anonymous> (/home/akhil/CFP238/Fundoo_Note/FundooNote/tests/integration/user.test.js:34:40)\n    at Test.assert (/home/akhil/CFP238/Fundoo_Note/FundooNote/node_modules/supertest/lib/test.js:181:6)\n    at Server.localAssert (/home/akhil/CFP238/Fundoo_Note/FundooNote/node_modules/supertest/lib/test.js:131:12)\n    at Object.onceWrapper (node:events:625:28)\n    at Server.emit (node:events:511:28)\n    at emitCloseNT (node:net:2223:8)\n    at processTicksAndRejections (node:internal/process/task_queues:81:21)"},"exception":true,"os":{"loadavg":[1.31,0.74,0.61],"uptime":29695.54},"process":{"argv":["/usr/bin/node","/home/akhil/CFP238/Fundoo_Note/FundooNote/node_modules/.bin/mocha","--exit","--recursive","--require","@babel/register","--timeout=5000","tests/integration/user.test.js","tests/unit/user.test.js"],"cwd":"/home/akhil/CFP238/Fundoo_Note/FundooNote","execPath":"/usr/bin/node","gid":1000,"memoryUsage":{"arrayBuffers":18304027,"external":20697387,"heapTotal":133713920,"heapUsed":100717912,"rss":190951424},"pid":21725,"uid":1000,"version":"v20.3.1"},"stack":"AssertionError: expected 404 to equal 200\n    at Test.<anonymous> (/home/akhil/CFP238/Fundoo_Note/FundooNote/tests/integration/user.test.js:34:40)\n    at Test.assert (/home/akhil/CFP238/Fundoo_Note/FundooNote/node_modules/supertest/lib/test.js:181:6)\n    at Server.localAssert (/home/akhil/CFP238/Fundoo_Note/FundooNote/node_modules/supertest/lib/test.js:131:12)\n    at Object.onceWrapper (node:events:625:28)\n    at Server.emit (node:events:511:28)\n    at emitCloseNT (node:net:2223:8)\n    at processTicksAndRejections (node:internal/process/task_queues:81:21)","trace":[{"column":40,"file":"/home/akhil/CFP238/Fundoo_Note/FundooNote/tests/integration/user.test.js","function":null,"line":34,"method":null,"native":false},{"column":6,"file":"/home/akhil/CFP238/Fundoo_Note/FundooNote/node_modules/supertest/lib/test.js","function":"Test.assert","line":181,"method":"assert","native":false},{"column":12,"file":"/home/akhil/CFP238/Fundoo_Note/FundooNote/node_modules/supertest/lib/test.js","function":"Server.localAssert","line":131,"method":"localAssert","native":false},{"column":28,"file":"node:events","function":"Object.onceWrapper","line":625,"method":"onceWrapper","native":false},{"column":28,"file":"node:events","function":"Server.emit","line":511,"method":"emit","native":false},{"column":8,"file":"node:net","function":"emitCloseNT","line":2223,"method":null,"native":false},{"column":21,"file":"node:internal/process/task_queues","function":"processTicksAndRejections","line":81,"method":null,"native":false}]}
info: ::ffff:127.0.0.1 - - [27/Jun/2023:10:01:34 +0000] "GET /api/v1/users HTTP/1.1" 404 47 "-" "node-superagent/3.8.3"

error: uncaughtException: expected 404 to equal 200
AssertionError: expected 404 to equal 200
    at Test.<anonymous> (/home/akhil/CFP238/Fundoo_Note/FundooNote/tests/integration/user.test.js:34:40)
    at Test.assert (/home/akhil/CFP238/Fundoo_Note/FundooNote/node_modules/supertest/lib/test.js:181:6)
    at Server.localAssert (/home/akhil/CFP238/Fundoo_Note/FundooNote/node_modules/supertest/lib/test.js:131:12)
    at Object.onceWrapper (node:events:625:28)
    at Server.emit (node:events:511:28)
    at emitCloseNT (node:net:2223:8)
    at processTicksAndRejections (node:internal/process/task_queues:81:21) {"date":"Tue Jun 27 2023 15:31:34 GMT+0530 (India Standard Time)","error":{"actual":404,"expected":200,"message":"expected 404 to equal 200","name":"AssertionError","operator":"strictEqual","showDiff":true,"stack":"AssertionError: expected 404 to equal 200\n    at Test.<anonymous> (/home/akhil/CFP238/Fundoo_Note/FundooNote/tests/integration/user.test.js:34:40)\n    at Test.assert (/home/akhil/CFP238/Fundoo_Note/FundooNote/node_modules/supertest/lib/test.js:181:6)\n    at Server.localAssert (/home/akhil/CFP238/Fundoo_Note/FundooNote/node_modules/supertest/lib/test.js:131:12)\n    at Object.onceWrapper (node:events:625:28)\n    at Server.emit (node:events:511:28)\n    at emitCloseNT (node:net:2223:8)\n    at processTicksAndRejections (node:internal/process/task_queues:81:21)"},"exception":true,"os":{"loadavg":[0.54,0.63,0.6],"uptime":29906.78},"process":{"argv":["/usr/bin/node","/home/akhil/CFP238/Fundoo_Note/FundooNote/node_modules/.bin/mocha","--exit","--recursive","--require","@babel/register","--timeout=5000","tests/integration/user.test.js","tests/unit/user.test.js"],"cwd":"/home/akhil/CFP238/Fundoo_Note/FundooNote","execPath":"/usr/bin/node","gid":1000,"memoryUsage":{"arrayBuffers":18765629,"external":21158521,"heapTotal":121778176,"heapUsed":87281056,"rss":182726656},"pid":21904,"uid":1000,"version":"v20.3.1"},"stack":"AssertionError: expected 404 to equal 200\n    at Test.<anonymous> (/home/akhil/CFP238/Fundoo_Note/FundooNote/tests/integration/user.test.js:34:40)\n    at Test.assert (/home/akhil/CFP238/Fundoo_Note/FundooNote/node_modules/supertest/lib/test.js:181:6)\n    at Server.localAssert (/home/akhil/CFP238/Fundoo_Note/FundooNote/node_modules/supertest/lib/test.js:131:12)\n    at Object.onceWrapper (node:events:625:28)\n    at Server.emit (node:events:511:28)\n    at emitCloseNT (node:net:2223:8)\n    at processTicksAndRejections (node:internal/process/task_queues:81:21)","trace":[{"column":40,"file":"/home/akhil/CFP238/Fundoo_Note/FundooNote/tests/integration/user.test.js","function":null,"line":34,"method":null,"native":false},{"column":6,"file":"/home/akhil/CFP238/Fundoo_Note/FundooNote/node_modules/supertest/lib/test.js","function":"Test.assert","line":181,"method":"assert","native":false},{"column":12,"file":"/home/akhil/CFP238/Fundoo_Note/FundooNote/node_modules/supertest/lib/test.js","function":"Server.localAssert","line":131,"method":"localAssert","native":false},{"column":28,"file":"node:events","function":"Object.onceWrapper","line":625,"method":"onceWrapper","native":false},{"column":28,"file":"node:events","function":"Server.emit","line":511,"method":"emit","native":false},{"column":8,"file":"node:net","function":"emitCloseNT","line":2223,"method":null,"native":false},{"column":21,"file":"node:internal/process/task_queues","function":"processTicksAndRejections","line":81,"method":null,"native":false}]}
info: ::ffff:127.0.0.1 - - [27/Jun/2023:10:09:03 +0000] "POST /api/v1/users HTTP/1.1" 500 60 "-" "node-superagent/3.8.3"

error: uncaughtException: expected 500 to equal 400
AssertionError: expected 500 to equal 400
    at Test.<anonymous> (/home/akhil/CFP238/Fundoo_Note/FundooNote/tests/integration/user.test.js:57:40)
    at Test.assert (/home/akhil/CFP238/Fundoo_Note/FundooNote/node_modules/supertest/lib/test.js:181:6)
    at Server.localAssert (/home/akhil/CFP238/Fundoo_Note/FundooNote/node_modules/supertest/lib/test.js:131:12)
    at Object.onceWrapper (node:events:625:28)
    at Server.emit (node:events:511:28)
    at emitCloseNT (node:net:2223:8)
    at processTicksAndRejections (node:internal/process/task_queues:81:21) {"date":"Tue Jun 27 2023 15:39:03 GMT+0530 (India Standard Time)","error":{"actual":500,"expected":400,"message":"expected 500 to equal 400","name":"AssertionError","operator":"strictEqual","showDiff":true,"stack":"AssertionError: expected 500 to equal 400\n    at Test.<anonymous> (/home/akhil/CFP238/Fundoo_Note/FundooNote/tests/integration/user.test.js:57:40)\n    at Test.assert (/home/akhil/CFP238/Fundoo_Note/FundooNote/node_modules/supertest/lib/test.js:181:6)\n    at Server.localAssert (/home/akhil/CFP238/Fundoo_Note/FundooNote/node_modules/supertest/lib/test.js:131:12)\n    at Object.onceWrapper (node:events:625:28)\n    at Server.emit (node:events:511:28)\n    at emitCloseNT (node:net:2223:8)\n    at processTicksAndRejections (node:internal/process/task_queues:81:21)"},"exception":true,"os":{"loadavg":[1.65,1,0.75],"uptime":30356.47},"process":{"argv":["/usr/bin/node","/home/akhil/CFP238/Fundoo_Note/FundooNote/node_modules/.bin/mocha","--exit","--recursive","--require","@babel/register","--timeout=5000","tests/integration/user.test.js","tests/unit/user.test.js"],"cwd":"/home/akhil/CFP238/Fundoo_Note/FundooNote","execPath":"/usr/bin/node","gid":1000,"memoryUsage":{"arrayBuffers":19348915,"external":21741807,"heapTotal":122159104,"heapUsed":92796456,"rss":179564544},"pid":22137,"uid":1000,"version":"v20.3.1"},"stack":"AssertionError: expected 500 to equal 400\n    at Test.<anonymous> (/home/akhil/CFP238/Fundoo_Note/FundooNote/tests/integration/user.test.js:57:40)\n    at Test.assert (/home/akhil/CFP238/Fundoo_Note/FundooNote/node_modules/supertest/lib/test.js:181:6)\n    at Server.localAssert (/home/akhil/CFP238/Fundoo_Note/FundooNote/node_modules/supertest/lib/test.js:131:12)\n    at Object.onceWrapper (node:events:625:28)\n    at Server.emit (node:events:511:28)\n    at emitCloseNT (node:net:2223:8)\n    at processTicksAndRejections (node:internal/process/task_queues:81:21)","trace":[{"column":40,"file":"/home/akhil/CFP238/Fundoo_Note/FundooNote/tests/integration/user.test.js","function":null,"line":57,"method":null,"native":false},{"column":6,"file":"/home/akhil/CFP238/Fundoo_Note/FundooNote/node_modules/supertest/lib/test.js","function":"Test.assert","line":181,"method":"assert","native":false},{"column":12,"file":"/home/akhil/CFP238/Fundoo_Note/FundooNote/node_modules/supertest/lib/test.js","function":"Server.localAssert","line":131,"method":"localAssert","native":false},{"column":28,"file":"node:events","function":"Object.onceWrapper","line":625,"method":"onceWrapper","native":false},{"column":28,"file":"node:events","function":"Server.emit","line":511,"method":"emit","native":false},{"column":8,"file":"node:net","function":"emitCloseNT","line":2223,"method":null,"native":false},{"column":21,"file":"node:internal/process/task_queues","function":"processTicksAndRejections","line":81,"method":null,"native":false}]}
info: ::ffff:127.0.0.1 - - [27/Jun/2023:10:10:09 +0000] "POST /api/v1/users HTTP/1.1" 500 60 "-" "node-superagent/3.8.3"

error: uncaughtException: expected 500 to equal 400
AssertionError: expected 500 to equal 400
    at Test.<anonymous> (/home/akhil/CFP238/Fundoo_Note/FundooNote/tests/integration/user.test.js:57:40)
    at Test.assert (/home/akhil/CFP238/Fundoo_Note/FundooNote/node_modules/supertest/lib/test.js:181:6)
    at Server.localAssert (/home/akhil/CFP238/Fundoo_Note/FundooNote/node_modules/supertest/lib/test.js:131:12)
    at Object.onceWrapper (node:events:625:28)
    at Server.emit (node:events:511:28)
    at emitCloseNT (node:net:2223:8)
    at processTicksAndRejections (node:internal/process/task_queues:81:21) {"date":"Tue Jun 27 2023 15:40:09 GMT+0530 (India Standard Time)","error":{"actual":500,"expected":400,"message":"expected 500 to equal 400","name":"AssertionError","operator":"strictEqual","showDiff":true,"stack":"AssertionError: expected 500 to equal 400\n    at Test.<anonymous> (/home/akhil/CFP238/Fundoo_Note/FundooNote/tests/integration/user.test.js:57:40)\n    at Test.assert (/home/akhil/CFP238/Fundoo_Note/FundooNote/node_modules/supertest/lib/test.js:181:6)\n    at Server.localAssert (/home/akhil/CFP238/Fundoo_Note/FundooNote/node_modules/supertest/lib/test.js:131:12)\n    at Object.onceWrapper (node:events:625:28)\n    at Server.emit (node:events:511:28)\n    at emitCloseNT (node:net:2223:8)\n    at processTicksAndRejections (node:internal/process/task_queues:81:21)"},"exception":true,"os":{"loadavg":[2.18,1.24,0.85],"uptime":30422.48},"process":{"argv":["/usr/bin/node","/home/akhil/CFP238/Fundoo_Note/FundooNote/node_modules/.bin/mocha","--exit","--recursive","--require","@babel/register","--timeout=5000","tests/integration/user.test.js","tests/unit/user.test.js"],"cwd":"/home/akhil/CFP238/Fundoo_Note/FundooNote","execPath":"/usr/bin/node","gid":1000,"memoryUsage":{"arrayBuffers":19349134,"external":21742046,"heapTotal":122421248,"heapUsed":92553512,"rss":180711424},"pid":22275,"uid":1000,"version":"v20.3.1"},"stack":"AssertionError: expected 500 to equal 400\n    at Test.<anonymous> (/home/akhil/CFP238/Fundoo_Note/FundooNote/tests/integration/user.test.js:57:40)\n    at Test.assert (/home/akhil/CFP238/Fundoo_Note/FundooNote/node_modules/supertest/lib/test.js:181:6)\n    at Server.localAssert (/home/akhil/CFP238/Fundoo_Note/FundooNote/node_modules/supertest/lib/test.js:131:12)\n    at Object.onceWrapper (node:events:625:28)\n    at Server.emit (node:events:511:28)\n    at emitCloseNT (node:net:2223:8)\n    at processTicksAndRejections (node:internal/process/task_queues:81:21)","trace":[{"column":40,"file":"/home/akhil/CFP238/Fundoo_Note/FundooNote/tests/integration/user.test.js","function":null,"line":57,"method":null,"native":false},{"column":6,"file":"/home/akhil/CFP238/Fundoo_Note/FundooNote/node_modules/supertest/lib/test.js","function":"Test.assert","line":181,"method":"assert","native":false},{"column":12,"file":"/home/akhil/CFP238/Fundoo_Note/FundooNote/node_modules/supertest/lib/test.js","function":"Server.localAssert","line":131,"method":"localAssert","native":false},{"column":28,"file":"node:events","function":"Object.onceWrapper","line":625,"method":"onceWrapper","native":false},{"column":28,"file":"node:events","function":"Server.emit","line":511,"method":"emit","native":false},{"column":8,"file":"node:net","function":"emitCloseNT","line":2223,"method":null,"native":false},{"column":21,"file":"node:internal/process/task_queues","function":"processTicksAndRejections","line":81,"method":null,"native":false}]}
info: ::ffff:127.0.0.1 - - [27/Jun/2023:10:45:10 +0000] "POST /api/v1/users HTTP/1.1" 500 60 "-" "node-superagent/3.8.3"

info: ::ffff:127.0.0.1 - - [27/Jun/2023:11:04:27 +0000] "POST /api/v1/users HTTP/1.1" 500 60 "-" "node-superagent/3.8.3"

error: uncaughtException: expected 500 to equal 400
AssertionError: expected 500 to equal 400
    at Test.<anonymous> (/home/akhil/CFP238/Fundoo_Note/FundooNote/tests/integration/user.test.js:57:40)
    at Test.assert (/home/akhil/CFP238/Fundoo_Note/FundooNote/node_modules/supertest/lib/test.js:181:6)
    at Server.localAssert (/home/akhil/CFP238/Fundoo_Note/FundooNote/node_modules/supertest/lib/test.js:131:12)
    at Object.onceWrapper (node:events:625:28)
    at Server.emit (node:events:511:28)
    at emitCloseNT (node:net:2223:8)
    at processTicksAndRejections (node:internal/process/task_queues:81:21) {"date":"Tue Jun 27 2023 16:34:27 GMT+0530 (India Standard Time)","error":{"actual":500,"expected":400,"message":"expected 500 to equal 400","name":"AssertionError","operator":"strictEqual","showDiff":true,"stack":"AssertionError: expected 500 to equal 400\n    at Test.<anonymous> (/home/akhil/CFP238/Fundoo_Note/FundooNote/tests/integration/user.test.js:57:40)\n    at Test.assert (/home/akhil/CFP238/Fundoo_Note/FundooNote/node_modules/supertest/lib/test.js:181:6)\n    at Server.localAssert (/home/akhil/CFP238/Fundoo_Note/FundooNote/node_modules/supertest/lib/test.js:131:12)\n    at Object.onceWrapper (node:events:625:28)\n    at Server.emit (node:events:511:28)\n    at emitCloseNT (node:net:2223:8)\n    at processTicksAndRejections (node:internal/process/task_queues:81:21)"},"exception":true,"os":{"loadavg":[0.73,0.73,0.58],"uptime":1254.45},"process":{"argv":["/usr/bin/node","/home/akhil/CFP238/Fundoo_Note/FundooNote/node_modules/.bin/mocha","--exit","--recursive","--require","@babel/register","--timeout=5000","tests/integration/user.test.js","tests/unit/user.test.js"],"cwd":"/home/akhil/CFP238/Fundoo_Note/FundooNote","execPath":"/usr/bin/node","gid":1000,"memoryUsage":{"arrayBuffers":19044963,"external":21437875,"heapTotal":129904640,"heapUsed":99138344,"rss":190627840},"pid":5631,"uid":1000,"version":"v20.3.1"},"stack":"AssertionError: expected 500 to equal 400\n    at Test.<anonymous> (/home/akhil/CFP238/Fundoo_Note/FundooNote/tests/integration/user.test.js:57:40)\n    at Test.assert (/home/akhil/CFP238/Fundoo_Note/FundooNote/node_modules/supertest/lib/test.js:181:6)\n    at Server.localAssert (/home/akhil/CFP238/Fundoo_Note/FundooNote/node_modules/supertest/lib/test.js:131:12)\n    at Object.onceWrapper (node:events:625:28)\n    at Server.emit (node:events:511:28)\n    at emitCloseNT (node:net:2223:8)\n    at processTicksAndRejections (node:internal/process/task_queues:81:21)","trace":[{"column":40,"file":"/home/akhil/CFP238/Fundoo_Note/FundooNote/tests/integration/user.test.js","function":null,"line":57,"method":null,"native":false},{"column":6,"file":"/home/akhil/CFP238/Fundoo_Note/FundooNote/node_modules/supertest/lib/test.js","function":"Test.assert","line":181,"method":"assert","native":false},{"column":12,"file":"/home/akhil/CFP238/Fundoo_Note/FundooNote/node_modules/supertest/lib/test.js","function":"Server.localAssert","line":131,"method":"localAssert","native":false},{"column":28,"file":"node:events","function":"Object.onceWrapper","line":625,"method":"onceWrapper","native":false},{"column":28,"file":"node:events","function":"Server.emit","line":511,"method":"emit","native":false},{"column":8,"file":"node:net","function":"emitCloseNT","line":2223,"method":null,"native":false},{"column":21,"file":"node:internal/process/task_queues","function":"processTicksAndRejections","line":81,"method":null,"native":false}]}
info: ::ffff:127.0.0.1 - - [27/Jun/2023:11:12:04 +0000] "POST /api/v1/users HTTP/1.1" 500 60 "-" "node-superagent/3.8.3"

error: uncaughtException: expected 500 to equal 400
AssertionError: expected 500 to equal 400
    at Test.<anonymous> (/home/akhil/CFP238/Fundoo_Note/FundooNote/tests/integration/user.test.js:58:40)
    at Test.assert (/home/akhil/CFP238/Fundoo_Note/FundooNote/node_modules/supertest/lib/test.js:181:6)
    at Server.localAssert (/home/akhil/CFP238/Fundoo_Note/FundooNote/node_modules/supertest/lib/test.js:131:12)
    at Object.onceWrapper (node:events:625:28)
    at Server.emit (node:events:511:28)
    at emitCloseNT (node:net:2223:8)
    at processTicksAndRejections (node:internal/process/task_queues:81:21) {"date":"Tue Jun 27 2023 16:42:04 GMT+0530 (India Standard Time)","error":{"actual":500,"expected":400,"message":"expected 500 to equal 400","name":"AssertionError","operator":"strictEqual","showDiff":true,"stack":"AssertionError: expected 500 to equal 400\n    at Test.<anonymous> (/home/akhil/CFP238/Fundoo_Note/FundooNote/tests/integration/user.test.js:58:40)\n    at Test.assert (/home/akhil/CFP238/Fundoo_Note/FundooNote/node_modules/supertest/lib/test.js:181:6)\n    at Server.localAssert (/home/akhil/CFP238/Fundoo_Note/FundooNote/node_modules/supertest/lib/test.js:131:12)\n    at Object.onceWrapper (node:events:625:28)\n    at Server.emit (node:events:511:28)\n    at emitCloseNT (node:net:2223:8)\n    at processTicksAndRejections (node:internal/process/task_queues:81:21)"},"exception":true,"os":{"loadavg":[0.72,0.52,0.51],"uptime":1711.72},"process":{"argv":["/usr/bin/node","/home/akhil/CFP238/Fundoo_Note/FundooNote/node_modules/.bin/mocha","--exit","--recursive","--require","@babel/register","--timeout=5000","tests/integration/user.test.js","tests/unit/user.test.js"],"cwd":"/home/akhil/CFP238/Fundoo_Note/FundooNote","execPath":"/usr/bin/node","gid":1000,"memoryUsage":{"arrayBuffers":20956036,"external":23348928,"heapTotal":124440576,"heapUsed":98424240,"rss":184467456},"pid":5868,"uid":1000,"version":"v20.3.1"},"stack":"AssertionError: expected 500 to equal 400\n    at Test.<anonymous> (/home/akhil/CFP238/Fundoo_Note/FundooNote/tests/integration/user.test.js:58:40)\n    at Test.assert (/home/akhil/CFP238/Fundoo_Note/FundooNote/node_modules/supertest/lib/test.js:181:6)\n    at Server.localAssert (/home/akhil/CFP238/Fundoo_Note/FundooNote/node_modules/supertest/lib/test.js:131:12)\n    at Object.onceWrapper (node:events:625:28)\n    at Server.emit (node:events:511:28)\n    at emitCloseNT (node:net:2223:8)\n    at processTicksAndRejections (node:internal/process/task_queues:81:21)","trace":[{"column":40,"file":"/home/akhil/CFP238/Fundoo_Note/FundooNote/tests/integration/user.test.js","function":null,"line":58,"method":null,"native":false},{"column":6,"file":"/home/akhil/CFP238/Fundoo_Note/FundooNote/node_modules/supertest/lib/test.js","function":"Test.assert","line":181,"method":"assert","native":false},{"column":12,"file":"/home/akhil/CFP238/Fundoo_Note/FundooNote/node_modules/supertest/lib/test.js","function":"Server.localAssert","line":131,"method":"localAssert","native":false},{"column":28,"file":"node:events","function":"Object.onceWrapper","line":625,"method":"onceWrapper","native":false},{"column":28,"file":"node:events","function":"Server.emit","line":511,"method":"emit","native":false},{"column":8,"file":"node:net","function":"emitCloseNT","line":2223,"method":null,"native":false},{"column":21,"file":"node:internal/process/task_queues","function":"processTicksAndRejections","line":81,"method":null,"native":false}]}
info: ::ffff:127.0.0.1 - - [27/Jun/2023:11:13:01 +0000] "POST /api/v1/users HTTP/1.1" 201 326 "-" "node-superagent/3.8.3"

info: ::ffff:127.0.0.1 - - [27/Jun/2023:11:13:01 +0000] "POST /api/v1/users HTTP/1.1" 500 60 "-" "node-superagent/3.8.3"

error: uncaughtException: expected 500 to equal 400
AssertionError: expected 500 to equal 400
    at Test.<anonymous> (/home/akhil/CFP238/Fundoo_Note/FundooNote/tests/integration/user.test.js:58:40)
    at Test.assert (/home/akhil/CFP238/Fundoo_Note/FundooNote/node_modules/supertest/lib/test.js:181:6)
    at Server.localAssert (/home/akhil/CFP238/Fundoo_Note/FundooNote/node_modules/supertest/lib/test.js:131:12)
    at Object.onceWrapper (node:events:625:28)
    at Server.emit (node:events:511:28)
    at emitCloseNT (node:net:2223:8)
    at processTicksAndRejections (node:internal/process/task_queues:81:21) {"date":"Tue Jun 27 2023 16:43:01 GMT+0530 (India Standard Time)","error":{"actual":500,"expected":400,"message":"expected 500 to equal 400","name":"AssertionError","operator":"strictEqual","showDiff":true,"stack":"AssertionError: expected 500 to equal 400\n    at Test.<anonymous> (/home/akhil/CFP238/Fundoo_Note/FundooNote/tests/integration/user.test.js:58:40)\n    at Test.assert (/home/akhil/CFP238/Fundoo_Note/FundooNote/node_modules/supertest/lib/test.js:181:6)\n    at Server.localAssert (/home/akhil/CFP238/Fundoo_Note/FundooNote/node_modules/supertest/lib/test.js:131:12)\n    at Object.onceWrapper (node:events:625:28)\n    at Server.emit (node:events:511:28)\n    at emitCloseNT (node:net:2223:8)\n    at processTicksAndRejections (node:internal/process/task_queues:81:21)"},"exception":true,"os":{"loadavg":[0.41,0.46,0.49],"uptime":1768.91},"process":{"argv":["/usr/bin/node","/home/akhil/CFP238/Fundoo_Note/FundooNote/node_modules/.bin/mocha","--exit","--recursive","--require","@babel/register","--timeout=5000","tests/integration/user.test.js","tests/unit/user.test.js"],"cwd":"/home/akhil/CFP238/Fundoo_Note/FundooNote","execPath":"/usr/bin/node","gid":1000,"memoryUsage":{"arrayBuffers":20132490,"external":22525382,"heapTotal":124727296,"heapUsed":96441040,"rss":183738368},"pid":6005,"uid":1000,"version":"v20.3.1"},"stack":"AssertionError: expected 500 to equal 400\n    at Test.<anonymous> (/home/akhil/CFP238/Fundoo_Note/FundooNote/tests/integration/user.test.js:58:40)\n    at Test.assert (/home/akhil/CFP238/Fundoo_Note/FundooNote/node_modules/supertest/lib/test.js:181:6)\n    at Server.localAssert (/home/akhil/CFP238/Fundoo_Note/FundooNote/node_modules/supertest/lib/test.js:131:12)\n    at Object.onceWrapper (node:events:625:28)\n    at Server.emit (node:events:511:28)\n    at emitCloseNT (node:net:2223:8)\n    at processTicksAndRejections (node:internal/process/task_queues:81:21)","trace":[{"column":40,"file":"/home/akhil/CFP238/Fundoo_Note/FundooNote/tests/integration/user.test.js","function":null,"line":58,"method":null,"native":false},{"column":6,"file":"/home/akhil/CFP238/Fundoo_Note/FundooNote/node_modules/supertest/lib/test.js","function":"Test.assert","line":181,"method":"assert","native":false},{"column":12,"file":"/home/akhil/CFP238/Fundoo_Note/FundooNote/node_modules/supertest/lib/test.js","function":"Server.localAssert","line":131,"method":"localAssert","native":false},{"column":28,"file":"node:events","function":"Object.onceWrapper","line":625,"method":"onceWrapper","native":false},{"column":28,"file":"node:events","function":"Server.emit","line":511,"method":"emit","native":false},{"column":8,"file":"node:net","function":"emitCloseNT","line":2223,"method":null,"native":false},{"column":21,"file":"node:internal/process/task_queues","function":"processTicksAndRejections","line":81,"method":null,"native":false}]}
info: ::ffff:127.0.0.1 - - [27/Jun/2023:11:46:20 +0000] "POST /api/v1/users HTTP/1.1" 201 326 "-" "node-superagent/3.8.3"

info: ::ffff:127.0.0.1 - - [27/Jun/2023:11:46:20 +0000] "POST /api/v1/users HTTP/1.1" 500 60 "-" "node-superagent/3.8.3"

error: uncaughtException: expected 500 to equal 400
AssertionError: expected 500 to equal 400
    at Test.<anonymous> (/home/akhil/CFP238/Fundoo_Note/FundooNote/tests/integration/user.test.js:58:40)
    at Test.assert (/home/akhil/CFP238/Fundoo_Note/FundooNote/node_modules/supertest/lib/test.js:181:6)
    at Server.localAssert (/home/akhil/CFP238/Fundoo_Note/FundooNote/node_modules/supertest/lib/test.js:131:12)
    at Object.onceWrapper (node:events:625:28)
    at Server.emit (node:events:511:28)
    at emitCloseNT (node:net:2223:8)
    at processTicksAndRejections (node:internal/process/task_queues:81:21) {"date":"Tue Jun 27 2023 17:16:20 GMT+0530 (India Standard Time)","error":{"actual":500,"expected":400,"message":"expected 500 to equal 400","name":"AssertionError","operator":"strictEqual","showDiff":true,"stack":"AssertionError: expected 500 to equal 400\n    at Test.<anonymous> (/home/akhil/CFP238/Fundoo_Note/FundooNote/tests/integration/user.test.js:58:40)\n    at Test.assert (/home/akhil/CFP238/Fundoo_Note/FundooNote/node_modules/supertest/lib/test.js:181:6)\n    at Server.localAssert (/home/akhil/CFP238/Fundoo_Note/FundooNote/node_modules/supertest/lib/test.js:131:12)\n    at Object.onceWrapper (node:events:625:28)\n    at Server.emit (node:events:511:28)\n    at emitCloseNT (node:net:2223:8)\n    at processTicksAndRejections (node:internal/process/task_queues:81:21)"},"exception":true,"os":{"loadavg":[1.76,1.22,1.21],"uptime":3767.36},"process":{"argv":["/usr/bin/node","/home/akhil/CFP238/Fundoo_Note/FundooNote/node_modules/.bin/mocha","--exit","--recursive","--require","@babel/register","--timeout=5000","tests/integration/user.test.js","tests/unit/user.test.js"],"cwd":"/home/akhil/CFP238/Fundoo_Note/FundooNote","execPath":"/usr/bin/node","gid":1000,"memoryUsage":{"arrayBuffers":19207462,"external":21600822,"heapTotal":125288448,"heapUsed":97699864,"rss":188338176},"pid":7229,"uid":1000,"version":"v20.3.1"},"stack":"AssertionError: expected 500 to equal 400\n    at Test.<anonymous> (/home/akhil/CFP238/Fundoo_Note/FundooNote/tests/integration/user.test.js:58:40)\n    at Test.assert (/home/akhil/CFP238/Fundoo_Note/FundooNote/node_modules/supertest/lib/test.js:181:6)\n    at Server.localAssert (/home/akhil/CFP238/Fundoo_Note/FundooNote/node_modules/supertest/lib/test.js:131:12)\n    at Object.onceWrapper (node:events:625:28)\n    at Server.emit (node:events:511:28)\n    at emitCloseNT (node:net:2223:8)\n    at processTicksAndRejections (node:internal/process/task_queues:81:21)","trace":[{"column":40,"file":"/home/akhil/CFP238/Fundoo_Note/FundooNote/tests/integration/user.test.js","function":null,"line":58,"method":null,"native":false},{"column":6,"file":"/home/akhil/CFP238/Fundoo_Note/FundooNote/node_modules/supertest/lib/test.js","function":"Test.assert","line":181,"method":"assert","native":false},{"column":12,"file":"/home/akhil/CFP238/Fundoo_Note/FundooNote/node_modules/supertest/lib/test.js","function":"Server.localAssert","line":131,"method":"localAssert","native":false},{"column":28,"file":"node:events","function":"Object.onceWrapper","line":625,"method":"onceWrapper","native":false},{"column":28,"file":"node:events","function":"Server.emit","line":511,"method":"emit","native":false},{"column":8,"file":"node:net","function":"emitCloseNT","line":2223,"method":null,"native":false},{"column":21,"file":"node:internal/process/task_queues","function":"processTicksAndRejections","line":81,"method":null,"native":false}]}
info: ::ffff:127.0.0.1 - - [27/Jun/2023:11:47:39 +0000] "POST /api/v1/users HTTP/1.1" 201 326 "-" "node-superagent/3.8.3"

info: ::ffff:127.0.0.1 - - [27/Jun/2023:11:47:39 +0000] "POST /api/v1/users HTTP/1.1" 500 60 "-" "node-superagent/3.8.3"

error: uncaughtException: expected 500 to equal 400
AssertionError: expected 500 to equal 400
    at Test.<anonymous> (/home/akhil/CFP238/Fundoo_Note/FundooNote/tests/integration/user.test.js:58:40)
    at Test.assert (/home/akhil/CFP238/Fundoo_Note/FundooNote/node_modules/supertest/lib/test.js:181:6)
    at Server.localAssert (/home/akhil/CFP238/Fundoo_Note/FundooNote/node_modules/supertest/lib/test.js:131:12)
    at Object.onceWrapper (node:events:625:28)
    at Server.emit (node:events:511:28)
    at emitCloseNT (node:net:2223:8)
    at processTicksAndRejections (node:internal/process/task_queues:81:21) {"date":"Tue Jun 27 2023 17:17:39 GMT+0530 (India Standard Time)","error":{"actual":500,"expected":400,"message":"expected 500 to equal 400","name":"AssertionError","operator":"strictEqual","showDiff":true,"stack":"AssertionError: expected 500 to equal 400\n    at Test.<anonymous> (/home/akhil/CFP238/Fundoo_Note/FundooNote/tests/integration/user.test.js:58:40)\n    at Test.assert (/home/akhil/CFP238/Fundoo_Note/FundooNote/node_modules/supertest/lib/test.js:181:6)\n    at Server.localAssert (/home/akhil/CFP238/Fundoo_Note/FundooNote/node_modules/supertest/lib/test.js:131:12)\n    at Object.onceWrapper (node:events:625:28)\n    at Server.emit (node:events:511:28)\n    at emitCloseNT (node:net:2223:8)\n    at processTicksAndRejections (node:internal/process/task_queues:81:21)"},"exception":true,"os":{"loadavg":[1.68,1.32,1.24],"uptime":3847.27},"process":{"argv":["/usr/bin/node","/home/akhil/CFP238/Fundoo_Note/FundooNote/node_modules/.bin/mocha","--exit","--recursive","--require","@babel/register","--timeout=5000","tests/integration/user.test.js","tests/unit/user.test.js"],"cwd":"/home/akhil/CFP238/Fundoo_Note/FundooNote","execPath":"/usr/bin/node","gid":1000,"memoryUsage":{"arrayBuffers":19288090,"external":21680982,"heapTotal":123191296,"heapUsed":92767440,"rss":184094720},"pid":7352,"uid":1000,"version":"v20.3.1"},"stack":"AssertionError: expected 500 to equal 400\n    at Test.<anonymous> (/home/akhil/CFP238/Fundoo_Note/FundooNote/tests/integration/user.test.js:58:40)\n    at Test.assert (/home/akhil/CFP238/Fundoo_Note/FundooNote/node_modules/supertest/lib/test.js:181:6)\n    at Server.localAssert (/home/akhil/CFP238/Fundoo_Note/FundooNote/node_modules/supertest/lib/test.js:131:12)\n    at Object.onceWrapper (node:events:625:28)\n    at Server.emit (node:events:511:28)\n    at emitCloseNT (node:net:2223:8)\n    at processTicksAndRejections (node:internal/process/task_queues:81:21)","trace":[{"column":40,"file":"/home/akhil/CFP238/Fundoo_Note/FundooNote/tests/integration/user.test.js","function":null,"line":58,"method":null,"native":false},{"column":6,"file":"/home/akhil/CFP238/Fundoo_Note/FundooNote/node_modules/supertest/lib/test.js","function":"Test.assert","line":181,"method":"assert","native":false},{"column":12,"file":"/home/akhil/CFP238/Fundoo_Note/FundooNote/node_modules/supertest/lib/test.js","function":"Server.localAssert","line":131,"method":"localAssert","native":false},{"column":28,"file":"node:events","function":"Object.onceWrapper","line":625,"method":"onceWrapper","native":false},{"column":28,"file":"node:events","function":"Server.emit","line":511,"method":"emit","native":false},{"column":8,"file":"node:net","function":"emitCloseNT","line":2223,"method":null,"native":false},{"column":21,"file":"node:internal/process/task_queues","function":"processTicksAndRejections","line":81,"method":null,"native":false}]}
info: ::ffff:127.0.0.1 - - [27/Jun/2023:11:48:00 +0000] "POST /api/v1/users HTTP/1.1" 201 326 "-" "node-superagent/3.8.3"

info: ::ffff:127.0.0.1 - - [27/Jun/2023:11:48:00 +0000] "POST /api/v1/users HTTP/1.1" 500 60 "-" "node-superagent/3.8.3"

error: uncaughtException: expected 500 to equal 400
AssertionError: expected 500 to equal 400
    at Test.<anonymous> (/home/akhil/CFP238/Fundoo_Note/FundooNote/tests/integration/user.test.js:58:40)
    at Test.assert (/home/akhil/CFP238/Fundoo_Note/FundooNote/node_modules/supertest/lib/test.js:181:6)
    at Server.localAssert (/home/akhil/CFP238/Fundoo_Note/FundooNote/node_modules/supertest/lib/test.js:131:12)
    at Object.onceWrapper (node:events:625:28)
    at Server.emit (node:events:511:28)
    at emitCloseNT (node:net:2223:8)
    at processTicksAndRejections (node:internal/process/task_queues:81:21) {"date":"Tue Jun 27 2023 17:18:00 GMT+0530 (India Standard Time)","error":{"actual":500,"expected":400,"message":"expected 500 to equal 400","name":"AssertionError","operator":"strictEqual","showDiff":true,"stack":"AssertionError: expected 500 to equal 400\n    at Test.<anonymous> (/home/akhil/CFP238/Fundoo_Note/FundooNote/tests/integration/user.test.js:58:40)\n    at Test.assert (/home/akhil/CFP238/Fundoo_Note/FundooNote/node_modules/supertest/lib/test.js:181:6)\n    at Server.localAssert (/home/akhil/CFP238/Fundoo_Note/FundooNote/node_modules/supertest/lib/test.js:131:12)\n    at Object.onceWrapper (node:events:625:28)\n    at Server.emit (node:events:511:28)\n    at emitCloseNT (node:net:2223:8)\n    at processTicksAndRejections (node:internal/process/task_queues:81:21)"},"exception":true,"os":{"loadavg":[1.42,1.28,1.23],"uptime":3867.59},"process":{"argv":["/usr/bin/node","/home/akhil/CFP238/Fundoo_Note/FundooNote/node_modules/.bin/mocha","--exit","--recursive","--require","@babel/register","--timeout=5000","tests/integration/user.test.js","tests/unit/user.test.js"],"cwd":"/home/akhil/CFP238/Fundoo_Note/FundooNote","execPath":"/usr/bin/node","gid":1000,"memoryUsage":{"arrayBuffers":19227780,"external":21621140,"heapTotal":125067264,"heapUsed":94162136,"rss":181489664},"pid":7437,"uid":1000,"version":"v20.3.1"},"stack":"AssertionError: expected 500 to equal 400\n    at Test.<anonymous> (/home/akhil/CFP238/Fundoo_Note/FundooNote/tests/integration/user.test.js:58:40)\n    at Test.assert (/home/akhil/CFP238/Fundoo_Note/FundooNote/node_modules/supertest/lib/test.js:181:6)\n    at Server.localAssert (/home/akhil/CFP238/Fundoo_Note/FundooNote/node_modules/supertest/lib/test.js:131:12)\n    at Object.onceWrapper (node:events:625:28)\n    at Server.emit (node:events:511:28)\n    at emitCloseNT (node:net:2223:8)\n    at processTicksAndRejections (node:internal/process/task_queues:81:21)","trace":[{"column":40,"file":"/home/akhil/CFP238/Fundoo_Note/FundooNote/tests/integration/user.test.js","function":null,"line":58,"method":null,"native":false},{"column":6,"file":"/home/akhil/CFP238/Fundoo_Note/FundooNote/node_modules/supertest/lib/test.js","function":"Test.assert","line":181,"method":"assert","native":false},{"column":12,"file":"/home/akhil/CFP238/Fundoo_Note/FundooNote/node_modules/supertest/lib/test.js","function":"Server.localAssert","line":131,"method":"localAssert","native":false},{"column":28,"file":"node:events","function":"Object.onceWrapper","line":625,"method":"onceWrapper","native":false},{"column":28,"file":"node:events","function":"Server.emit","line":511,"method":"emit","native":false},{"column":8,"file":"node:net","function":"emitCloseNT","line":2223,"method":null,"native":false},{"column":21,"file":"node:internal/process/task_queues","function":"processTicksAndRejections","line":81,"method":null,"native":false}]}
info: ::1 - - [27/Jun/2023:11:50:17 +0000] "POST /api/v1/users/ HTTP/1.1" 500 60 "-" "PostmanRuntime/7.32.3"

info: ::ffff:127.0.0.1 - - [27/Jun/2023:11:51:53 +0000] "POST /api/v1/users HTTP/1.1" 201 326 "-" "node-superagent/3.8.3"

info: ::ffff:127.0.0.1 - - [27/Jun/2023:11:51:53 +0000] "POST /api/v1/users HTTP/1.1" 400 72 "-" "node-superagent/3.8.3"

info: ::1 - - [28/Jun/2023:03:47:03 +0000] "POST /api/v1/users/ HTTP/1.1" 201 326 "-" "PostmanRuntime/7.32.3"

info: ::1 - - [28/Jun/2023:03:47:10 +0000] "POST /api/v1/users/ HTTP/1.1" 500 60 "-" "PostmanRuntime/7.32.3"

info: ::1 - - [28/Jun/2023:03:47:37 +0000] "POST /api/v1/users/login HTTP/1.1" 202 278 "-" "PostmanRuntime/7.32.3"

info: ::1 - - [28/Jun/2023:03:48:37 +0000] "POST /api/v1/notes HTTP/1.1" 201 288 "-" "PostmanRuntime/7.32.3"

info: ::1 - - [28/Jun/2023:03:49:21 +0000] "POST /api/v1/notes HTTP/1.1" 201 289 "-" "PostmanRuntime/7.32.3"

info: ::1 - - [28/Jun/2023:03:58:07 +0000] "POST /api/v1/notes/ HTTP/1.1" 201 294 "-" "PostmanRuntime/7.32.3"

info: ::1 - - [28/Jun/2023:03:58:54 +0000] "POST /api/v1/notes/ HTTP/1.1" 201 295 "-" "PostmanRuntime/7.32.3"

info: ::1 - - [28/Jun/2023:03:59:04 +0000] "POST /api/v1/notes/ HTTP/1.1" 201 294 "-" "PostmanRuntime/7.32.3"

info: ::1 - - [28/Jun/2023:03:59:34 +0000] "GET /api/v1/notes/ HTTP/1.1" 200 776 "-" "PostmanRuntime/7.32.3"

info: ::1 - - [28/Jun/2023:04:00:11 +0000] "GET /api/v1/notes/649bafcf39150718df28fa14 HTTP/1.1" 200 294 "-" "PostmanRuntime/7.32.3"

info: ::1 - - [28/Jun/2023:04:00:59 +0000] "PUT /api/v1/notes/649bafcf39150718df28fa14 HTTP/1.1" 202 304 "-" "PostmanRuntime/7.32.3"

info: ::1 - - [28/Jun/2023:04:01:26 +0000] "DELETE /api/v1/notes/649bafcf39150718df28fa14 HTTP/1.1" 400 93 "-" "PostmanRuntime/7.32.3"

info: ::1 - - [28/Jun/2023:04:02:42 +0000] "DELETE /api/v1/notes/649bafcf39150718df28fa14 HTTP/1.1" 400 93 "-" "PostmanRuntime/7.32.3"

info: ::1 - - [28/Jun/2023:04:04:52 +0000] "DELETE /api/v1/notes/649bafcf39150718df28fa14 HTTP/1.1" 400 93 "-" "PostmanRuntime/7.32.3"

info: ::1 - - [28/Jun/2023:04:05:45 +0000] "DELETE /api/v1/notes/649bafcf39150718df28fa14 HTTP/1.1" 400 60 "-" "PostmanRuntime/7.32.3"

info: ::1 - - [28/Jun/2023:04:06:34 +0000] "DELETE /api/v1/notes/649bafcf39150718df28fa14 HTTP/1.1" 200 60 "-" "PostmanRuntime/7.32.3"

info: ::1 - - [28/Jun/2023:04:07:55 +0000] "PUT /api/v1/notes/archive/649baffe39150718df28fa16 HTTP/1.1" 400 93 "-" "PostmanRuntime/7.32.3"

info: ::1 - - [28/Jun/2023:04:08:44 +0000] "PUT /api/v1/notes/archive/649baffe39150718df28fa16 HTTP/1.1" 200 295 "-" "PostmanRuntime/7.32.3"

info: ::1 - - [28/Jun/2023:04:08:45 +0000] "PUT /api/v1/notes/archive/649baffe39150718df28fa16 HTTP/1.1" 200 296 "-" "PostmanRuntime/7.32.3"

info: ::1 - - [28/Jun/2023:04:08:49 +0000] "PUT /api/v1/notes/archive/649baffe39150718df28fa16 HTTP/1.1" 200 295 "-" "PostmanRuntime/7.32.3"

info: ::1 - - [28/Jun/2023:04:09:00 +0000] "PUT /api/v1/notes/trash/649baffe39150718df28fa16 HTTP/1.1" 200 293 "-" "PostmanRuntime/7.32.3"

